[0.077s] Invoking command in '/home/codybui/dev_machine/build/my_package': CMAKE_PREFIX_PATH=/opt/ros/foxy /usr/bin/cmake --build /home/codybui/dev_machine/build/my_package -- -j16 -l16
[0.137s] Invoked command in '/home/codybui/dev_machine/build/my_package' returned '0': CMAKE_PREFIX_PATH=/opt/ros/foxy /usr/bin/cmake --build /home/codybui/dev_machine/build/my_package -- -j16 -l16
[0.182s] Invoking command in '/home/codybui/dev_machine/build/my_package': CMAKE_PREFIX_PATH=/opt/ros/foxy /usr/bin/cmake --install /home/codybui/dev_machine/build/my_package
[0.197s] -- Install configuration: ""
[0.198s] -- Up-to-date: /home/codybui/dev_machine/install/my_package/share/my_package/launch
[0.198s] -- Up-to-date: /home/codybui/dev_machine/install/my_package/share/my_package/launch/talker.launch.py
[0.200s] -- Up-to-date: /home/codybui/dev_machine/install/my_package/share/ament_index/resource_index/package_run_dependencies/my_package
[0.201s] -- Up-to-date: /home/codybui/dev_machine/install/my_package/share/ament_index/resource_index/parent_prefix_path/my_package
[0.206s] -- Up-to-date: /home/codybui/dev_machine/install/my_package/share/my_package/environment/ament_prefix_path.sh
[0.207s] -- Up-to-date: /home/codybui/dev_machine/install/my_package/share/my_package/environment/ament_prefix_path.dsv
[0.208s] -- Up-to-date: /home/codybui/dev_machine/install/my_package/share/my_package/environment/path.sh
[0.211s] -- Up-to-date: /home/codybui/dev_machine/install/my_package/share/my_package/environment/path.dsv
[0.212s] -- Up-to-date: /home/codybui/dev_machine/install/my_package/share/my_package/local_setup.bash
[0.214s] -- Up-to-date: /home/codybui/dev_machine/install/my_package/share/my_package/local_setup.sh
[0.214s] -- Up-to-date: /home/codybui/dev_machine/install/my_package/share/my_package/local_setup.zsh
[0.214s] -- Up-to-date: /home/codybui/dev_machine/install/my_package/share/my_package/local_setup.dsv
[0.214s] -- Installing: /home/codybui/dev_machine/install/my_package/share/my_package/package.dsv
[0.215s] -- Up-to-date: /home/codybui/dev_machine/install/my_package/share/ament_index/resource_index/packages/my_package
[0.215s] -- Up-to-date: /home/codybui/dev_machine/install/my_package/share/my_package/cmake/my_packageConfig.cmake
[0.215s] -- Up-to-date: /home/codybui/dev_machine/install/my_package/share/my_package/cmake/my_packageConfig-version.cmake
[0.215s] -- Up-to-date: /home/codybui/dev_machine/install/my_package/share/my_package/package.xml
[0.224s] Invoked command in '/home/codybui/dev_machine/build/my_package' returned '0': CMAKE_PREFIX_PATH=/opt/ros/foxy /usr/bin/cmake --install /home/codybui/dev_machine/build/my_package
