[0.054s] Invoking command in '/home/codybui/dev_machine/build/nav2_demo': CMAKE_PREFIX_PATH=/opt/ros/foxy /usr/bin/cmake --build /home/codybui/dev_machine/build/nav2_demo -- -j16 -l16
[0.110s] Invoked command in '/home/codybui/dev_machine/build/nav2_demo' returned '0': CMAKE_PREFIX_PATH=/opt/ros/foxy /usr/bin/cmake --build /home/codybui/dev_machine/build/nav2_demo -- -j16 -l16
[0.144s] Invoking command in '/home/codybui/dev_machine/build/nav2_demo': CMAKE_PREFIX_PATH=/opt/ros/foxy /usr/bin/cmake --install /home/codybui/dev_machine/build/nav2_demo
[0.164s] -- Install configuration: ""
[0.164s] -- Up-to-date: /home/codybui/dev_machine/install/nav2_demo/share/nav2_demo/launch
[0.165s] -- Up-to-date: /home/codybui/dev_machine/install/nav2_demo/share/nav2_demo/launch/localization_launch.py
[0.165s] -- Up-to-date: /home/codybui/dev_machine/install/nav2_demo/share/nav2_demo/launch/navigation_launch.py
[0.165s] -- Up-to-date: /home/codybui/dev_machine/install/nav2_demo/share/nav2_demo/config
[0.165s] -- Installing: /home/codybui/dev_machine/install/nav2_demo/share/nav2_demo/config/nav2_tweak2_params.yaml
[0.166s] -- Up-to-date: /home/codybui/dev_machine/install/nav2_demo/share/nav2_demo/config/nav2_tweak3_params.yaml
[0.166s] -- Up-to-date: /home/codybui/dev_machine/install/nav2_demo/share/nav2_demo/config/nav2_tweak_params.yaml
[0.166s] -- Up-to-date: /home/codybui/dev_machine/install/nav2_demo/share/nav2_demo/config/nav2_params.yaml
[0.166s] -- Up-to-date: /home/codybui/dev_machine/install/nav2_demo/share/nav2_demo/maps
[0.166s] -- Up-to-date: /home/codybui/dev_machine/install/nav2_demo/share/nav2_demo/maps/170_map.yaml
[0.167s] -- Up-to-date: /home/codybui/dev_machine/install/nav2_demo/share/nav2_demo/maps/demo3_map.yaml
[0.167s] -- Up-to-date: /home/codybui/dev_machine/install/nav2_demo/share/nav2_demo/maps/b1_map.yaml
[0.167s] -- Up-to-date: /home/codybui/dev_machine/install/nav2_demo/share/nav2_demo/maps/demo2_map.pgm
[0.167s] -- Up-to-date: /home/codybui/dev_machine/install/nav2_demo/share/nav2_demo/maps/170_map.pgm
[0.167s] -- Up-to-date: /home/codybui/dev_machine/install/nav2_demo/share/nav2_demo/maps/demo3_map.pgm
[0.167s] -- Up-to-date: /home/codybui/dev_machine/install/nav2_demo/share/nav2_demo/maps/demo_map.yaml
[0.167s] -- Up-to-date: /home/codybui/dev_machine/install/nav2_demo/share/nav2_demo/maps/demo_map.pgm
[0.167s] -- Up-to-date: /home/codybui/dev_machine/install/nav2_demo/share/nav2_demo/maps/b1_map.pgm
[0.167s] -- Up-to-date: /home/codybui/dev_machine/install/nav2_demo/share/nav2_demo/maps/demo2_map.yaml
[0.168s] -- Up-to-date: /home/codybui/dev_machine/install/nav2_demo/share/ament_index/resource_index/package_run_dependencies/nav2_demo
[0.168s] -- Up-to-date: /home/codybui/dev_machine/install/nav2_demo/share/ament_index/resource_index/parent_prefix_path/nav2_demo
[0.168s] -- Up-to-date: /home/codybui/dev_machine/install/nav2_demo/share/nav2_demo/environment/ament_prefix_path.sh
[0.168s] -- Up-to-date: /home/codybui/dev_machine/install/nav2_demo/share/nav2_demo/environment/ament_prefix_path.dsv
[0.168s] -- Up-to-date: /home/codybui/dev_machine/install/nav2_demo/share/nav2_demo/environment/path.sh
[0.168s] -- Up-to-date: /home/codybui/dev_machine/install/nav2_demo/share/nav2_demo/environment/path.dsv
[0.168s] -- Up-to-date: /home/codybui/dev_machine/install/nav2_demo/share/nav2_demo/local_setup.bash
[0.168s] -- Up-to-date: /home/codybui/dev_machine/install/nav2_demo/share/nav2_demo/local_setup.sh
[0.168s] -- Up-to-date: /home/codybui/dev_machine/install/nav2_demo/share/nav2_demo/local_setup.zsh
[0.169s] -- Up-to-date: /home/codybui/dev_machine/install/nav2_demo/share/nav2_demo/local_setup.dsv
[0.169s] -- Installing: /home/codybui/dev_machine/install/nav2_demo/share/nav2_demo/package.dsv
[0.169s] -- Up-to-date: /home/codybui/dev_machine/install/nav2_demo/share/ament_index/resource_index/packages/nav2_demo
[0.169s] -- Up-to-date: /home/codybui/dev_machine/install/nav2_demo/share/nav2_demo/cmake/nav2_demoConfig.cmake
[0.169s] -- Up-to-date: /home/codybui/dev_machine/install/nav2_demo/share/nav2_demo/cmake/nav2_demoConfig-version.cmake
[0.169s] -- Up-to-date: /home/codybui/dev_machine/install/nav2_demo/share/nav2_demo/package.xml
[0.201s] Invoked command in '/home/codybui/dev_machine/build/nav2_demo' returned '0': CMAKE_PREFIX_PATH=/opt/ros/foxy /usr/bin/cmake --install /home/codybui/dev_machine/build/nav2_demo
