[0.067s] Invoking command in '/home/codybui/dev_machine/build/robot-slam-demo': CMAKE_PREFIX_PATH=/opt/ros/foxy /usr/bin/cmake --build /home/codybui/dev_machine/build/robot-slam-demo -- -j16 -l16
[0.141s] Invoked command in '/home/codybui/dev_machine/build/robot-slam-demo' returned '0': CMAKE_PREFIX_PATH=/opt/ros/foxy /usr/bin/cmake --build /home/codybui/dev_machine/build/robot-slam-demo -- -j16 -l16
[0.207s] Invoking command in '/home/codybui/dev_machine/build/robot-slam-demo': CMAKE_PREFIX_PATH=/opt/ros/foxy /usr/bin/cmake --install /home/codybui/dev_machine/build/robot-slam-demo
[0.229s] -- Install configuration: ""
[0.229s] -- Up-to-date: /home/codybui/dev_machine/install/robot-slam-demo/share/robot-slam-demo/launch
[0.229s] -- Up-to-date: /home/codybui/dev_machine/install/robot-slam-demo/share/robot-slam-demo/launch/cartographer.launch.py
[0.230s] -- Up-to-date: /home/codybui/dev_machine/install/robot-slam-demo/share/robot-slam-demo/launch/occupancy_grid.launch.py
[0.230s] -- Up-to-date: /home/codybui/dev_machine/install/robot-slam-demo/share/robot-slam-demo/config
[0.230s] -- Up-to-date: /home/codybui/dev_machine/install/robot-slam-demo/share/robot-slam-demo/config/jetson_robot_lds_2d.lua
[0.230s] -- Up-to-date: /home/codybui/dev_machine/install/robot-slam-demo/share/ament_index/resource_index/package_run_dependencies/robot-slam-demo
[0.230s] -- Up-to-date: /home/codybui/dev_machine/install/robot-slam-demo/share/ament_index/resource_index/parent_prefix_path/robot-slam-demo
[0.231s] -- Up-to-date: /home/codybui/dev_machine/install/robot-slam-demo/share/robot-slam-demo/environment/ament_prefix_path.sh
[0.231s] -- Up-to-date: /home/codybui/dev_machine/install/robot-slam-demo/share/robot-slam-demo/environment/ament_prefix_path.dsv
[0.231s] -- Up-to-date: /home/codybui/dev_machine/install/robot-slam-demo/share/robot-slam-demo/environment/path.sh
[0.231s] -- Up-to-date: /home/codybui/dev_machine/install/robot-slam-demo/share/robot-slam-demo/environment/path.dsv
[0.231s] -- Up-to-date: /home/codybui/dev_machine/install/robot-slam-demo/share/robot-slam-demo/local_setup.bash
[0.232s] -- Up-to-date: /home/codybui/dev_machine/install/robot-slam-demo/share/robot-slam-demo/local_setup.sh
[0.232s] -- Up-to-date: /home/codybui/dev_machine/install/robot-slam-demo/share/robot-slam-demo/local_setup.zsh
[0.232s] -- Up-to-date: /home/codybui/dev_machine/install/robot-slam-demo/share/robot-slam-demo/local_setup.dsv
[0.232s] -- Installing: /home/codybui/dev_machine/install/robot-slam-demo/share/robot-slam-demo/package.dsv
[0.232s] -- Up-to-date: /home/codybui/dev_machine/install/robot-slam-demo/share/ament_index/resource_index/packages/robot-slam-demo
[0.232s] -- Up-to-date: /home/codybui/dev_machine/install/robot-slam-demo/share/robot-slam-demo/cmake/robot-slam-demoConfig.cmake
[0.232s] -- Up-to-date: /home/codybui/dev_machine/install/robot-slam-demo/share/robot-slam-demo/cmake/robot-slam-demoConfig-version.cmake
[0.232s] -- Up-to-date: /home/codybui/dev_machine/install/robot-slam-demo/share/robot-slam-demo/package.xml
[0.291s] Invoked command in '/home/codybui/dev_machine/build/robot-slam-demo' returned '0': CMAKE_PREFIX_PATH=/opt/ros/foxy /usr/bin/cmake --install /home/codybui/dev_machine/build/robot-slam-demo
