[0.064s] Invoking command in '/home/codybui/dev_machine/build/my_package': CMAKE_PREFIX_PATH=/opt/ros/foxy /usr/bin/cmake --build /home/codybui/dev_machine/build/my_package -- -j16 -l16
[0.139s] Invoked command in '/home/codybui/dev_machine/build/my_package' returned '0': CMAKE_PREFIX_PATH=/opt/ros/foxy /usr/bin/cmake --build /home/codybui/dev_machine/build/my_package -- -j16 -l16
[0.218s] Invoking command in '/home/codybui/dev_machine/build/my_package': CMAKE_PREFIX_PATH=/opt/ros/foxy /usr/bin/cmake --install /home/codybui/dev_machine/build/my_package
[0.240s] -- Install configuration: ""
[0.241s] -- Up-to-date: /home/codybui/dev_machine/install/my_package/share/my_package/launch
[0.245s] -- Up-to-date: /home/codybui/dev_machine/install/my_package/share/my_package/launch/talker.launch.py
[0.247s] -- Up-to-date: /home/codybui/dev_machine/install/my_package/share/ament_index/resource_index/package_run_dependencies/my_package
[0.247s] -- Up-to-date: /home/codybui/dev_machine/install/my_package/share/ament_index/resource_index/parent_prefix_path/my_package
[0.247s] -- Up-to-date: /home/codybui/dev_machine/install/my_package/share/my_package/environment/ament_prefix_path.sh
[0.247s] -- Up-to-date: /home/codybui/dev_machine/install/my_package/share/my_package/environment/ament_prefix_path.dsv
[0.247s] -- Up-to-date: /home/codybui/dev_machine/install/my_package/share/my_package/environment/path.sh
[0.248s] -- Up-to-date: /home/codybui/dev_machine/install/my_package/share/my_package/environment/path.dsv
[0.248s] -- Up-to-date: /home/codybui/dev_machine/install/my_package/share/my_package/local_setup.bash
[0.249s] -- Up-to-date: /home/codybui/dev_machine/install/my_package/share/my_package/local_setup.sh
[0.250s] -- Up-to-date: /home/codybui/dev_machine/install/my_package/share/my_package/local_setup.zsh
[0.253s] -- Up-to-date: /home/codybui/dev_machine/install/my_package/share/my_package/local_setup.dsv
[0.254s] -- Installing: /home/codybui/dev_machine/install/my_package/share/my_package/package.dsv
[0.257s] -- Up-to-date: /home/codybui/dev_machine/install/my_package/share/ament_index/resource_index/packages/my_package
[0.257s] -- Up-to-date: /home/codybui/dev_machine/install/my_package/share/my_package/cmake/my_packageConfig.cmake
[0.258s] -- Up-to-date: /home/codybui/dev_machine/install/my_package/share/my_package/cmake/my_packageConfig-version.cmake
[0.258s] -- Up-to-date: /home/codybui/dev_machine/install/my_package/share/my_package/package.xml
[0.263s] Invoked command in '/home/codybui/dev_machine/build/my_package' returned '0': CMAKE_PREFIX_PATH=/opt/ros/foxy /usr/bin/cmake --install /home/codybui/dev_machine/build/my_package
