[0.263s] DEBUG:colcon:Command line arguments: ['/usr/bin/colcon', 'build']
[0.263s] DEBUG:colcon:Parsed command line arguments: Namespace(allow_overriding=[], ament_cmake_args=None, base_paths=['.'], build_base='build', catkin_cmake_args=None, catkin_skip_building_tests=False, cmake_args=None, cmake_clean_cache=False, cmake_clean_first=False, cmake_force_configure=False, cmake_target=None, cmake_target_skip_unavailable=False, continue_on_error=False, event_handlers=None, executor='parallel', ignore_user_meta=False, install_base='install', log_base=None, log_level=None, main=<bound method BuildVerb.main of <colcon_core.verb.build.BuildVerb object at 0x7f421add2370>>, merge_install=False, metas=['./colcon.meta'], packages_above=None, packages_above_and_dependencies=None, packages_above_depth=None, packages_end=None, packages_ignore=None, packages_ignore_regex=None, packages_select=None, packages_select_build_failed=False, packages_select_by_dep=None, packages_select_regex=None, packages_select_test_failures=False, packages_skip=None, packages_skip_build_finished=False, packages_skip_by_dep=None, packages_skip_regex=None, packages_skip_test_passed=False, packages_skip_up_to=None, packages_start=None, packages_up_to=None, packages_up_to_regex=None, parallel_workers=16, paths=None, symlink_install=False, test_result_base=None, verb_extension=<colcon_core.verb.build.BuildVerb object at 0x7f421add2370>, verb_name='build', verb_parser=<colcon_defaults.argument_parser.defaults.DefaultArgumentsDecorator object at 0x7f421add28b0>)
[0.283s] Level 1:colcon.colcon_core.package_discovery:discover_packages(colcon_meta) check parameters
[0.283s] Level 1:colcon.colcon_core.package_discovery:discover_packages(recursive) check parameters
[0.283s] Level 1:colcon.colcon_core.package_discovery:discover_packages(ignore) check parameters
[0.283s] Level 1:colcon.colcon_core.package_discovery:discover_packages(path) check parameters
[0.283s] Level 1:colcon.colcon_core.package_discovery:discover_packages(colcon_meta) discover
[0.283s] Level 1:colcon.colcon_core.package_discovery:discover_packages(recursive) discover
[0.283s] INFO:colcon.colcon_core.package_discovery:Crawling recursively for packages in '/home/codybui/dev_machine'
[0.283s] Level 1:colcon.colcon_core.package_identification:_identify(.) by extensions ['ignore', 'ignore_ament_install']
[0.283s] Level 1:colcon.colcon_core.package_identification:_identify(.) by extension 'ignore'
[0.283s] Level 1:colcon.colcon_core.package_identification:_identify(.) by extension 'ignore_ament_install'
[0.283s] Level 1:colcon.colcon_core.package_identification:_identify(.) by extensions ['colcon_pkg']
[0.283s] Level 1:colcon.colcon_core.package_identification:_identify(.) by extension 'colcon_pkg'
[0.283s] Level 1:colcon.colcon_core.package_identification:_identify(.) by extensions ['colcon_meta']
[0.283s] Level 1:colcon.colcon_core.package_identification:_identify(.) by extension 'colcon_meta'
[0.283s] Level 1:colcon.colcon_core.package_identification:_identify(.) by extensions ['ros']
[0.283s] Level 1:colcon.colcon_core.package_identification:_identify(.) by extension 'ros'
[0.303s] Level 1:colcon.colcon_core.package_identification:_identify(.) by extensions ['cmake', 'python']
[0.303s] Level 1:colcon.colcon_core.package_identification:_identify(.) by extension 'cmake'
[0.303s] Level 1:colcon.colcon_core.package_identification:_identify(.) by extension 'python'
[0.303s] Level 1:colcon.colcon_core.package_identification:_identify(.) by extensions ['python_setup_py']
[0.303s] Level 1:colcon.colcon_core.package_identification:_identify(.) by extension 'python_setup_py'
[0.303s] Level 1:colcon.colcon_core.package_identification:_identify(build) by extensions ['ignore', 'ignore_ament_install']
[0.303s] Level 1:colcon.colcon_core.package_identification:_identify(build) by extension 'ignore'
[0.303s] Level 1:colcon.colcon_core.package_identification:_identify(build) ignored
[0.303s] Level 1:colcon.colcon_core.package_identification:_identify(install) by extensions ['ignore', 'ignore_ament_install']
[0.303s] Level 1:colcon.colcon_core.package_identification:_identify(install) by extension 'ignore'
[0.303s] Level 1:colcon.colcon_core.package_identification:_identify(install) ignored
[0.303s] Level 1:colcon.colcon_core.package_identification:_identify(log) by extensions ['ignore', 'ignore_ament_install']
[0.303s] Level 1:colcon.colcon_core.package_identification:_identify(log) by extension 'ignore'
[0.303s] Level 1:colcon.colcon_core.package_identification:_identify(log) ignored
[0.303s] Level 1:colcon.colcon_core.package_identification:_identify(src) by extensions ['ignore', 'ignore_ament_install']
[0.303s] Level 1:colcon.colcon_core.package_identification:_identify(src) by extension 'ignore'
[0.304s] Level 1:colcon.colcon_core.package_identification:_identify(src) by extension 'ignore_ament_install'
[0.304s] Level 1:colcon.colcon_core.package_identification:_identify(src) by extensions ['colcon_pkg']
[0.304s] Level 1:colcon.colcon_core.package_identification:_identify(src) by extension 'colcon_pkg'
[0.304s] Level 1:colcon.colcon_core.package_identification:_identify(src) by extensions ['colcon_meta']
[0.304s] Level 1:colcon.colcon_core.package_identification:_identify(src) by extension 'colcon_meta'
[0.304s] Level 1:colcon.colcon_core.package_identification:_identify(src) by extensions ['ros']
[0.304s] Level 1:colcon.colcon_core.package_identification:_identify(src) by extension 'ros'
[0.304s] Level 1:colcon.colcon_core.package_identification:_identify(src) by extensions ['cmake', 'python']
[0.304s] Level 1:colcon.colcon_core.package_identification:_identify(src) by extension 'cmake'
[0.304s] Level 1:colcon.colcon_core.package_identification:_identify(src) by extension 'python'
[0.304s] Level 1:colcon.colcon_core.package_identification:_identify(src) by extensions ['python_setup_py']
[0.304s] Level 1:colcon.colcon_core.package_identification:_identify(src) by extension 'python_setup_py'
[0.304s] Level 1:colcon.colcon_core.package_identification:_identify(src/my_package) by extensions ['ignore', 'ignore_ament_install']
[0.304s] Level 1:colcon.colcon_core.package_identification:_identify(src/my_package) by extension 'ignore'
[0.304s] Level 1:colcon.colcon_core.package_identification:_identify(src/my_package) by extension 'ignore_ament_install'
[0.304s] Level 1:colcon.colcon_core.package_identification:_identify(src/my_package) by extensions ['colcon_pkg']
[0.304s] Level 1:colcon.colcon_core.package_identification:_identify(src/my_package) by extension 'colcon_pkg'
[0.304s] Level 1:colcon.colcon_core.package_identification:_identify(src/my_package) by extensions ['colcon_meta']
[0.304s] Level 1:colcon.colcon_core.package_identification:_identify(src/my_package) by extension 'colcon_meta'
[0.304s] Level 1:colcon.colcon_core.package_identification:_identify(src/my_package) by extensions ['ros']
[0.304s] Level 1:colcon.colcon_core.package_identification:_identify(src/my_package) by extension 'ros'
[0.306s] DEBUG:colcon.colcon_core.package_identification:Package 'src/my_package' with type 'ros.ament_cmake' and name 'my_package'
[0.306s] Level 1:colcon.colcon_core.package_identification:_identify(src/nav2_demo) by extensions ['ignore', 'ignore_ament_install']
[0.306s] Level 1:colcon.colcon_core.package_identification:_identify(src/nav2_demo) by extension 'ignore'
[0.306s] Level 1:colcon.colcon_core.package_identification:_identify(src/nav2_demo) by extension 'ignore_ament_install'
[0.306s] Level 1:colcon.colcon_core.package_identification:_identify(src/nav2_demo) by extensions ['colcon_pkg']
[0.306s] Level 1:colcon.colcon_core.package_identification:_identify(src/nav2_demo) by extension 'colcon_pkg'
[0.306s] Level 1:colcon.colcon_core.package_identification:_identify(src/nav2_demo) by extensions ['colcon_meta']
[0.306s] Level 1:colcon.colcon_core.package_identification:_identify(src/nav2_demo) by extension 'colcon_meta'
[0.306s] Level 1:colcon.colcon_core.package_identification:_identify(src/nav2_demo) by extensions ['ros']
[0.306s] Level 1:colcon.colcon_core.package_identification:_identify(src/nav2_demo) by extension 'ros'
[0.307s] DEBUG:colcon.colcon_core.package_identification:Package 'src/nav2_demo' with type 'ros.ament_cmake' and name 'nav2_demo'
[0.307s] Level 1:colcon.colcon_core.package_identification:_identify(src/robot-bring-up-dev) by extensions ['ignore', 'ignore_ament_install']
[0.307s] Level 1:colcon.colcon_core.package_identification:_identify(src/robot-bring-up-dev) by extension 'ignore'
[0.308s] Level 1:colcon.colcon_core.package_identification:_identify(src/robot-bring-up-dev) by extension 'ignore_ament_install'
[0.308s] Level 1:colcon.colcon_core.package_identification:_identify(src/robot-bring-up-dev) by extensions ['colcon_pkg']
[0.308s] Level 1:colcon.colcon_core.package_identification:_identify(src/robot-bring-up-dev) by extension 'colcon_pkg'
[0.308s] Level 1:colcon.colcon_core.package_identification:_identify(src/robot-bring-up-dev) by extensions ['colcon_meta']
[0.308s] Level 1:colcon.colcon_core.package_identification:_identify(src/robot-bring-up-dev) by extension 'colcon_meta'
[0.308s] Level 1:colcon.colcon_core.package_identification:_identify(src/robot-bring-up-dev) by extensions ['ros']
[0.308s] Level 1:colcon.colcon_core.package_identification:_identify(src/robot-bring-up-dev) by extension 'ros'
[0.309s] DEBUG:colcon.colcon_core.package_identification:Package 'src/robot-bring-up-dev' with type 'ros.ament_cmake' and name 'robot-bring-up-dev'
[0.309s] Level 1:colcon.colcon_core.package_identification:_identify(src/robot-slam-demo) by extensions ['ignore', 'ignore_ament_install']
[0.309s] Level 1:colcon.colcon_core.package_identification:_identify(src/robot-slam-demo) by extension 'ignore'
[0.309s] Level 1:colcon.colcon_core.package_identification:_identify(src/robot-slam-demo) by extension 'ignore_ament_install'
[0.309s] Level 1:colcon.colcon_core.package_identification:_identify(src/robot-slam-demo) by extensions ['colcon_pkg']
[0.309s] Level 1:colcon.colcon_core.package_identification:_identify(src/robot-slam-demo) by extension 'colcon_pkg'
[0.309s] Level 1:colcon.colcon_core.package_identification:_identify(src/robot-slam-demo) by extensions ['colcon_meta']
[0.309s] Level 1:colcon.colcon_core.package_identification:_identify(src/robot-slam-demo) by extension 'colcon_meta'
[0.309s] Level 1:colcon.colcon_core.package_identification:_identify(src/robot-slam-demo) by extensions ['ros']
[0.309s] Level 1:colcon.colcon_core.package_identification:_identify(src/robot-slam-demo) by extension 'ros'
[0.309s] DEBUG:colcon.colcon_core.package_identification:Package 'src/robot-slam-demo' with type 'ros.ament_cmake' and name 'robot-slam-demo'
[0.309s] Level 1:colcon.colcon_core.package_discovery:discover_packages(recursive) using defaults
[0.309s] Level 1:colcon.colcon_core.package_discovery:discover_packages(ignore) discover
[0.309s] Level 1:colcon.colcon_core.package_discovery:discover_packages(ignore) using defaults
[0.309s] Level 1:colcon.colcon_core.package_discovery:discover_packages(path) discover
[0.309s] Level 1:colcon.colcon_core.package_discovery:discover_packages(path) using defaults
[0.325s] Level 1:colcon.colcon_core.package_discovery:discover_packages(prefix_path) check parameters
[0.325s] Level 1:colcon.colcon_core.package_discovery:discover_packages(prefix_path) discover
[0.328s] DEBUG:colcon.colcon_installed_package_information.package_discovery:Found 320 installed packages in /opt/ros/foxy
[0.330s] Level 1:colcon.colcon_core.package_discovery:discover_packages(prefix_path) using defaults
[0.398s] Level 5:colcon.colcon_core.verb:set package 'my_package' build argument 'cmake_args' from command line to 'None'
[0.398s] Level 5:colcon.colcon_core.verb:set package 'my_package' build argument 'cmake_target' from command line to 'None'
[0.398s] Level 5:colcon.colcon_core.verb:set package 'my_package' build argument 'cmake_target_skip_unavailable' from command line to 'False'
[0.398s] Level 5:colcon.colcon_core.verb:set package 'my_package' build argument 'cmake_clean_cache' from command line to 'False'
[0.398s] Level 5:colcon.colcon_core.verb:set package 'my_package' build argument 'cmake_clean_first' from command line to 'False'
[0.398s] Level 5:colcon.colcon_core.verb:set package 'my_package' build argument 'cmake_force_configure' from command line to 'False'
[0.398s] Level 5:colcon.colcon_core.verb:set package 'my_package' build argument 'ament_cmake_args' from command line to 'None'
[0.399s] Level 5:colcon.colcon_core.verb:set package 'my_package' build argument 'catkin_cmake_args' from command line to 'None'
[0.399s] Level 5:colcon.colcon_core.verb:set package 'my_package' build argument 'catkin_skip_building_tests' from command line to 'False'
[0.399s] DEBUG:colcon.colcon_core.verb:Building package 'my_package' with the following arguments: {'ament_cmake_args': None, 'build_base': '/home/codybui/dev_machine/build/my_package', 'catkin_cmake_args': None, 'catkin_skip_building_tests': False, 'cmake_args': None, 'cmake_clean_cache': False, 'cmake_clean_first': False, 'cmake_force_configure': False, 'cmake_target': None, 'cmake_target_skip_unavailable': False, 'install_base': '/home/codybui/dev_machine/install/my_package', 'merge_install': False, 'path': '/home/codybui/dev_machine/src/my_package', 'symlink_install': False, 'test_result_base': None}
[0.399s] Level 5:colcon.colcon_core.verb:set package 'nav2_demo' build argument 'cmake_args' from command line to 'None'
[0.399s] Level 5:colcon.colcon_core.verb:set package 'nav2_demo' build argument 'cmake_target' from command line to 'None'
[0.399s] Level 5:colcon.colcon_core.verb:set package 'nav2_demo' build argument 'cmake_target_skip_unavailable' from command line to 'False'
[0.399s] Level 5:colcon.colcon_core.verb:set package 'nav2_demo' build argument 'cmake_clean_cache' from command line to 'False'
[0.399s] Level 5:colcon.colcon_core.verb:set package 'nav2_demo' build argument 'cmake_clean_first' from command line to 'False'
[0.399s] Level 5:colcon.colcon_core.verb:set package 'nav2_demo' build argument 'cmake_force_configure' from command line to 'False'
[0.399s] Level 5:colcon.colcon_core.verb:set package 'nav2_demo' build argument 'ament_cmake_args' from command line to 'None'
[0.399s] Level 5:colcon.colcon_core.verb:set package 'nav2_demo' build argument 'catkin_cmake_args' from command line to 'None'
[0.399s] Level 5:colcon.colcon_core.verb:set package 'nav2_demo' build argument 'catkin_skip_building_tests' from command line to 'False'
[0.399s] DEBUG:colcon.colcon_core.verb:Building package 'nav2_demo' with the following arguments: {'ament_cmake_args': None, 'build_base': '/home/codybui/dev_machine/build/nav2_demo', 'catkin_cmake_args': None, 'catkin_skip_building_tests': False, 'cmake_args': None, 'cmake_clean_cache': False, 'cmake_clean_first': False, 'cmake_force_configure': False, 'cmake_target': None, 'cmake_target_skip_unavailable': False, 'install_base': '/home/codybui/dev_machine/install/nav2_demo', 'merge_install': False, 'path': '/home/codybui/dev_machine/src/nav2_demo', 'symlink_install': False, 'test_result_base': None}
[0.400s] Level 5:colcon.colcon_core.verb:set package 'robot-bring-up-dev' build argument 'cmake_args' from command line to 'None'
[0.400s] Level 5:colcon.colcon_core.verb:set package 'robot-bring-up-dev' build argument 'cmake_target' from command line to 'None'
[0.400s] Level 5:colcon.colcon_core.verb:set package 'robot-bring-up-dev' build argument 'cmake_target_skip_unavailable' from command line to 'False'
[0.400s] Level 5:colcon.colcon_core.verb:set package 'robot-bring-up-dev' build argument 'cmake_clean_cache' from command line to 'False'
[0.400s] Level 5:colcon.colcon_core.verb:set package 'robot-bring-up-dev' build argument 'cmake_clean_first' from command line to 'False'
[0.400s] Level 5:colcon.colcon_core.verb:set package 'robot-bring-up-dev' build argument 'cmake_force_configure' from command line to 'False'
[0.400s] Level 5:colcon.colcon_core.verb:set package 'robot-bring-up-dev' build argument 'ament_cmake_args' from command line to 'None'
[0.400s] Level 5:colcon.colcon_core.verb:set package 'robot-bring-up-dev' build argument 'catkin_cmake_args' from command line to 'None'
[0.400s] Level 5:colcon.colcon_core.verb:set package 'robot-bring-up-dev' build argument 'catkin_skip_building_tests' from command line to 'False'
[0.400s] DEBUG:colcon.colcon_core.verb:Building package 'robot-bring-up-dev' with the following arguments: {'ament_cmake_args': None, 'build_base': '/home/codybui/dev_machine/build/robot-bring-up-dev', 'catkin_cmake_args': None, 'catkin_skip_building_tests': False, 'cmake_args': None, 'cmake_clean_cache': False, 'cmake_clean_first': False, 'cmake_force_configure': False, 'cmake_target': None, 'cmake_target_skip_unavailable': False, 'install_base': '/home/codybui/dev_machine/install/robot-bring-up-dev', 'merge_install': False, 'path': '/home/codybui/dev_machine/src/robot-bring-up-dev', 'symlink_install': False, 'test_result_base': None}
[0.401s] Level 5:colcon.colcon_core.verb:set package 'robot-slam-demo' build argument 'cmake_args' from command line to 'None'
[0.401s] Level 5:colcon.colcon_core.verb:set package 'robot-slam-demo' build argument 'cmake_target' from command line to 'None'
[0.401s] Level 5:colcon.colcon_core.verb:set package 'robot-slam-demo' build argument 'cmake_target_skip_unavailable' from command line to 'False'
[0.401s] Level 5:colcon.colcon_core.verb:set package 'robot-slam-demo' build argument 'cmake_clean_cache' from command line to 'False'
[0.401s] Level 5:colcon.colcon_core.verb:set package 'robot-slam-demo' build argument 'cmake_clean_first' from command line to 'False'
[0.401s] Level 5:colcon.colcon_core.verb:set package 'robot-slam-demo' build argument 'cmake_force_configure' from command line to 'False'
[0.401s] Level 5:colcon.colcon_core.verb:set package 'robot-slam-demo' build argument 'ament_cmake_args' from command line to 'None'
[0.401s] Level 5:colcon.colcon_core.verb:set package 'robot-slam-demo' build argument 'catkin_cmake_args' from command line to 'None'
[0.401s] Level 5:colcon.colcon_core.verb:set package 'robot-slam-demo' build argument 'catkin_skip_building_tests' from command line to 'False'
[0.401s] DEBUG:colcon.colcon_core.verb:Building package 'robot-slam-demo' with the following arguments: {'ament_cmake_args': None, 'build_base': '/home/codybui/dev_machine/build/robot-slam-demo', 'catkin_cmake_args': None, 'catkin_skip_building_tests': False, 'cmake_args': None, 'cmake_clean_cache': False, 'cmake_clean_first': False, 'cmake_force_configure': False, 'cmake_target': None, 'cmake_target_skip_unavailable': False, 'install_base': '/home/codybui/dev_machine/install/robot-slam-demo', 'merge_install': False, 'path': '/home/codybui/dev_machine/src/robot-slam-demo', 'symlink_install': False, 'test_result_base': None}
[0.402s] INFO:colcon.colcon_core.executor:Executing jobs using 'parallel' executor
[0.404s] DEBUG:colcon.colcon_parallel_executor.executor.parallel:run_until_complete
[0.404s] INFO:colcon.colcon_ros.task.ament_cmake.build:Building ROS package in '/home/codybui/dev_machine/src/my_package' with build type 'ament_cmake'
[0.405s] INFO:colcon.colcon_cmake.task.cmake.build:Building CMake package in '/home/codybui/dev_machine/src/my_package'
[0.411s] INFO:colcon.colcon_core.plugin_system:Skipping extension 'colcon_core.shell.bat': Not used on non-Windows systems
[0.411s] INFO:colcon.colcon_core.shell:Skip shell extension 'powershell' for command environment: Not usable outside of PowerShell
[0.411s] DEBUG:colcon.colcon_core.shell:Skip shell extension 'dsv' for command environment
[0.417s] INFO:colcon.colcon_ros.task.ament_cmake.build:Building ROS package in '/home/codybui/dev_machine/src/nav2_demo' with build type 'ament_cmake'
[0.417s] INFO:colcon.colcon_cmake.task.cmake.build:Building CMake package in '/home/codybui/dev_machine/src/nav2_demo'
[0.420s] INFO:colcon.colcon_core.shell:Skip shell extension 'powershell' for command environment: Not usable outside of PowerShell
[0.420s] DEBUG:colcon.colcon_core.shell:Skip shell extension 'dsv' for command environment
[0.431s] INFO:colcon.colcon_ros.task.ament_cmake.build:Building ROS package in '/home/codybui/dev_machine/src/robot-bring-up-dev' with build type 'ament_cmake'
[0.431s] INFO:colcon.colcon_cmake.task.cmake.build:Building CMake package in '/home/codybui/dev_machine/src/robot-bring-up-dev'
[0.434s] INFO:colcon.colcon_core.shell:Skip shell extension 'powershell' for command environment: Not usable outside of PowerShell
[0.434s] DEBUG:colcon.colcon_core.shell:Skip shell extension 'dsv' for command environment
[0.442s] INFO:colcon.colcon_ros.task.ament_cmake.build:Building ROS package in '/home/codybui/dev_machine/src/robot-slam-demo' with build type 'ament_cmake'
[0.442s] INFO:colcon.colcon_cmake.task.cmake.build:Building CMake package in '/home/codybui/dev_machine/src/robot-slam-demo'
[0.443s] INFO:colcon.colcon_core.shell:Skip shell extension 'powershell' for command environment: Not usable outside of PowerShell
[0.444s] DEBUG:colcon.colcon_core.shell:Skip shell extension 'dsv' for command environment
[0.462s] DEBUG:colcon.colcon_core.event_handler.log_command:Invoking command in '/home/codybui/dev_machine/build/my_package': CMAKE_PREFIX_PATH=/opt/ros/foxy /usr/bin/cmake --build /home/codybui/dev_machine/build/my_package -- -j16 -l16
[0.470s] DEBUG:colcon.colcon_core.event_handler.log_command:Invoking command in '/home/codybui/dev_machine/build/nav2_demo': CMAKE_PREFIX_PATH=/opt/ros/foxy /usr/bin/cmake --build /home/codybui/dev_machine/build/nav2_demo -- -j16 -l16
[0.475s] DEBUG:colcon.colcon_core.event_handler.log_command:Invoking command in '/home/codybui/dev_machine/build/robot-bring-up-dev': CMAKE_PREFIX_PATH=/opt/ros/foxy /usr/bin/cmake --build /home/codybui/dev_machine/build/robot-bring-up-dev -- -j16 -l16
[0.482s] DEBUG:colcon.colcon_core.event_handler.log_command:Invoking command in '/home/codybui/dev_machine/build/robot-slam-demo': CMAKE_PREFIX_PATH=/opt/ros/foxy /usr/bin/cmake --build /home/codybui/dev_machine/build/robot-slam-demo -- -j16 -l16
[0.527s] DEBUG:colcon.colcon_core.event_handler.log_command:Invoked command in '/home/codybui/dev_machine/build/robot-slam-demo' returned '0': CMAKE_PREFIX_PATH=/opt/ros/foxy /usr/bin/cmake --build /home/codybui/dev_machine/build/robot-slam-demo -- -j16 -l16
[0.531s] DEBUG:colcon.colcon_core.event_handler.log_command:Invoked command in '/home/codybui/dev_machine/build/my_package' returned '0': CMAKE_PREFIX_PATH=/opt/ros/foxy /usr/bin/cmake --build /home/codybui/dev_machine/build/my_package -- -j16 -l16
[0.536s] DEBUG:colcon.colcon_core.event_handler.log_command:Invoked command in '/home/codybui/dev_machine/build/nav2_demo' returned '0': CMAKE_PREFIX_PATH=/opt/ros/foxy /usr/bin/cmake --build /home/codybui/dev_machine/build/nav2_demo -- -j16 -l16
[0.541s] DEBUG:colcon.colcon_core.event_handler.log_command:Invoked command in '/home/codybui/dev_machine/build/robot-bring-up-dev' returned '0': CMAKE_PREFIX_PATH=/opt/ros/foxy /usr/bin/cmake --build /home/codybui/dev_machine/build/robot-bring-up-dev -- -j16 -l16
[0.563s] DEBUG:colcon.colcon_core.event_handler.log_command:Invoking command in '/home/codybui/dev_machine/build/robot-slam-demo': CMAKE_PREFIX_PATH=/opt/ros/foxy /usr/bin/cmake --install /home/codybui/dev_machine/build/robot-slam-demo
[0.567s] DEBUG:colcon.colcon_core.event_handler.log_command:Invoking command in '/home/codybui/dev_machine/build/my_package': CMAKE_PREFIX_PATH=/opt/ros/foxy /usr/bin/cmake --install /home/codybui/dev_machine/build/my_package
[0.572s] DEBUG:colcon.colcon_core.event_handler.log_command:Invoking command in '/home/codybui/dev_machine/build/nav2_demo': CMAKE_PREFIX_PATH=/opt/ros/foxy /usr/bin/cmake --install /home/codybui/dev_machine/build/nav2_demo
[0.582s] Level 1:colcon.colcon_core.environment:create_environment_scripts_only(robot-slam-demo)
[0.586s] DEBUG:colcon.colcon_core.event_handler.log_command:Invoking command in '/home/codybui/dev_machine/build/robot-bring-up-dev': CMAKE_PREFIX_PATH=/opt/ros/foxy /usr/bin/cmake --install /home/codybui/dev_machine/build/robot-bring-up-dev
[0.591s] DEBUG:colcon.colcon_core.event_handler.log_command:Invoked command in '/home/codybui/dev_machine/build/robot-slam-demo' returned '0': CMAKE_PREFIX_PATH=/opt/ros/foxy /usr/bin/cmake --install /home/codybui/dev_machine/build/robot-slam-demo
[0.593s] Level 1:colcon.colcon_core.environment:checking '/home/codybui/dev_machine/install/robot-slam-demo' for CMake module files
[0.593s] Level 1:colcon.colcon_core.environment:checking '/home/codybui/dev_machine/install/robot-slam-demo' for CMake config files
[0.597s] Level 1:colcon.colcon_core.shell:create_environment_hook('robot-slam-demo', 'cmake_prefix_path')
[0.599s] INFO:colcon.colcon_core.shell:Creating environment hook '/home/codybui/dev_machine/install/robot-slam-demo/share/robot-slam-demo/hook/cmake_prefix_path.ps1'
[0.600s] INFO:colcon.colcon_core.shell:Creating environment descriptor '/home/codybui/dev_machine/install/robot-slam-demo/share/robot-slam-demo/hook/cmake_prefix_path.dsv'
[0.600s] INFO:colcon.colcon_core.shell:Creating environment hook '/home/codybui/dev_machine/install/robot-slam-demo/share/robot-slam-demo/hook/cmake_prefix_path.sh'
[0.601s] Level 1:colcon.colcon_core.environment:checking '/home/codybui/dev_machine/install/robot-slam-demo/bin'
[0.601s] Level 1:colcon.colcon_core.environment:checking '/home/codybui/dev_machine/install/robot-slam-demo/lib/pkgconfig/robot-slam-demo.pc'
[0.601s] Level 1:colcon.colcon_core.environment:checking '/home/codybui/dev_machine/install/robot-slam-demo/lib/python3.8/site-packages'
[0.601s] Level 1:colcon.colcon_core.environment:checking '/home/codybui/dev_machine/install/robot-slam-demo/bin'
[0.603s] INFO:colcon.colcon_core.shell:Creating package script '/home/codybui/dev_machine/install/robot-slam-demo/share/robot-slam-demo/package.ps1'
[0.603s] INFO:colcon.colcon_core.shell:Creating package descriptor '/home/codybui/dev_machine/install/robot-slam-demo/share/robot-slam-demo/package.dsv'
[0.604s] INFO:colcon.colcon_core.shell:Creating package script '/home/codybui/dev_machine/install/robot-slam-demo/share/robot-slam-demo/package.sh'
[0.605s] INFO:colcon.colcon_core.shell:Creating package script '/home/codybui/dev_machine/install/robot-slam-demo/share/robot-slam-demo/package.bash'
[0.605s] INFO:colcon.colcon_core.shell:Creating package script '/home/codybui/dev_machine/install/robot-slam-demo/share/robot-slam-demo/package.zsh'
[0.606s] Level 1:colcon.colcon_core.environment:create_file_with_runtime_dependencies(/home/codybui/dev_machine/install/robot-slam-demo/share/colcon-core/packages/robot-slam-demo)
[0.611s] Level 1:colcon.colcon_core.environment:create_environment_scripts_only(my_package)
[0.614s] Level 1:colcon.colcon_core.environment:checking '/home/codybui/dev_machine/install/my_package' for CMake module files
[0.615s] DEBUG:colcon.colcon_core.event_handler.log_command:Invoked command in '/home/codybui/dev_machine/build/my_package' returned '0': CMAKE_PREFIX_PATH=/opt/ros/foxy /usr/bin/cmake --install /home/codybui/dev_machine/build/my_package
[0.616s] Level 1:colcon.colcon_core.environment:checking '/home/codybui/dev_machine/install/my_package' for CMake config files
[0.616s] Level 1:colcon.colcon_core.shell:create_environment_hook('my_package', 'cmake_prefix_path')
[0.618s] INFO:colcon.colcon_core.shell:Creating environment hook '/home/codybui/dev_machine/install/my_package/share/my_package/hook/cmake_prefix_path.ps1'
[0.618s] INFO:colcon.colcon_core.shell:Creating environment descriptor '/home/codybui/dev_machine/install/my_package/share/my_package/hook/cmake_prefix_path.dsv'
[0.618s] INFO:colcon.colcon_core.shell:Creating environment hook '/home/codybui/dev_machine/install/my_package/share/my_package/hook/cmake_prefix_path.sh'
[0.619s] Level 1:colcon.colcon_core.environment:checking '/home/codybui/dev_machine/install/my_package/bin'
[0.619s] Level 1:colcon.colcon_core.environment:checking '/home/codybui/dev_machine/install/my_package/lib/pkgconfig/my_package.pc'
[0.619s] Level 1:colcon.colcon_core.environment:checking '/home/codybui/dev_machine/install/my_package/lib/python3.8/site-packages'
[0.620s] Level 1:colcon.colcon_core.environment:checking '/home/codybui/dev_machine/install/my_package/bin'
[0.621s] INFO:colcon.colcon_core.shell:Creating package script '/home/codybui/dev_machine/install/my_package/share/my_package/package.ps1'
[0.621s] INFO:colcon.colcon_core.shell:Creating package descriptor '/home/codybui/dev_machine/install/my_package/share/my_package/package.dsv'
[0.621s] INFO:colcon.colcon_core.shell:Creating package script '/home/codybui/dev_machine/install/my_package/share/my_package/package.sh'
[0.622s] INFO:colcon.colcon_core.shell:Creating package script '/home/codybui/dev_machine/install/my_package/share/my_package/package.bash'
[0.622s] INFO:colcon.colcon_core.shell:Creating package script '/home/codybui/dev_machine/install/my_package/share/my_package/package.zsh'
[0.622s] Level 1:colcon.colcon_core.environment:create_file_with_runtime_dependencies(/home/codybui/dev_machine/install/my_package/share/colcon-core/packages/my_package)
[0.626s] Level 1:colcon.colcon_core.environment:create_environment_scripts_only(nav2_demo)
[0.629s] Level 1:colcon.colcon_core.environment:checking '/home/codybui/dev_machine/install/nav2_demo' for CMake module files
[0.629s] DEBUG:colcon.colcon_core.event_handler.log_command:Invoked command in '/home/codybui/dev_machine/build/nav2_demo' returned '0': CMAKE_PREFIX_PATH=/opt/ros/foxy /usr/bin/cmake --install /home/codybui/dev_machine/build/nav2_demo
[0.630s] Level 1:colcon.colcon_core.environment:checking '/home/codybui/dev_machine/install/nav2_demo' for CMake config files
[0.630s] Level 1:colcon.colcon_core.shell:create_environment_hook('nav2_demo', 'cmake_prefix_path')
[0.633s] INFO:colcon.colcon_core.shell:Creating environment hook '/home/codybui/dev_machine/install/nav2_demo/share/nav2_demo/hook/cmake_prefix_path.ps1'
[0.635s] INFO:colcon.colcon_core.shell:Creating environment descriptor '/home/codybui/dev_machine/install/nav2_demo/share/nav2_demo/hook/cmake_prefix_path.dsv'
[0.637s] INFO:colcon.colcon_core.shell:Creating environment hook '/home/codybui/dev_machine/install/nav2_demo/share/nav2_demo/hook/cmake_prefix_path.sh'
[0.638s] Level 1:colcon.colcon_core.environment:checking '/home/codybui/dev_machine/install/nav2_demo/bin'
[0.638s] Level 1:colcon.colcon_core.environment:checking '/home/codybui/dev_machine/install/nav2_demo/lib/pkgconfig/nav2_demo.pc'
[0.638s] Level 1:colcon.colcon_core.environment:checking '/home/codybui/dev_machine/install/nav2_demo/lib/python3.8/site-packages'
[0.638s] Level 1:colcon.colcon_core.environment:checking '/home/codybui/dev_machine/install/nav2_demo/bin'
[0.639s] INFO:colcon.colcon_core.shell:Creating package script '/home/codybui/dev_machine/install/nav2_demo/share/nav2_demo/package.ps1'
[0.640s] INFO:colcon.colcon_core.shell:Creating package descriptor '/home/codybui/dev_machine/install/nav2_demo/share/nav2_demo/package.dsv'
[0.640s] INFO:colcon.colcon_core.shell:Creating package script '/home/codybui/dev_machine/install/nav2_demo/share/nav2_demo/package.sh'
[0.640s] INFO:colcon.colcon_core.shell:Creating package script '/home/codybui/dev_machine/install/nav2_demo/share/nav2_demo/package.bash'
[0.641s] INFO:colcon.colcon_core.shell:Creating package script '/home/codybui/dev_machine/install/nav2_demo/share/nav2_demo/package.zsh'
[0.641s] Level 1:colcon.colcon_core.environment:create_file_with_runtime_dependencies(/home/codybui/dev_machine/install/nav2_demo/share/colcon-core/packages/nav2_demo)
[0.646s] Level 1:colcon.colcon_core.environment:create_environment_scripts_only(robot-slam-demo)
[0.647s] Level 1:colcon.colcon_core.environment:checking '/home/codybui/dev_machine/install/robot-slam-demo' for CMake module files
[0.648s] Level 1:colcon.colcon_core.environment:checking '/home/codybui/dev_machine/install/robot-slam-demo' for CMake config files
[0.648s] Level 1:colcon.colcon_core.shell:create_environment_hook('robot-slam-demo', 'cmake_prefix_path')
[0.650s] INFO:colcon.colcon_core.shell:Creating environment hook '/home/codybui/dev_machine/install/robot-slam-demo/share/robot-slam-demo/hook/cmake_prefix_path.ps1'
[0.651s] INFO:colcon.colcon_core.shell:Creating environment descriptor '/home/codybui/dev_machine/install/robot-slam-demo/share/robot-slam-demo/hook/cmake_prefix_path.dsv'
[0.651s] INFO:colcon.colcon_core.shell:Creating environment hook '/home/codybui/dev_machine/install/robot-slam-demo/share/robot-slam-demo/hook/cmake_prefix_path.sh'
[0.652s] Level 1:colcon.colcon_core.environment:checking '/home/codybui/dev_machine/install/robot-slam-demo/bin'
[0.652s] Level 1:colcon.colcon_core.environment:checking '/home/codybui/dev_machine/install/robot-slam-demo/lib/pkgconfig/robot-slam-demo.pc'
[0.652s] Level 1:colcon.colcon_core.environment:checking '/home/codybui/dev_machine/install/robot-slam-demo/lib/python3.8/site-packages'
[0.652s] Level 1:colcon.colcon_core.environment:checking '/home/codybui/dev_machine/install/robot-slam-demo/bin'
[0.653s] INFO:colcon.colcon_core.shell:Creating package script '/home/codybui/dev_machine/install/robot-slam-demo/share/robot-slam-demo/package.ps1'
[0.654s] INFO:colcon.colcon_core.shell:Creating package descriptor '/home/codybui/dev_machine/install/robot-slam-demo/share/robot-slam-demo/package.dsv'
[0.655s] INFO:colcon.colcon_core.shell:Creating package script '/home/codybui/dev_machine/install/robot-slam-demo/share/robot-slam-demo/package.sh'
[0.656s] INFO:colcon.colcon_core.shell:Creating package script '/home/codybui/dev_machine/install/robot-slam-demo/share/robot-slam-demo/package.bash'
[0.656s] INFO:colcon.colcon_core.shell:Creating package script '/home/codybui/dev_machine/install/robot-slam-demo/share/robot-slam-demo/package.zsh'
[0.657s] Level 1:colcon.colcon_core.environment:create_file_with_runtime_dependencies(/home/codybui/dev_machine/install/robot-slam-demo/share/colcon-core/packages/robot-slam-demo)
[0.658s] Level 1:colcon.colcon_core.environment:create_environment_scripts_only(robot-bring-up-dev)
[0.660s] Level 1:colcon.colcon_core.environment:checking '/home/codybui/dev_machine/install/robot-bring-up-dev' for CMake module files
[0.661s] DEBUG:colcon.colcon_core.event_handler.log_command:Invoked command in '/home/codybui/dev_machine/build/robot-bring-up-dev' returned '0': CMAKE_PREFIX_PATH=/opt/ros/foxy /usr/bin/cmake --install /home/codybui/dev_machine/build/robot-bring-up-dev
[0.661s] Level 1:colcon.colcon_core.environment:checking '/home/codybui/dev_machine/install/robot-bring-up-dev' for CMake config files
[0.662s] Level 1:colcon.colcon_core.shell:create_environment_hook('robot-bring-up-dev', 'cmake_prefix_path')
[0.664s] INFO:colcon.colcon_core.shell:Creating environment hook '/home/codybui/dev_machine/install/robot-bring-up-dev/share/robot-bring-up-dev/hook/cmake_prefix_path.ps1'
[0.665s] INFO:colcon.colcon_core.shell:Creating environment descriptor '/home/codybui/dev_machine/install/robot-bring-up-dev/share/robot-bring-up-dev/hook/cmake_prefix_path.dsv'
[0.665s] INFO:colcon.colcon_core.shell:Creating environment hook '/home/codybui/dev_machine/install/robot-bring-up-dev/share/robot-bring-up-dev/hook/cmake_prefix_path.sh'
[0.666s] Level 1:colcon.colcon_core.environment:checking '/home/codybui/dev_machine/install/robot-bring-up-dev/lib'
[0.667s] Level 1:colcon.colcon_core.environment:checking '/home/codybui/dev_machine/install/robot-bring-up-dev/bin'
[0.667s] Level 1:colcon.colcon_core.environment:checking '/home/codybui/dev_machine/install/robot-bring-up-dev/lib/pkgconfig/robot-bring-up-dev.pc'
[0.668s] Level 1:colcon.colcon_core.environment:checking '/home/codybui/dev_machine/install/robot-bring-up-dev/lib/python3.8/site-packages'
[0.668s] Level 1:colcon.colcon_core.shell:create_environment_hook('robot-bring-up-dev', 'pythonpath')
[0.670s] INFO:colcon.colcon_core.shell:Creating environment hook '/home/codybui/dev_machine/install/robot-bring-up-dev/share/robot-bring-up-dev/hook/pythonpath.ps1'
[0.671s] INFO:colcon.colcon_core.shell:Creating environment descriptor '/home/codybui/dev_machine/install/robot-bring-up-dev/share/robot-bring-up-dev/hook/pythonpath.dsv'
[0.671s] INFO:colcon.colcon_core.shell:Creating environment hook '/home/codybui/dev_machine/install/robot-bring-up-dev/share/robot-bring-up-dev/hook/pythonpath.sh'
[0.672s] Level 1:colcon.colcon_core.environment:checking '/home/codybui/dev_machine/install/robot-bring-up-dev/bin'
[0.673s] INFO:colcon.colcon_core.shell:Creating package script '/home/codybui/dev_machine/install/robot-bring-up-dev/share/robot-bring-up-dev/package.ps1'
[0.673s] INFO:colcon.colcon_core.shell:Creating package descriptor '/home/codybui/dev_machine/install/robot-bring-up-dev/share/robot-bring-up-dev/package.dsv'
[0.674s] INFO:colcon.colcon_core.shell:Creating package script '/home/codybui/dev_machine/install/robot-bring-up-dev/share/robot-bring-up-dev/package.sh'
[0.674s] INFO:colcon.colcon_core.shell:Creating package script '/home/codybui/dev_machine/install/robot-bring-up-dev/share/robot-bring-up-dev/package.bash'
[0.674s] INFO:colcon.colcon_core.shell:Creating package script '/home/codybui/dev_machine/install/robot-bring-up-dev/share/robot-bring-up-dev/package.zsh'
[0.675s] Level 1:colcon.colcon_core.environment:create_file_with_runtime_dependencies(/home/codybui/dev_machine/install/robot-bring-up-dev/share/colcon-core/packages/robot-bring-up-dev)
[0.680s] Level 1:colcon.colcon_core.environment:create_environment_scripts_only(my_package)
[0.682s] Level 1:colcon.colcon_core.environment:checking '/home/codybui/dev_machine/install/my_package' for CMake module files
[0.683s] Level 1:colcon.colcon_core.environment:checking '/home/codybui/dev_machine/install/my_package' for CMake config files
[0.683s] Level 1:colcon.colcon_core.shell:create_environment_hook('my_package', 'cmake_prefix_path')
[0.684s] INFO:colcon.colcon_core.shell:Creating environment hook '/home/codybui/dev_machine/install/my_package/share/my_package/hook/cmake_prefix_path.ps1'
[0.684s] INFO:colcon.colcon_core.shell:Creating environment descriptor '/home/codybui/dev_machine/install/my_package/share/my_package/hook/cmake_prefix_path.dsv'
[0.685s] INFO:colcon.colcon_core.shell:Creating environment hook '/home/codybui/dev_machine/install/my_package/share/my_package/hook/cmake_prefix_path.sh'
[0.685s] Level 1:colcon.colcon_core.environment:checking '/home/codybui/dev_machine/install/my_package/bin'
[0.685s] Level 1:colcon.colcon_core.environment:checking '/home/codybui/dev_machine/install/my_package/lib/pkgconfig/my_package.pc'
[0.685s] Level 1:colcon.colcon_core.environment:checking '/home/codybui/dev_machine/install/my_package/lib/python3.8/site-packages'
[0.685s] Level 1:colcon.colcon_core.environment:checking '/home/codybui/dev_machine/install/my_package/bin'
[0.687s] INFO:colcon.colcon_core.shell:Creating package script '/home/codybui/dev_machine/install/my_package/share/my_package/package.ps1'
[0.687s] INFO:colcon.colcon_core.shell:Creating package descriptor '/home/codybui/dev_machine/install/my_package/share/my_package/package.dsv'
[0.687s] INFO:colcon.colcon_core.shell:Creating package script '/home/codybui/dev_machine/install/my_package/share/my_package/package.sh'
[0.688s] INFO:colcon.colcon_core.shell:Creating package script '/home/codybui/dev_machine/install/my_package/share/my_package/package.bash'
[0.688s] INFO:colcon.colcon_core.shell:Creating package script '/home/codybui/dev_machine/install/my_package/share/my_package/package.zsh'
[0.688s] Level 1:colcon.colcon_core.environment:create_file_with_runtime_dependencies(/home/codybui/dev_machine/install/my_package/share/colcon-core/packages/my_package)
[0.690s] Level 1:colcon.colcon_core.environment:create_environment_scripts_only(nav2_demo)
[0.691s] Level 1:colcon.colcon_core.environment:checking '/home/codybui/dev_machine/install/nav2_demo' for CMake module files
[0.692s] Level 1:colcon.colcon_core.environment:checking '/home/codybui/dev_machine/install/nav2_demo' for CMake config files
[0.692s] Level 1:colcon.colcon_core.shell:create_environment_hook('nav2_demo', 'cmake_prefix_path')
[0.693s] INFO:colcon.colcon_core.shell:Creating environment hook '/home/codybui/dev_machine/install/nav2_demo/share/nav2_demo/hook/cmake_prefix_path.ps1'
[0.694s] INFO:colcon.colcon_core.shell:Creating environment descriptor '/home/codybui/dev_machine/install/nav2_demo/share/nav2_demo/hook/cmake_prefix_path.dsv'
[0.694s] INFO:colcon.colcon_core.shell:Creating environment hook '/home/codybui/dev_machine/install/nav2_demo/share/nav2_demo/hook/cmake_prefix_path.sh'
[0.694s] Level 1:colcon.colcon_core.environment:checking '/home/codybui/dev_machine/install/nav2_demo/bin'
[0.694s] Level 1:colcon.colcon_core.environment:checking '/home/codybui/dev_machine/install/nav2_demo/lib/pkgconfig/nav2_demo.pc'
[0.694s] Level 1:colcon.colcon_core.environment:checking '/home/codybui/dev_machine/install/nav2_demo/lib/python3.8/site-packages'
[0.695s] Level 1:colcon.colcon_core.environment:checking '/home/codybui/dev_machine/install/nav2_demo/bin'
[0.696s] INFO:colcon.colcon_core.shell:Creating package script '/home/codybui/dev_machine/install/nav2_demo/share/nav2_demo/package.ps1'
[0.696s] INFO:colcon.colcon_core.shell:Creating package descriptor '/home/codybui/dev_machine/install/nav2_demo/share/nav2_demo/package.dsv'
[0.697s] INFO:colcon.colcon_core.shell:Creating package script '/home/codybui/dev_machine/install/nav2_demo/share/nav2_demo/package.sh'
[0.697s] INFO:colcon.colcon_core.shell:Creating package script '/home/codybui/dev_machine/install/nav2_demo/share/nav2_demo/package.bash'
[0.697s] INFO:colcon.colcon_core.shell:Creating package script '/home/codybui/dev_machine/install/nav2_demo/share/nav2_demo/package.zsh'
[0.697s] Level 1:colcon.colcon_core.environment:create_file_with_runtime_dependencies(/home/codybui/dev_machine/install/nav2_demo/share/colcon-core/packages/nav2_demo)
[0.707s] Level 1:colcon.colcon_core.environment:create_environment_scripts_only(robot-bring-up-dev)
[0.709s] Level 1:colcon.colcon_core.environment:checking '/home/codybui/dev_machine/install/robot-bring-up-dev' for CMake module files
[0.710s] Level 1:colcon.colcon_core.environment:checking '/home/codybui/dev_machine/install/robot-bring-up-dev' for CMake config files
[0.711s] Level 1:colcon.colcon_core.shell:create_environment_hook('robot-bring-up-dev', 'cmake_prefix_path')
[0.714s] INFO:colcon.colcon_core.shell:Creating environment hook '/home/codybui/dev_machine/install/robot-bring-up-dev/share/robot-bring-up-dev/hook/cmake_prefix_path.ps1'
[0.715s] INFO:colcon.colcon_core.shell:Creating environment descriptor '/home/codybui/dev_machine/install/robot-bring-up-dev/share/robot-bring-up-dev/hook/cmake_prefix_path.dsv'
[0.715s] INFO:colcon.colcon_core.shell:Creating environment hook '/home/codybui/dev_machine/install/robot-bring-up-dev/share/robot-bring-up-dev/hook/cmake_prefix_path.sh'
[0.716s] Level 1:colcon.colcon_core.environment:checking '/home/codybui/dev_machine/install/robot-bring-up-dev/lib'
[0.717s] Level 1:colcon.colcon_core.environment:checking '/home/codybui/dev_machine/install/robot-bring-up-dev/bin'
[0.717s] Level 1:colcon.colcon_core.environment:checking '/home/codybui/dev_machine/install/robot-bring-up-dev/lib/pkgconfig/robot-bring-up-dev.pc'
[0.717s] Level 1:colcon.colcon_core.environment:checking '/home/codybui/dev_machine/install/robot-bring-up-dev/lib/python3.8/site-packages'
[0.717s] Level 1:colcon.colcon_core.shell:create_environment_hook('robot-bring-up-dev', 'pythonpath')
[0.719s] INFO:colcon.colcon_core.shell:Creating environment hook '/home/codybui/dev_machine/install/robot-bring-up-dev/share/robot-bring-up-dev/hook/pythonpath.ps1'
[0.720s] INFO:colcon.colcon_core.shell:Creating environment descriptor '/home/codybui/dev_machine/install/robot-bring-up-dev/share/robot-bring-up-dev/hook/pythonpath.dsv'
[0.720s] INFO:colcon.colcon_core.shell:Creating environment hook '/home/codybui/dev_machine/install/robot-bring-up-dev/share/robot-bring-up-dev/hook/pythonpath.sh'
[0.721s] Level 1:colcon.colcon_core.environment:checking '/home/codybui/dev_machine/install/robot-bring-up-dev/bin'
[0.722s] INFO:colcon.colcon_core.shell:Creating package script '/home/codybui/dev_machine/install/robot-bring-up-dev/share/robot-bring-up-dev/package.ps1'
[0.722s] INFO:colcon.colcon_core.shell:Creating package descriptor '/home/codybui/dev_machine/install/robot-bring-up-dev/share/robot-bring-up-dev/package.dsv'
[0.722s] INFO:colcon.colcon_core.shell:Creating package script '/home/codybui/dev_machine/install/robot-bring-up-dev/share/robot-bring-up-dev/package.sh'
[0.723s] INFO:colcon.colcon_core.shell:Creating package script '/home/codybui/dev_machine/install/robot-bring-up-dev/share/robot-bring-up-dev/package.bash'
[0.723s] INFO:colcon.colcon_core.shell:Creating package script '/home/codybui/dev_machine/install/robot-bring-up-dev/share/robot-bring-up-dev/package.zsh'
[0.724s] Level 1:colcon.colcon_core.environment:create_file_with_runtime_dependencies(/home/codybui/dev_machine/install/robot-bring-up-dev/share/colcon-core/packages/robot-bring-up-dev)
[0.724s] DEBUG:colcon.colcon_parallel_executor.executor.parallel:closing loop
[0.724s] DEBUG:colcon.colcon_parallel_executor.executor.parallel:loop closed
[0.724s] DEBUG:colcon.colcon_parallel_executor.executor.parallel:run_until_complete finished with '0'
[0.725s] DEBUG:colcon.colcon_core.event_reactor:joining thread
[0.736s] INFO:colcon.colcon_core.plugin_system:Skipping extension 'colcon_notification.desktop_notification.terminal_notifier': Not used on non-Darwin systems
[0.736s] INFO:colcon.colcon_core.plugin_system:Skipping extension 'colcon_notification.desktop_notification.win32': Not used on non-Windows systems
[0.736s] INFO:colcon.colcon_notification.desktop_notification:Sending desktop notification using 'notify2'
[0.764s] DEBUG:colcon.colcon_core.event_reactor:joined thread
[0.767s] INFO:colcon.colcon_core.shell:Creating prefix script '/home/codybui/dev_machine/install/local_setup.ps1'
[0.769s] INFO:colcon.colcon_core.shell:Creating prefix util module '/home/codybui/dev_machine/install/_local_setup_util_ps1.py'
[0.772s] INFO:colcon.colcon_core.shell:Creating prefix chain script '/home/codybui/dev_machine/install/setup.ps1'
[0.774s] INFO:colcon.colcon_core.shell:Creating prefix script '/home/codybui/dev_machine/install/local_setup.sh'
[0.775s] INFO:colcon.colcon_core.shell:Creating prefix util module '/home/codybui/dev_machine/install/_local_setup_util_sh.py'
[0.776s] INFO:colcon.colcon_core.shell:Creating prefix chain script '/home/codybui/dev_machine/install/setup.sh'
[0.779s] INFO:colcon.colcon_core.shell:Creating prefix script '/home/codybui/dev_machine/install/local_setup.bash'
[0.780s] INFO:colcon.colcon_core.shell:Creating prefix chain script '/home/codybui/dev_machine/install/setup.bash'
[0.783s] INFO:colcon.colcon_core.shell:Creating prefix script '/home/codybui/dev_machine/install/local_setup.zsh'
[0.783s] INFO:colcon.colcon_core.shell:Creating prefix chain script '/home/codybui/dev_machine/install/setup.zsh'
