[0.083s] Invoking command in '/home/codybui/dev_machine/build/my_package': CMAKE_PREFIX_PATH=/opt/ros/foxy /usr/bin/cmake --build /home/codybui/dev_machine/build/my_package -- -j16 -l16
[0.193s] Invoked command in '/home/codybui/dev_machine/build/my_package' returned '0': CMAKE_PREFIX_PATH=/opt/ros/foxy /usr/bin/cmake --build /home/codybui/dev_machine/build/my_package -- -j16 -l16
[0.275s] Invoking command in '/home/codybui/dev_machine/build/my_package': CMAKE_PREFIX_PATH=/opt/ros/foxy /usr/bin/cmake --install /home/codybui/dev_machine/build/my_package
[0.300s] -- Install configuration: ""
[0.301s] -- Up-to-date: /home/codybui/dev_machine/install/my_package/share/my_package/launch
[0.301s] -- Up-to-date: /home/codybui/dev_machine/install/my_package/share/my_package/launch/talker.launch.py
[0.307s] -- Up-to-date: /home/codybui/dev_machine/install/my_package/share/ament_index/resource_index/package_run_dependencies/my_package
[0.309s] -- Up-to-date: /home/codybui/dev_machine/install/my_package/share/ament_index/resource_index/parent_prefix_path/my_package
[0.312s] -- Up-to-date: /home/codybui/dev_machine/install/my_package/share/my_package/environment/ament_prefix_path.sh
[0.314s] -- Up-to-date: /home/codybui/dev_machine/install/my_package/share/my_package/environment/ament_prefix_path.dsv
[0.315s] -- Up-to-date: /home/codybui/dev_machine/install/my_package/share/my_package/environment/path.sh
[0.317s] -- Up-to-date: /home/codybui/dev_machine/install/my_package/share/my_package/environment/path.dsv
[0.318s] -- Up-to-date: /home/codybui/dev_machine/install/my_package/share/my_package/local_setup.bash
[0.319s] -- Up-to-date: /home/codybui/dev_machine/install/my_package/share/my_package/local_setup.sh
[0.320s] -- Up-to-date: /home/codybui/dev_machine/install/my_package/share/my_package/local_setup.zsh
[0.320s] -- Up-to-date: /home/codybui/dev_machine/install/my_package/share/my_package/local_setup.dsv
[0.321s] -- Installing: /home/codybui/dev_machine/install/my_package/share/my_package/package.dsv
[0.322s] -- Up-to-date: /home/codybui/dev_machine/install/my_package/share/ament_index/resource_index/packages/my_package
[0.322s] -- Up-to-date: /home/codybui/dev_machine/install/my_package/share/my_package/cmake/my_packageConfig.cmake
[0.326s] -- Up-to-date: /home/codybui/dev_machine/install/my_package/share/my_package/cmake/my_packageConfig-version.cmake
[0.326s] -- Up-to-date: /home/codybui/dev_machine/install/my_package/share/my_package/package.xml
[0.342s] Invoked command in '/home/codybui/dev_machine/build/my_package' returned '0': CMAKE_PREFIX_PATH=/opt/ros/foxy /usr/bin/cmake --install /home/codybui/dev_machine/build/my_package
