[0.059s] Invoking command in '/home/codybui/dev_machine/build/my_package': CMAKE_PREFIX_PATH=/opt/ros/foxy /usr/bin/cmake --build /home/codybui/dev_machine/build/my_package -- -j16 -l16
[0.157s] Invoked command in '/home/codybui/dev_machine/build/my_package' returned '0': CMAKE_PREFIX_PATH=/opt/ros/foxy /usr/bin/cmake --build /home/codybui/dev_machine/build/my_package -- -j16 -l16
[0.233s] Invoking command in '/home/codybui/dev_machine/build/my_package': CMAKE_PREFIX_PATH=/opt/ros/foxy /usr/bin/cmake --install /home/codybui/dev_machine/build/my_package
[0.258s] -- Install configuration: ""
[0.259s] -- Up-to-date: /home/codybui/dev_machine/install/my_package/share/my_package/launch
[0.260s] -- Up-to-date: /home/codybui/dev_machine/install/my_package/share/my_package/launch/talker.launch.py
[0.260s] -- Up-to-date: /home/codybui/dev_machine/install/my_package/share/ament_index/resource_index/package_run_dependencies/my_package
[0.261s] -- Up-to-date: /home/codybui/dev_machine/install/my_package/share/ament_index/resource_index/parent_prefix_path/my_package
[0.262s] -- Up-to-date: /home/codybui/dev_machine/install/my_package/share/my_package/environment/ament_prefix_path.sh
[0.262s] -- Up-to-date: /home/codybui/dev_machine/install/my_package/share/my_package/environment/ament_prefix_path.dsv
[0.262s] -- Up-to-date: /home/codybui/dev_machine/install/my_package/share/my_package/environment/path.sh
[0.268s] -- Up-to-date: /home/codybui/dev_machine/install/my_package/share/my_package/environment/path.dsv
[0.270s] -- Up-to-date: /home/codybui/dev_machine/install/my_package/share/my_package/local_setup.bash
[0.271s] -- Up-to-date: /home/codybui/dev_machine/install/my_package/share/my_package/local_setup.sh
[0.271s] -- Up-to-date: /home/codybui/dev_machine/install/my_package/share/my_package/local_setup.zsh
[0.272s] -- Up-to-date: /home/codybui/dev_machine/install/my_package/share/my_package/local_setup.dsv
[0.272s] -- Installing: /home/codybui/dev_machine/install/my_package/share/my_package/package.dsv
[0.274s] -- Up-to-date: /home/codybui/dev_machine/install/my_package/share/ament_index/resource_index/packages/my_package
[0.275s] -- Up-to-date: /home/codybui/dev_machine/install/my_package/share/my_package/cmake/my_packageConfig.cmake
[0.277s] -- Up-to-date: /home/codybui/dev_machine/install/my_package/share/my_package/cmake/my_packageConfig-version.cmake
[0.277s] -- Up-to-date: /home/codybui/dev_machine/install/my_package/share/my_package/package.xml
[0.297s] Invoked command in '/home/codybui/dev_machine/build/my_package' returned '0': CMAKE_PREFIX_PATH=/opt/ros/foxy /usr/bin/cmake --install /home/codybui/dev_machine/build/my_package
