[0.050s] Invoking command in '/home/codybui/dev_machine/build/my_package': CMAKE_PREFIX_PATH=/opt/ros/foxy /usr/bin/cmake --build /home/codybui/dev_machine/build/my_package -- -j16 -l16
[0.121s] Invoked command in '/home/codybui/dev_machine/build/my_package' returned '0': CMAKE_PREFIX_PATH=/opt/ros/foxy /usr/bin/cmake --build /home/codybui/dev_machine/build/my_package -- -j16 -l16
[0.176s] Invoking command in '/home/codybui/dev_machine/build/my_package': CMAKE_PREFIX_PATH=/opt/ros/foxy /usr/bin/cmake --install /home/codybui/dev_machine/build/my_package
[0.192s] -- Install configuration: ""
[0.194s] -- Up-to-date: /home/codybui/dev_machine/install/my_package/share/my_package/launch
[0.195s] -- Up-to-date: /home/codybui/dev_machine/install/my_package/share/my_package/launch/talker.launch.py
[0.195s] -- Up-to-date: /home/codybui/dev_machine/install/my_package/share/ament_index/resource_index/package_run_dependencies/my_package
[0.195s] -- Up-to-date: /home/codybui/dev_machine/install/my_package/share/ament_index/resource_index/parent_prefix_path/my_package
[0.195s] -- Up-to-date: /home/codybui/dev_machine/install/my_package/share/my_package/environment/ament_prefix_path.sh
[0.196s] -- Up-to-date: /home/codybui/dev_machine/install/my_package/share/my_package/environment/ament_prefix_path.dsv
[0.196s] -- Up-to-date: /home/codybui/dev_machine/install/my_package/share/my_package/environment/path.sh
[0.196s] -- Up-to-date: /home/codybui/dev_machine/install/my_package/share/my_package/environment/path.dsv
[0.196s] -- Up-to-date: /home/codybui/dev_machine/install/my_package/share/my_package/local_setup.bash
[0.196s] -- Up-to-date: /home/codybui/dev_machine/install/my_package/share/my_package/local_setup.sh
[0.197s] -- Up-to-date: /home/codybui/dev_machine/install/my_package/share/my_package/local_setup.zsh
[0.198s] -- Up-to-date: /home/codybui/dev_machine/install/my_package/share/my_package/local_setup.dsv
[0.198s] -- Installing: /home/codybui/dev_machine/install/my_package/share/my_package/package.dsv
[0.198s] -- Up-to-date: /home/codybui/dev_machine/install/my_package/share/ament_index/resource_index/packages/my_package
[0.198s] -- Up-to-date: /home/codybui/dev_machine/install/my_package/share/my_package/cmake/my_packageConfig.cmake
[0.198s] -- Up-to-date: /home/codybui/dev_machine/install/my_package/share/my_package/cmake/my_packageConfig-version.cmake
[0.198s] -- Up-to-date: /home/codybui/dev_machine/install/my_package/share/my_package/package.xml
[0.204s] Invoked command in '/home/codybui/dev_machine/build/my_package' returned '0': CMAKE_PREFIX_PATH=/opt/ros/foxy /usr/bin/cmake --install /home/codybui/dev_machine/build/my_package
