[0.241s] DEBUG:colcon:Command line arguments: ['/usr/bin/colcon', 'build']
[0.242s] DEBUG:colcon:Parsed command line arguments: Namespace(allow_overriding=[], ament_cmake_args=None, base_paths=['.'], build_base='build', catkin_cmake_args=None, catkin_skip_building_tests=False, cmake_args=None, cmake_clean_cache=False, cmake_clean_first=False, cmake_force_configure=False, cmake_target=None, cmake_target_skip_unavailable=False, continue_on_error=False, event_handlers=None, executor='parallel', ignore_user_meta=False, install_base='install', log_base=None, log_level=None, main=<bound method BuildVerb.main of <colcon_core.verb.build.BuildVerb object at 0x7f27ca5e6550>>, merge_install=False, metas=['./colcon.meta'], packages_above=None, packages_above_and_dependencies=None, packages_above_depth=None, packages_end=None, packages_ignore=None, packages_ignore_regex=None, packages_select=None, packages_select_build_failed=False, packages_select_by_dep=None, packages_select_regex=None, packages_select_test_failures=False, packages_skip=None, packages_skip_build_finished=False, packages_skip_by_dep=None, packages_skip_regex=None, packages_skip_test_passed=False, packages_skip_up_to=None, packages_start=None, packages_up_to=None, packages_up_to_regex=None, parallel_workers=16, paths=None, symlink_install=False, test_result_base=None, verb_extension=<colcon_core.verb.build.BuildVerb object at 0x7f27ca5e6550>, verb_name='build', verb_parser=<colcon_defaults.argument_parser.defaults.DefaultArgumentsDecorator object at 0x7f27ca5e6a90>)
[0.263s] Level 1:colcon.colcon_core.package_discovery:discover_packages(colcon_meta) check parameters
[0.263s] Level 1:colcon.colcon_core.package_discovery:discover_packages(recursive) check parameters
[0.263s] Level 1:colcon.colcon_core.package_discovery:discover_packages(ignore) check parameters
[0.263s] Level 1:colcon.colcon_core.package_discovery:discover_packages(path) check parameters
[0.263s] Level 1:colcon.colcon_core.package_discovery:discover_packages(colcon_meta) discover
[0.263s] Level 1:colcon.colcon_core.package_discovery:discover_packages(recursive) discover
[0.263s] INFO:colcon.colcon_core.package_discovery:Crawling recursively for packages in '/home/codybui/dev_machine'
[0.263s] Level 1:colcon.colcon_core.package_identification:_identify(.) by extensions ['ignore', 'ignore_ament_install']
[0.263s] Level 1:colcon.colcon_core.package_identification:_identify(.) by extension 'ignore'
[0.263s] Level 1:colcon.colcon_core.package_identification:_identify(.) by extension 'ignore_ament_install'
[0.263s] Level 1:colcon.colcon_core.package_identification:_identify(.) by extensions ['colcon_pkg']
[0.263s] Level 1:colcon.colcon_core.package_identification:_identify(.) by extension 'colcon_pkg'
[0.263s] Level 1:colcon.colcon_core.package_identification:_identify(.) by extensions ['colcon_meta']
[0.263s] Level 1:colcon.colcon_core.package_identification:_identify(.) by extension 'colcon_meta'
[0.263s] Level 1:colcon.colcon_core.package_identification:_identify(.) by extensions ['ros']
[0.263s] Level 1:colcon.colcon_core.package_identification:_identify(.) by extension 'ros'
[0.287s] Level 1:colcon.colcon_core.package_identification:_identify(.) by extensions ['cmake', 'python']
[0.287s] Level 1:colcon.colcon_core.package_identification:_identify(.) by extension 'cmake'
[0.287s] Level 1:colcon.colcon_core.package_identification:_identify(.) by extension 'python'
[0.287s] Level 1:colcon.colcon_core.package_identification:_identify(.) by extensions ['python_setup_py']
[0.287s] Level 1:colcon.colcon_core.package_identification:_identify(.) by extension 'python_setup_py'
[0.287s] Level 1:colcon.colcon_core.package_identification:_identify(build) by extensions ['ignore', 'ignore_ament_install']
[0.287s] Level 1:colcon.colcon_core.package_identification:_identify(build) by extension 'ignore'
[0.287s] Level 1:colcon.colcon_core.package_identification:_identify(build) ignored
[0.287s] Level 1:colcon.colcon_core.package_identification:_identify(install) by extensions ['ignore', 'ignore_ament_install']
[0.287s] Level 1:colcon.colcon_core.package_identification:_identify(install) by extension 'ignore'
[0.287s] Level 1:colcon.colcon_core.package_identification:_identify(install) ignored
[0.287s] Level 1:colcon.colcon_core.package_identification:_identify(log) by extensions ['ignore', 'ignore_ament_install']
[0.287s] Level 1:colcon.colcon_core.package_identification:_identify(log) by extension 'ignore'
[0.287s] Level 1:colcon.colcon_core.package_identification:_identify(log) ignored
[0.288s] Level 1:colcon.colcon_core.package_identification:_identify(src) by extensions ['ignore', 'ignore_ament_install']
[0.288s] Level 1:colcon.colcon_core.package_identification:_identify(src) by extension 'ignore'
[0.288s] Level 1:colcon.colcon_core.package_identification:_identify(src) by extension 'ignore_ament_install'
[0.288s] Level 1:colcon.colcon_core.package_identification:_identify(src) by extensions ['colcon_pkg']
[0.288s] Level 1:colcon.colcon_core.package_identification:_identify(src) by extension 'colcon_pkg'
[0.288s] Level 1:colcon.colcon_core.package_identification:_identify(src) by extensions ['colcon_meta']
[0.288s] Level 1:colcon.colcon_core.package_identification:_identify(src) by extension 'colcon_meta'
[0.288s] Level 1:colcon.colcon_core.package_identification:_identify(src) by extensions ['ros']
[0.288s] Level 1:colcon.colcon_core.package_identification:_identify(src) by extension 'ros'
[0.288s] Level 1:colcon.colcon_core.package_identification:_identify(src) by extensions ['cmake', 'python']
[0.288s] Level 1:colcon.colcon_core.package_identification:_identify(src) by extension 'cmake'
[0.288s] Level 1:colcon.colcon_core.package_identification:_identify(src) by extension 'python'
[0.288s] Level 1:colcon.colcon_core.package_identification:_identify(src) by extensions ['python_setup_py']
[0.288s] Level 1:colcon.colcon_core.package_identification:_identify(src) by extension 'python_setup_py'
[0.288s] Level 1:colcon.colcon_core.package_identification:_identify(src/my_package) by extensions ['ignore', 'ignore_ament_install']
[0.288s] Level 1:colcon.colcon_core.package_identification:_identify(src/my_package) by extension 'ignore'
[0.288s] Level 1:colcon.colcon_core.package_identification:_identify(src/my_package) by extension 'ignore_ament_install'
[0.288s] Level 1:colcon.colcon_core.package_identification:_identify(src/my_package) by extensions ['colcon_pkg']
[0.288s] Level 1:colcon.colcon_core.package_identification:_identify(src/my_package) by extension 'colcon_pkg'
[0.288s] Level 1:colcon.colcon_core.package_identification:_identify(src/my_package) by extensions ['colcon_meta']
[0.288s] Level 1:colcon.colcon_core.package_identification:_identify(src/my_package) by extension 'colcon_meta'
[0.288s] Level 1:colcon.colcon_core.package_identification:_identify(src/my_package) by extensions ['ros']
[0.288s] Level 1:colcon.colcon_core.package_identification:_identify(src/my_package) by extension 'ros'
[0.290s] DEBUG:colcon.colcon_core.package_identification:Package 'src/my_package' with type 'ros.ament_cmake' and name 'my_package'
[0.290s] Level 1:colcon.colcon_core.package_identification:_identify(src/nav2_demo) by extensions ['ignore', 'ignore_ament_install']
[0.290s] Level 1:colcon.colcon_core.package_identification:_identify(src/nav2_demo) by extension 'ignore'
[0.290s] Level 1:colcon.colcon_core.package_identification:_identify(src/nav2_demo) by extension 'ignore_ament_install'
[0.290s] Level 1:colcon.colcon_core.package_identification:_identify(src/nav2_demo) by extensions ['colcon_pkg']
[0.290s] Level 1:colcon.colcon_core.package_identification:_identify(src/nav2_demo) by extension 'colcon_pkg'
[0.290s] Level 1:colcon.colcon_core.package_identification:_identify(src/nav2_demo) by extensions ['colcon_meta']
[0.290s] Level 1:colcon.colcon_core.package_identification:_identify(src/nav2_demo) by extension 'colcon_meta'
[0.290s] Level 1:colcon.colcon_core.package_identification:_identify(src/nav2_demo) by extensions ['ros']
[0.291s] Level 1:colcon.colcon_core.package_identification:_identify(src/nav2_demo) by extension 'ros'
[0.291s] DEBUG:colcon.colcon_core.package_identification:Package 'src/nav2_demo' with type 'ros.ament_cmake' and name 'nav2_demo'
[0.291s] Level 1:colcon.colcon_core.package_identification:_identify(src/robot-bring-up-dev) by extensions ['ignore', 'ignore_ament_install']
[0.291s] Level 1:colcon.colcon_core.package_identification:_identify(src/robot-bring-up-dev) by extension 'ignore'
[0.292s] Level 1:colcon.colcon_core.package_identification:_identify(src/robot-bring-up-dev) by extension 'ignore_ament_install'
[0.292s] Level 1:colcon.colcon_core.package_identification:_identify(src/robot-bring-up-dev) by extensions ['colcon_pkg']
[0.292s] Level 1:colcon.colcon_core.package_identification:_identify(src/robot-bring-up-dev) by extension 'colcon_pkg'
[0.292s] Level 1:colcon.colcon_core.package_identification:_identify(src/robot-bring-up-dev) by extensions ['colcon_meta']
[0.292s] Level 1:colcon.colcon_core.package_identification:_identify(src/robot-bring-up-dev) by extension 'colcon_meta'
[0.292s] Level 1:colcon.colcon_core.package_identification:_identify(src/robot-bring-up-dev) by extensions ['ros']
[0.292s] Level 1:colcon.colcon_core.package_identification:_identify(src/robot-bring-up-dev) by extension 'ros'
[0.293s] DEBUG:colcon.colcon_core.package_identification:Package 'src/robot-bring-up-dev' with type 'ros.ament_cmake' and name 'robot-bring-up-dev'
[0.293s] Level 1:colcon.colcon_core.package_identification:_identify(src/robot-slam-demo) by extensions ['ignore', 'ignore_ament_install']
[0.293s] Level 1:colcon.colcon_core.package_identification:_identify(src/robot-slam-demo) by extension 'ignore'
[0.293s] Level 1:colcon.colcon_core.package_identification:_identify(src/robot-slam-demo) by extension 'ignore_ament_install'
[0.293s] Level 1:colcon.colcon_core.package_identification:_identify(src/robot-slam-demo) by extensions ['colcon_pkg']
[0.293s] Level 1:colcon.colcon_core.package_identification:_identify(src/robot-slam-demo) by extension 'colcon_pkg'
[0.293s] Level 1:colcon.colcon_core.package_identification:_identify(src/robot-slam-demo) by extensions ['colcon_meta']
[0.293s] Level 1:colcon.colcon_core.package_identification:_identify(src/robot-slam-demo) by extension 'colcon_meta'
[0.293s] Level 1:colcon.colcon_core.package_identification:_identify(src/robot-slam-demo) by extensions ['ros']
[0.293s] Level 1:colcon.colcon_core.package_identification:_identify(src/robot-slam-demo) by extension 'ros'
[0.293s] DEBUG:colcon.colcon_core.package_identification:Package 'src/robot-slam-demo' with type 'ros.ament_cmake' and name 'robot-slam-demo'
[0.293s] Level 1:colcon.colcon_core.package_discovery:discover_packages(recursive) using defaults
[0.293s] Level 1:colcon.colcon_core.package_discovery:discover_packages(ignore) discover
[0.293s] Level 1:colcon.colcon_core.package_discovery:discover_packages(ignore) using defaults
[0.293s] Level 1:colcon.colcon_core.package_discovery:discover_packages(path) discover
[0.293s] Level 1:colcon.colcon_core.package_discovery:discover_packages(path) using defaults
[0.308s] Level 1:colcon.colcon_core.package_discovery:discover_packages(prefix_path) check parameters
[0.308s] Level 1:colcon.colcon_core.package_discovery:discover_packages(prefix_path) discover
[0.311s] DEBUG:colcon.colcon_installed_package_information.package_discovery:Found 320 installed packages in /opt/ros/foxy
[0.312s] Level 1:colcon.colcon_core.package_discovery:discover_packages(prefix_path) using defaults
[0.365s] Level 5:colcon.colcon_core.verb:set package 'my_package' build argument 'cmake_args' from command line to 'None'
[0.365s] Level 5:colcon.colcon_core.verb:set package 'my_package' build argument 'cmake_target' from command line to 'None'
[0.365s] Level 5:colcon.colcon_core.verb:set package 'my_package' build argument 'cmake_target_skip_unavailable' from command line to 'False'
[0.365s] Level 5:colcon.colcon_core.verb:set package 'my_package' build argument 'cmake_clean_cache' from command line to 'False'
[0.365s] Level 5:colcon.colcon_core.verb:set package 'my_package' build argument 'cmake_clean_first' from command line to 'False'
[0.365s] Level 5:colcon.colcon_core.verb:set package 'my_package' build argument 'cmake_force_configure' from command line to 'False'
[0.365s] Level 5:colcon.colcon_core.verb:set package 'my_package' build argument 'ament_cmake_args' from command line to 'None'
[0.365s] Level 5:colcon.colcon_core.verb:set package 'my_package' build argument 'catkin_cmake_args' from command line to 'None'
[0.365s] Level 5:colcon.colcon_core.verb:set package 'my_package' build argument 'catkin_skip_building_tests' from command line to 'False'
[0.365s] DEBUG:colcon.colcon_core.verb:Building package 'my_package' with the following arguments: {'ament_cmake_args': None, 'build_base': '/home/codybui/dev_machine/build/my_package', 'catkin_cmake_args': None, 'catkin_skip_building_tests': False, 'cmake_args': None, 'cmake_clean_cache': False, 'cmake_clean_first': False, 'cmake_force_configure': False, 'cmake_target': None, 'cmake_target_skip_unavailable': False, 'install_base': '/home/codybui/dev_machine/install/my_package', 'merge_install': False, 'path': '/home/codybui/dev_machine/src/my_package', 'symlink_install': False, 'test_result_base': None}
[0.366s] Level 5:colcon.colcon_core.verb:set package 'nav2_demo' build argument 'cmake_args' from command line to 'None'
[0.366s] Level 5:colcon.colcon_core.verb:set package 'nav2_demo' build argument 'cmake_target' from command line to 'None'
[0.366s] Level 5:colcon.colcon_core.verb:set package 'nav2_demo' build argument 'cmake_target_skip_unavailable' from command line to 'False'
[0.366s] Level 5:colcon.colcon_core.verb:set package 'nav2_demo' build argument 'cmake_clean_cache' from command line to 'False'
[0.366s] Level 5:colcon.colcon_core.verb:set package 'nav2_demo' build argument 'cmake_clean_first' from command line to 'False'
[0.366s] Level 5:colcon.colcon_core.verb:set package 'nav2_demo' build argument 'cmake_force_configure' from command line to 'False'
[0.366s] Level 5:colcon.colcon_core.verb:set package 'nav2_demo' build argument 'ament_cmake_args' from command line to 'None'
[0.366s] Level 5:colcon.colcon_core.verb:set package 'nav2_demo' build argument 'catkin_cmake_args' from command line to 'None'
[0.366s] Level 5:colcon.colcon_core.verb:set package 'nav2_demo' build argument 'catkin_skip_building_tests' from command line to 'False'
[0.366s] DEBUG:colcon.colcon_core.verb:Building package 'nav2_demo' with the following arguments: {'ament_cmake_args': None, 'build_base': '/home/codybui/dev_machine/build/nav2_demo', 'catkin_cmake_args': None, 'catkin_skip_building_tests': False, 'cmake_args': None, 'cmake_clean_cache': False, 'cmake_clean_first': False, 'cmake_force_configure': False, 'cmake_target': None, 'cmake_target_skip_unavailable': False, 'install_base': '/home/codybui/dev_machine/install/nav2_demo', 'merge_install': False, 'path': '/home/codybui/dev_machine/src/nav2_demo', 'symlink_install': False, 'test_result_base': None}
[0.367s] Level 5:colcon.colcon_core.verb:set package 'robot-bring-up-dev' build argument 'cmake_args' from command line to 'None'
[0.367s] Level 5:colcon.colcon_core.verb:set package 'robot-bring-up-dev' build argument 'cmake_target' from command line to 'None'
[0.367s] Level 5:colcon.colcon_core.verb:set package 'robot-bring-up-dev' build argument 'cmake_target_skip_unavailable' from command line to 'False'
[0.367s] Level 5:colcon.colcon_core.verb:set package 'robot-bring-up-dev' build argument 'cmake_clean_cache' from command line to 'False'
[0.367s] Level 5:colcon.colcon_core.verb:set package 'robot-bring-up-dev' build argument 'cmake_clean_first' from command line to 'False'
[0.367s] Level 5:colcon.colcon_core.verb:set package 'robot-bring-up-dev' build argument 'cmake_force_configure' from command line to 'False'
[0.367s] Level 5:colcon.colcon_core.verb:set package 'robot-bring-up-dev' build argument 'ament_cmake_args' from command line to 'None'
[0.367s] Level 5:colcon.colcon_core.verb:set package 'robot-bring-up-dev' build argument 'catkin_cmake_args' from command line to 'None'
[0.367s] Level 5:colcon.colcon_core.verb:set package 'robot-bring-up-dev' build argument 'catkin_skip_building_tests' from command line to 'False'
[0.367s] DEBUG:colcon.colcon_core.verb:Building package 'robot-bring-up-dev' with the following arguments: {'ament_cmake_args': None, 'build_base': '/home/codybui/dev_machine/build/robot-bring-up-dev', 'catkin_cmake_args': None, 'catkin_skip_building_tests': False, 'cmake_args': None, 'cmake_clean_cache': False, 'cmake_clean_first': False, 'cmake_force_configure': False, 'cmake_target': None, 'cmake_target_skip_unavailable': False, 'install_base': '/home/codybui/dev_machine/install/robot-bring-up-dev', 'merge_install': False, 'path': '/home/codybui/dev_machine/src/robot-bring-up-dev', 'symlink_install': False, 'test_result_base': None}
[0.368s] Level 5:colcon.colcon_core.verb:set package 'robot-slam-demo' build argument 'cmake_args' from command line to 'None'
[0.368s] Level 5:colcon.colcon_core.verb:set package 'robot-slam-demo' build argument 'cmake_target' from command line to 'None'
[0.368s] Level 5:colcon.colcon_core.verb:set package 'robot-slam-demo' build argument 'cmake_target_skip_unavailable' from command line to 'False'
[0.368s] Level 5:colcon.colcon_core.verb:set package 'robot-slam-demo' build argument 'cmake_clean_cache' from command line to 'False'
[0.368s] Level 5:colcon.colcon_core.verb:set package 'robot-slam-demo' build argument 'cmake_clean_first' from command line to 'False'
[0.368s] Level 5:colcon.colcon_core.verb:set package 'robot-slam-demo' build argument 'cmake_force_configure' from command line to 'False'
[0.368s] Level 5:colcon.colcon_core.verb:set package 'robot-slam-demo' build argument 'ament_cmake_args' from command line to 'None'
[0.368s] Level 5:colcon.colcon_core.verb:set package 'robot-slam-demo' build argument 'catkin_cmake_args' from command line to 'None'
[0.368s] Level 5:colcon.colcon_core.verb:set package 'robot-slam-demo' build argument 'catkin_skip_building_tests' from command line to 'False'
[0.368s] DEBUG:colcon.colcon_core.verb:Building package 'robot-slam-demo' with the following arguments: {'ament_cmake_args': None, 'build_base': '/home/codybui/dev_machine/build/robot-slam-demo', 'catkin_cmake_args': None, 'catkin_skip_building_tests': False, 'cmake_args': None, 'cmake_clean_cache': False, 'cmake_clean_first': False, 'cmake_force_configure': False, 'cmake_target': None, 'cmake_target_skip_unavailable': False, 'install_base': '/home/codybui/dev_machine/install/robot-slam-demo', 'merge_install': False, 'path': '/home/codybui/dev_machine/src/robot-slam-demo', 'symlink_install': False, 'test_result_base': None}
[0.368s] INFO:colcon.colcon_core.executor:Executing jobs using 'parallel' executor
[0.371s] DEBUG:colcon.colcon_parallel_executor.executor.parallel:run_until_complete
[0.371s] INFO:colcon.colcon_ros.task.ament_cmake.build:Building ROS package in '/home/codybui/dev_machine/src/my_package' with build type 'ament_cmake'
[0.371s] INFO:colcon.colcon_cmake.task.cmake.build:Building CMake package in '/home/codybui/dev_machine/src/my_package'
[0.375s] INFO:colcon.colcon_core.plugin_system:Skipping extension 'colcon_core.shell.bat': Not used on non-Windows systems
[0.375s] INFO:colcon.colcon_core.shell:Skip shell extension 'powershell' for command environment: Not usable outside of PowerShell
[0.375s] DEBUG:colcon.colcon_core.shell:Skip shell extension 'dsv' for command environment
[0.381s] INFO:colcon.colcon_ros.task.ament_cmake.build:Building ROS package in '/home/codybui/dev_machine/src/nav2_demo' with build type 'ament_cmake'
[0.382s] INFO:colcon.colcon_cmake.task.cmake.build:Building CMake package in '/home/codybui/dev_machine/src/nav2_demo'
[0.385s] INFO:colcon.colcon_core.shell:Skip shell extension 'powershell' for command environment: Not usable outside of PowerShell
[0.385s] DEBUG:colcon.colcon_core.shell:Skip shell extension 'dsv' for command environment
[0.394s] INFO:colcon.colcon_ros.task.ament_cmake.build:Building ROS package in '/home/codybui/dev_machine/src/robot-bring-up-dev' with build type 'ament_cmake'
[0.394s] INFO:colcon.colcon_cmake.task.cmake.build:Building CMake package in '/home/codybui/dev_machine/src/robot-bring-up-dev'
[0.396s] INFO:colcon.colcon_core.shell:Skip shell extension 'powershell' for command environment: Not usable outside of PowerShell
[0.396s] DEBUG:colcon.colcon_core.shell:Skip shell extension 'dsv' for command environment
[0.404s] INFO:colcon.colcon_ros.task.ament_cmake.build:Building ROS package in '/home/codybui/dev_machine/src/robot-slam-demo' with build type 'ament_cmake'
[0.404s] INFO:colcon.colcon_cmake.task.cmake.build:Building CMake package in '/home/codybui/dev_machine/src/robot-slam-demo'
[0.406s] INFO:colcon.colcon_core.shell:Skip shell extension 'powershell' for command environment: Not usable outside of PowerShell
[0.406s] DEBUG:colcon.colcon_core.shell:Skip shell extension 'dsv' for command environment
[0.424s] DEBUG:colcon.colcon_core.event_handler.log_command:Invoking command in '/home/codybui/dev_machine/build/my_package': CMAKE_PREFIX_PATH=/opt/ros/foxy /usr/bin/cmake --build /home/codybui/dev_machine/build/my_package -- -j16 -l16
[0.430s] DEBUG:colcon.colcon_core.event_handler.log_command:Invoking command in '/home/codybui/dev_machine/build/nav2_demo': CMAKE_PREFIX_PATH=/opt/ros/foxy /usr/bin/cmake --build /home/codybui/dev_machine/build/nav2_demo -- -j16 -l16
[0.436s] DEBUG:colcon.colcon_core.event_handler.log_command:Invoking command in '/home/codybui/dev_machine/build/robot-bring-up-dev': CMAKE_PREFIX_PATH=/opt/ros/foxy /usr/bin/cmake --build /home/codybui/dev_machine/build/robot-bring-up-dev -- -j16 -l16
[0.443s] DEBUG:colcon.colcon_core.event_handler.log_command:Invoking command in '/home/codybui/dev_machine/build/robot-slam-demo': CMAKE_PREFIX_PATH=/opt/ros/foxy /usr/bin/cmake --build /home/codybui/dev_machine/build/robot-slam-demo -- -j16 -l16
[0.469s] DEBUG:colcon.colcon_core.event_handler.log_command:Invoked command in '/home/codybui/dev_machine/build/my_package' returned '0': CMAKE_PREFIX_PATH=/opt/ros/foxy /usr/bin/cmake --build /home/codybui/dev_machine/build/my_package -- -j16 -l16
[0.478s] DEBUG:colcon.colcon_core.event_handler.log_command:Invoked command in '/home/codybui/dev_machine/build/nav2_demo' returned '0': CMAKE_PREFIX_PATH=/opt/ros/foxy /usr/bin/cmake --build /home/codybui/dev_machine/build/nav2_demo -- -j16 -l16
[0.489s] DEBUG:colcon.colcon_core.event_handler.log_command:Invoked command in '/home/codybui/dev_machine/build/robot-bring-up-dev' returned '0': CMAKE_PREFIX_PATH=/opt/ros/foxy /usr/bin/cmake --build /home/codybui/dev_machine/build/robot-bring-up-dev -- -j16 -l16
[0.508s] DEBUG:colcon.colcon_core.event_handler.log_command:Invoking command in '/home/codybui/dev_machine/build/my_package': CMAKE_PREFIX_PATH=/opt/ros/foxy /usr/bin/cmake --install /home/codybui/dev_machine/build/my_package
[0.511s] DEBUG:colcon.colcon_core.event_handler.log_command:Invoked command in '/home/codybui/dev_machine/build/robot-slam-demo' returned '0': CMAKE_PREFIX_PATH=/opt/ros/foxy /usr/bin/cmake --build /home/codybui/dev_machine/build/robot-slam-demo -- -j16 -l16
[0.520s] DEBUG:colcon.colcon_core.event_handler.log_command:Invoking command in '/home/codybui/dev_machine/build/nav2_demo': CMAKE_PREFIX_PATH=/opt/ros/foxy /usr/bin/cmake --install /home/codybui/dev_machine/build/nav2_demo
[0.523s] Level 1:colcon.colcon_core.environment:create_environment_scripts_only(my_package)
[0.525s] DEBUG:colcon.colcon_core.event_handler.log_command:Invoked command in '/home/codybui/dev_machine/build/my_package' returned '0': CMAKE_PREFIX_PATH=/opt/ros/foxy /usr/bin/cmake --install /home/codybui/dev_machine/build/my_package
[0.534s] Level 1:colcon.colcon_core.environment:checking '/home/codybui/dev_machine/install/my_package' for CMake module files
[0.536s] Level 1:colcon.colcon_core.environment:checking '/home/codybui/dev_machine/install/my_package' for CMake config files
[0.537s] Level 1:colcon.colcon_core.shell:create_environment_hook('my_package', 'cmake_prefix_path')
[0.538s] INFO:colcon.colcon_core.shell:Creating environment hook '/home/codybui/dev_machine/install/my_package/share/my_package/hook/cmake_prefix_path.ps1'
[0.539s] INFO:colcon.colcon_core.shell:Creating environment descriptor '/home/codybui/dev_machine/install/my_package/share/my_package/hook/cmake_prefix_path.dsv'
[0.539s] INFO:colcon.colcon_core.shell:Creating environment hook '/home/codybui/dev_machine/install/my_package/share/my_package/hook/cmake_prefix_path.sh'
[0.540s] Level 1:colcon.colcon_core.environment:checking '/home/codybui/dev_machine/install/my_package/bin'
[0.540s] Level 1:colcon.colcon_core.environment:checking '/home/codybui/dev_machine/install/my_package/lib/pkgconfig/my_package.pc'
[0.540s] Level 1:colcon.colcon_core.environment:checking '/home/codybui/dev_machine/install/my_package/lib/python3.8/site-packages'
[0.541s] Level 1:colcon.colcon_core.environment:checking '/home/codybui/dev_machine/install/my_package/bin'
[0.542s] INFO:colcon.colcon_core.shell:Creating package script '/home/codybui/dev_machine/install/my_package/share/my_package/package.ps1'
[0.542s] INFO:colcon.colcon_core.shell:Creating package descriptor '/home/codybui/dev_machine/install/my_package/share/my_package/package.dsv'
[0.543s] INFO:colcon.colcon_core.shell:Creating package script '/home/codybui/dev_machine/install/my_package/share/my_package/package.sh'
[0.544s] INFO:colcon.colcon_core.shell:Creating package script '/home/codybui/dev_machine/install/my_package/share/my_package/package.bash'
[0.544s] INFO:colcon.colcon_core.shell:Creating package script '/home/codybui/dev_machine/install/my_package/share/my_package/package.zsh'
[0.545s] Level 1:colcon.colcon_core.environment:create_file_with_runtime_dependencies(/home/codybui/dev_machine/install/my_package/share/colcon-core/packages/my_package)
[0.551s] DEBUG:colcon.colcon_core.event_handler.log_command:Invoking command in '/home/codybui/dev_machine/build/robot-bring-up-dev': CMAKE_PREFIX_PATH=/opt/ros/foxy /usr/bin/cmake --install /home/codybui/dev_machine/build/robot-bring-up-dev
[0.556s] DEBUG:colcon.colcon_core.event_handler.log_command:Invoking command in '/home/codybui/dev_machine/build/robot-slam-demo': CMAKE_PREFIX_PATH=/opt/ros/foxy /usr/bin/cmake --install /home/codybui/dev_machine/build/robot-slam-demo
[0.557s] Level 1:colcon.colcon_core.environment:create_environment_scripts_only(nav2_demo)
[0.561s] Level 1:colcon.colcon_core.environment:checking '/home/codybui/dev_machine/install/nav2_demo' for CMake module files
[0.562s] DEBUG:colcon.colcon_core.event_handler.log_command:Invoked command in '/home/codybui/dev_machine/build/nav2_demo' returned '0': CMAKE_PREFIX_PATH=/opt/ros/foxy /usr/bin/cmake --install /home/codybui/dev_machine/build/nav2_demo
[0.564s] Level 1:colcon.colcon_core.environment:checking '/home/codybui/dev_machine/install/nav2_demo' for CMake config files
[0.566s] Level 1:colcon.colcon_core.shell:create_environment_hook('nav2_demo', 'cmake_prefix_path')
[0.568s] INFO:colcon.colcon_core.shell:Creating environment hook '/home/codybui/dev_machine/install/nav2_demo/share/nav2_demo/hook/cmake_prefix_path.ps1'
[0.570s] INFO:colcon.colcon_core.shell:Creating environment descriptor '/home/codybui/dev_machine/install/nav2_demo/share/nav2_demo/hook/cmake_prefix_path.dsv'
[0.570s] INFO:colcon.colcon_core.shell:Creating environment hook '/home/codybui/dev_machine/install/nav2_demo/share/nav2_demo/hook/cmake_prefix_path.sh'
[0.571s] Level 1:colcon.colcon_core.environment:checking '/home/codybui/dev_machine/install/nav2_demo/bin'
[0.571s] Level 1:colcon.colcon_core.environment:checking '/home/codybui/dev_machine/install/nav2_demo/lib/pkgconfig/nav2_demo.pc'
[0.571s] Level 1:colcon.colcon_core.environment:checking '/home/codybui/dev_machine/install/nav2_demo/lib/python3.8/site-packages'
[0.571s] Level 1:colcon.colcon_core.environment:checking '/home/codybui/dev_machine/install/nav2_demo/bin'
[0.572s] INFO:colcon.colcon_core.shell:Creating package script '/home/codybui/dev_machine/install/nav2_demo/share/nav2_demo/package.ps1'
[0.573s] INFO:colcon.colcon_core.shell:Creating package descriptor '/home/codybui/dev_machine/install/nav2_demo/share/nav2_demo/package.dsv'
[0.576s] INFO:colcon.colcon_core.shell:Creating package script '/home/codybui/dev_machine/install/nav2_demo/share/nav2_demo/package.sh'
[0.577s] INFO:colcon.colcon_core.shell:Creating package script '/home/codybui/dev_machine/install/nav2_demo/share/nav2_demo/package.bash'
[0.578s] INFO:colcon.colcon_core.shell:Creating package script '/home/codybui/dev_machine/install/nav2_demo/share/nav2_demo/package.zsh'
[0.579s] Level 1:colcon.colcon_core.environment:create_file_with_runtime_dependencies(/home/codybui/dev_machine/install/nav2_demo/share/colcon-core/packages/nav2_demo)
[0.585s] Level 1:colcon.colcon_core.environment:create_environment_scripts_only(robot-slam-demo)
[0.587s] Level 1:colcon.colcon_core.environment:checking '/home/codybui/dev_machine/install/robot-slam-demo' for CMake module files
[0.588s] DEBUG:colcon.colcon_core.event_handler.log_command:Invoked command in '/home/codybui/dev_machine/build/robot-slam-demo' returned '0': CMAKE_PREFIX_PATH=/opt/ros/foxy /usr/bin/cmake --install /home/codybui/dev_machine/build/robot-slam-demo
[0.589s] Level 1:colcon.colcon_core.environment:checking '/home/codybui/dev_machine/install/robot-slam-demo' for CMake config files
[0.589s] Level 1:colcon.colcon_core.shell:create_environment_hook('robot-slam-demo', 'cmake_prefix_path')
[0.591s] INFO:colcon.colcon_core.shell:Creating environment hook '/home/codybui/dev_machine/install/robot-slam-demo/share/robot-slam-demo/hook/cmake_prefix_path.ps1'
[0.592s] INFO:colcon.colcon_core.shell:Creating environment descriptor '/home/codybui/dev_machine/install/robot-slam-demo/share/robot-slam-demo/hook/cmake_prefix_path.dsv'
[0.592s] INFO:colcon.colcon_core.shell:Creating environment hook '/home/codybui/dev_machine/install/robot-slam-demo/share/robot-slam-demo/hook/cmake_prefix_path.sh'
[0.594s] Level 1:colcon.colcon_core.environment:checking '/home/codybui/dev_machine/install/robot-slam-demo/bin'
[0.594s] Level 1:colcon.colcon_core.environment:checking '/home/codybui/dev_machine/install/robot-slam-demo/lib/pkgconfig/robot-slam-demo.pc'
[0.595s] Level 1:colcon.colcon_core.environment:checking '/home/codybui/dev_machine/install/robot-slam-demo/lib/python3.8/site-packages'
[0.595s] Level 1:colcon.colcon_core.environment:checking '/home/codybui/dev_machine/install/robot-slam-demo/bin'
[0.598s] INFO:colcon.colcon_core.shell:Creating package script '/home/codybui/dev_machine/install/robot-slam-demo/share/robot-slam-demo/package.ps1'
[0.600s] INFO:colcon.colcon_core.shell:Creating package descriptor '/home/codybui/dev_machine/install/robot-slam-demo/share/robot-slam-demo/package.dsv'
[0.601s] INFO:colcon.colcon_core.shell:Creating package script '/home/codybui/dev_machine/install/robot-slam-demo/share/robot-slam-demo/package.sh'
[0.601s] INFO:colcon.colcon_core.shell:Creating package script '/home/codybui/dev_machine/install/robot-slam-demo/share/robot-slam-demo/package.bash'
[0.602s] INFO:colcon.colcon_core.shell:Creating package script '/home/codybui/dev_machine/install/robot-slam-demo/share/robot-slam-demo/package.zsh'
[0.602s] Level 1:colcon.colcon_core.environment:create_file_with_runtime_dependencies(/home/codybui/dev_machine/install/robot-slam-demo/share/colcon-core/packages/robot-slam-demo)
[0.606s] Level 1:colcon.colcon_core.environment:create_environment_scripts_only(my_package)
[0.609s] Level 1:colcon.colcon_core.environment:checking '/home/codybui/dev_machine/install/my_package' for CMake module files
[0.609s] Level 1:colcon.colcon_core.environment:checking '/home/codybui/dev_machine/install/my_package' for CMake config files
[0.610s] Level 1:colcon.colcon_core.shell:create_environment_hook('my_package', 'cmake_prefix_path')
[0.611s] INFO:colcon.colcon_core.shell:Creating environment hook '/home/codybui/dev_machine/install/my_package/share/my_package/hook/cmake_prefix_path.ps1'
[0.612s] INFO:colcon.colcon_core.shell:Creating environment descriptor '/home/codybui/dev_machine/install/my_package/share/my_package/hook/cmake_prefix_path.dsv'
[0.612s] INFO:colcon.colcon_core.shell:Creating environment hook '/home/codybui/dev_machine/install/my_package/share/my_package/hook/cmake_prefix_path.sh'
[0.613s] Level 1:colcon.colcon_core.environment:checking '/home/codybui/dev_machine/install/my_package/bin'
[0.614s] Level 1:colcon.colcon_core.environment:checking '/home/codybui/dev_machine/install/my_package/lib/pkgconfig/my_package.pc'
[0.614s] Level 1:colcon.colcon_core.environment:checking '/home/codybui/dev_machine/install/my_package/lib/python3.8/site-packages'
[0.614s] Level 1:colcon.colcon_core.environment:checking '/home/codybui/dev_machine/install/my_package/bin'
[0.615s] INFO:colcon.colcon_core.shell:Creating package script '/home/codybui/dev_machine/install/my_package/share/my_package/package.ps1'
[0.615s] INFO:colcon.colcon_core.shell:Creating package descriptor '/home/codybui/dev_machine/install/my_package/share/my_package/package.dsv'
[0.616s] INFO:colcon.colcon_core.shell:Creating package script '/home/codybui/dev_machine/install/my_package/share/my_package/package.sh'
[0.616s] INFO:colcon.colcon_core.shell:Creating package script '/home/codybui/dev_machine/install/my_package/share/my_package/package.bash'
[0.616s] INFO:colcon.colcon_core.shell:Creating package script '/home/codybui/dev_machine/install/my_package/share/my_package/package.zsh'
[0.617s] Level 1:colcon.colcon_core.environment:create_file_with_runtime_dependencies(/home/codybui/dev_machine/install/my_package/share/colcon-core/packages/my_package)
[0.618s] Level 1:colcon.colcon_core.environment:create_environment_scripts_only(robot-bring-up-dev)
[0.620s] Level 1:colcon.colcon_core.environment:checking '/home/codybui/dev_machine/install/robot-bring-up-dev' for CMake module files
[0.621s] DEBUG:colcon.colcon_core.event_handler.log_command:Invoked command in '/home/codybui/dev_machine/build/robot-bring-up-dev' returned '0': CMAKE_PREFIX_PATH=/opt/ros/foxy /usr/bin/cmake --install /home/codybui/dev_machine/build/robot-bring-up-dev
[0.621s] Level 1:colcon.colcon_core.environment:checking '/home/codybui/dev_machine/install/robot-bring-up-dev' for CMake config files
[0.621s] Level 1:colcon.colcon_core.shell:create_environment_hook('robot-bring-up-dev', 'cmake_prefix_path')
[0.622s] INFO:colcon.colcon_core.shell:Creating environment hook '/home/codybui/dev_machine/install/robot-bring-up-dev/share/robot-bring-up-dev/hook/cmake_prefix_path.ps1'
[0.623s] INFO:colcon.colcon_core.shell:Creating environment descriptor '/home/codybui/dev_machine/install/robot-bring-up-dev/share/robot-bring-up-dev/hook/cmake_prefix_path.dsv'
[0.623s] INFO:colcon.colcon_core.shell:Creating environment hook '/home/codybui/dev_machine/install/robot-bring-up-dev/share/robot-bring-up-dev/hook/cmake_prefix_path.sh'
[0.624s] Level 1:colcon.colcon_core.environment:checking '/home/codybui/dev_machine/install/robot-bring-up-dev/lib'
[0.624s] Level 1:colcon.colcon_core.environment:checking '/home/codybui/dev_machine/install/robot-bring-up-dev/bin'
[0.624s] Level 1:colcon.colcon_core.environment:checking '/home/codybui/dev_machine/install/robot-bring-up-dev/lib/pkgconfig/robot-bring-up-dev.pc'
[0.624s] Level 1:colcon.colcon_core.environment:checking '/home/codybui/dev_machine/install/robot-bring-up-dev/lib/python3.8/site-packages'
[0.624s] Level 1:colcon.colcon_core.shell:create_environment_hook('robot-bring-up-dev', 'pythonpath')
[0.625s] INFO:colcon.colcon_core.shell:Creating environment hook '/home/codybui/dev_machine/install/robot-bring-up-dev/share/robot-bring-up-dev/hook/pythonpath.ps1'
[0.626s] INFO:colcon.colcon_core.shell:Creating environment descriptor '/home/codybui/dev_machine/install/robot-bring-up-dev/share/robot-bring-up-dev/hook/pythonpath.dsv'
[0.626s] INFO:colcon.colcon_core.shell:Creating environment hook '/home/codybui/dev_machine/install/robot-bring-up-dev/share/robot-bring-up-dev/hook/pythonpath.sh'
[0.627s] Level 1:colcon.colcon_core.environment:checking '/home/codybui/dev_machine/install/robot-bring-up-dev/bin'
[0.629s] INFO:colcon.colcon_core.shell:Creating package script '/home/codybui/dev_machine/install/robot-bring-up-dev/share/robot-bring-up-dev/package.ps1'
[0.631s] INFO:colcon.colcon_core.shell:Creating package descriptor '/home/codybui/dev_machine/install/robot-bring-up-dev/share/robot-bring-up-dev/package.dsv'
[0.631s] INFO:colcon.colcon_core.shell:Creating package script '/home/codybui/dev_machine/install/robot-bring-up-dev/share/robot-bring-up-dev/package.sh'
[0.632s] INFO:colcon.colcon_core.shell:Creating package script '/home/codybui/dev_machine/install/robot-bring-up-dev/share/robot-bring-up-dev/package.bash'
[0.632s] INFO:colcon.colcon_core.shell:Creating package script '/home/codybui/dev_machine/install/robot-bring-up-dev/share/robot-bring-up-dev/package.zsh'
[0.633s] Level 1:colcon.colcon_core.environment:create_file_with_runtime_dependencies(/home/codybui/dev_machine/install/robot-bring-up-dev/share/colcon-core/packages/robot-bring-up-dev)
[0.640s] Level 1:colcon.colcon_core.environment:create_environment_scripts_only(nav2_demo)
[0.642s] Level 1:colcon.colcon_core.environment:checking '/home/codybui/dev_machine/install/nav2_demo' for CMake module files
[0.642s] Level 1:colcon.colcon_core.environment:checking '/home/codybui/dev_machine/install/nav2_demo' for CMake config files
[0.642s] Level 1:colcon.colcon_core.shell:create_environment_hook('nav2_demo', 'cmake_prefix_path')
[0.643s] INFO:colcon.colcon_core.shell:Creating environment hook '/home/codybui/dev_machine/install/nav2_demo/share/nav2_demo/hook/cmake_prefix_path.ps1'
[0.644s] INFO:colcon.colcon_core.shell:Creating environment descriptor '/home/codybui/dev_machine/install/nav2_demo/share/nav2_demo/hook/cmake_prefix_path.dsv'
[0.644s] INFO:colcon.colcon_core.shell:Creating environment hook '/home/codybui/dev_machine/install/nav2_demo/share/nav2_demo/hook/cmake_prefix_path.sh'
[0.645s] Level 1:colcon.colcon_core.environment:checking '/home/codybui/dev_machine/install/nav2_demo/bin'
[0.645s] Level 1:colcon.colcon_core.environment:checking '/home/codybui/dev_machine/install/nav2_demo/lib/pkgconfig/nav2_demo.pc'
[0.645s] Level 1:colcon.colcon_core.environment:checking '/home/codybui/dev_machine/install/nav2_demo/lib/python3.8/site-packages'
[0.645s] Level 1:colcon.colcon_core.environment:checking '/home/codybui/dev_machine/install/nav2_demo/bin'
[0.646s] INFO:colcon.colcon_core.shell:Creating package script '/home/codybui/dev_machine/install/nav2_demo/share/nav2_demo/package.ps1'
[0.647s] INFO:colcon.colcon_core.shell:Creating package descriptor '/home/codybui/dev_machine/install/nav2_demo/share/nav2_demo/package.dsv'
[0.647s] INFO:colcon.colcon_core.shell:Creating package script '/home/codybui/dev_machine/install/nav2_demo/share/nav2_demo/package.sh'
[0.647s] INFO:colcon.colcon_core.shell:Creating package script '/home/codybui/dev_machine/install/nav2_demo/share/nav2_demo/package.bash'
[0.648s] INFO:colcon.colcon_core.shell:Creating package script '/home/codybui/dev_machine/install/nav2_demo/share/nav2_demo/package.zsh'
[0.648s] Level 1:colcon.colcon_core.environment:create_file_with_runtime_dependencies(/home/codybui/dev_machine/install/nav2_demo/share/colcon-core/packages/nav2_demo)
[0.650s] Level 1:colcon.colcon_core.environment:create_environment_scripts_only(robot-slam-demo)
[0.652s] Level 1:colcon.colcon_core.environment:checking '/home/codybui/dev_machine/install/robot-slam-demo' for CMake module files
[0.653s] Level 1:colcon.colcon_core.environment:checking '/home/codybui/dev_machine/install/robot-slam-demo' for CMake config files
[0.653s] Level 1:colcon.colcon_core.shell:create_environment_hook('robot-slam-demo', 'cmake_prefix_path')
[0.654s] INFO:colcon.colcon_core.shell:Creating environment hook '/home/codybui/dev_machine/install/robot-slam-demo/share/robot-slam-demo/hook/cmake_prefix_path.ps1'
[0.654s] INFO:colcon.colcon_core.shell:Creating environment descriptor '/home/codybui/dev_machine/install/robot-slam-demo/share/robot-slam-demo/hook/cmake_prefix_path.dsv'
[0.655s] INFO:colcon.colcon_core.shell:Creating environment hook '/home/codybui/dev_machine/install/robot-slam-demo/share/robot-slam-demo/hook/cmake_prefix_path.sh'
[0.655s] Level 1:colcon.colcon_core.environment:checking '/home/codybui/dev_machine/install/robot-slam-demo/bin'
[0.655s] Level 1:colcon.colcon_core.environment:checking '/home/codybui/dev_machine/install/robot-slam-demo/lib/pkgconfig/robot-slam-demo.pc'
[0.655s] Level 1:colcon.colcon_core.environment:checking '/home/codybui/dev_machine/install/robot-slam-demo/lib/python3.8/site-packages'
[0.655s] Level 1:colcon.colcon_core.environment:checking '/home/codybui/dev_machine/install/robot-slam-demo/bin'
[0.657s] INFO:colcon.colcon_core.shell:Creating package script '/home/codybui/dev_machine/install/robot-slam-demo/share/robot-slam-demo/package.ps1'
[0.657s] INFO:colcon.colcon_core.shell:Creating package descriptor '/home/codybui/dev_machine/install/robot-slam-demo/share/robot-slam-demo/package.dsv'
[0.658s] INFO:colcon.colcon_core.shell:Creating package script '/home/codybui/dev_machine/install/robot-slam-demo/share/robot-slam-demo/package.sh'
[0.658s] INFO:colcon.colcon_core.shell:Creating package script '/home/codybui/dev_machine/install/robot-slam-demo/share/robot-slam-demo/package.bash'
[0.659s] INFO:colcon.colcon_core.shell:Creating package script '/home/codybui/dev_machine/install/robot-slam-demo/share/robot-slam-demo/package.zsh'
[0.659s] Level 1:colcon.colcon_core.environment:create_file_with_runtime_dependencies(/home/codybui/dev_machine/install/robot-slam-demo/share/colcon-core/packages/robot-slam-demo)
[0.662s] Level 1:colcon.colcon_core.environment:create_environment_scripts_only(robot-bring-up-dev)
[0.664s] Level 1:colcon.colcon_core.environment:checking '/home/codybui/dev_machine/install/robot-bring-up-dev' for CMake module files
[0.665s] Level 1:colcon.colcon_core.environment:checking '/home/codybui/dev_machine/install/robot-bring-up-dev' for CMake config files
[0.665s] Level 1:colcon.colcon_core.shell:create_environment_hook('robot-bring-up-dev', 'cmake_prefix_path')
[0.667s] INFO:colcon.colcon_core.shell:Creating environment hook '/home/codybui/dev_machine/install/robot-bring-up-dev/share/robot-bring-up-dev/hook/cmake_prefix_path.ps1'
[0.667s] INFO:colcon.colcon_core.shell:Creating environment descriptor '/home/codybui/dev_machine/install/robot-bring-up-dev/share/robot-bring-up-dev/hook/cmake_prefix_path.dsv'
[0.668s] INFO:colcon.colcon_core.shell:Creating environment hook '/home/codybui/dev_machine/install/robot-bring-up-dev/share/robot-bring-up-dev/hook/cmake_prefix_path.sh'
[0.669s] Level 1:colcon.colcon_core.environment:checking '/home/codybui/dev_machine/install/robot-bring-up-dev/lib'
[0.670s] Level 1:colcon.colcon_core.environment:checking '/home/codybui/dev_machine/install/robot-bring-up-dev/bin'
[0.670s] Level 1:colcon.colcon_core.environment:checking '/home/codybui/dev_machine/install/robot-bring-up-dev/lib/pkgconfig/robot-bring-up-dev.pc'
[0.670s] Level 1:colcon.colcon_core.environment:checking '/home/codybui/dev_machine/install/robot-bring-up-dev/lib/python3.8/site-packages'
[0.670s] Level 1:colcon.colcon_core.shell:create_environment_hook('robot-bring-up-dev', 'pythonpath')
[0.671s] INFO:colcon.colcon_core.shell:Creating environment hook '/home/codybui/dev_machine/install/robot-bring-up-dev/share/robot-bring-up-dev/hook/pythonpath.ps1'
[0.672s] INFO:colcon.colcon_core.shell:Creating environment descriptor '/home/codybui/dev_machine/install/robot-bring-up-dev/share/robot-bring-up-dev/hook/pythonpath.dsv'
[0.672s] INFO:colcon.colcon_core.shell:Creating environment hook '/home/codybui/dev_machine/install/robot-bring-up-dev/share/robot-bring-up-dev/hook/pythonpath.sh'
[0.673s] Level 1:colcon.colcon_core.environment:checking '/home/codybui/dev_machine/install/robot-bring-up-dev/bin'
[0.674s] INFO:colcon.colcon_core.shell:Creating package script '/home/codybui/dev_machine/install/robot-bring-up-dev/share/robot-bring-up-dev/package.ps1'
[0.675s] INFO:colcon.colcon_core.shell:Creating package descriptor '/home/codybui/dev_machine/install/robot-bring-up-dev/share/robot-bring-up-dev/package.dsv'
[0.676s] INFO:colcon.colcon_core.shell:Creating package script '/home/codybui/dev_machine/install/robot-bring-up-dev/share/robot-bring-up-dev/package.sh'
[0.677s] INFO:colcon.colcon_core.shell:Creating package script '/home/codybui/dev_machine/install/robot-bring-up-dev/share/robot-bring-up-dev/package.bash'
[0.677s] INFO:colcon.colcon_core.shell:Creating package script '/home/codybui/dev_machine/install/robot-bring-up-dev/share/robot-bring-up-dev/package.zsh'
[0.678s] Level 1:colcon.colcon_core.environment:create_file_with_runtime_dependencies(/home/codybui/dev_machine/install/robot-bring-up-dev/share/colcon-core/packages/robot-bring-up-dev)
[0.679s] DEBUG:colcon.colcon_parallel_executor.executor.parallel:closing loop
[0.679s] DEBUG:colcon.colcon_parallel_executor.executor.parallel:loop closed
[0.679s] DEBUG:colcon.colcon_parallel_executor.executor.parallel:run_until_complete finished with '0'
[0.679s] DEBUG:colcon.colcon_core.event_reactor:joining thread
[0.690s] INFO:colcon.colcon_core.plugin_system:Skipping extension 'colcon_notification.desktop_notification.terminal_notifier': Not used on non-Darwin systems
[0.690s] INFO:colcon.colcon_core.plugin_system:Skipping extension 'colcon_notification.desktop_notification.win32': Not used on non-Windows systems
[0.691s] INFO:colcon.colcon_notification.desktop_notification:Sending desktop notification using 'notify2'
[0.714s] DEBUG:colcon.colcon_core.event_reactor:joined thread
[0.717s] INFO:colcon.colcon_core.shell:Creating prefix script '/home/codybui/dev_machine/install/local_setup.ps1'
[0.719s] INFO:colcon.colcon_core.shell:Creating prefix util module '/home/codybui/dev_machine/install/_local_setup_util_ps1.py'
[0.721s] INFO:colcon.colcon_core.shell:Creating prefix chain script '/home/codybui/dev_machine/install/setup.ps1'
[0.724s] INFO:colcon.colcon_core.shell:Creating prefix script '/home/codybui/dev_machine/install/local_setup.sh'
[0.725s] INFO:colcon.colcon_core.shell:Creating prefix util module '/home/codybui/dev_machine/install/_local_setup_util_sh.py'
[0.726s] INFO:colcon.colcon_core.shell:Creating prefix chain script '/home/codybui/dev_machine/install/setup.sh'
[0.728s] INFO:colcon.colcon_core.shell:Creating prefix script '/home/codybui/dev_machine/install/local_setup.bash'
[0.729s] INFO:colcon.colcon_core.shell:Creating prefix chain script '/home/codybui/dev_machine/install/setup.bash'
[0.730s] INFO:colcon.colcon_core.shell:Creating prefix script '/home/codybui/dev_machine/install/local_setup.zsh'
[0.730s] INFO:colcon.colcon_core.shell:Creating prefix chain script '/home/codybui/dev_machine/install/setup.zsh'
