[0.042s] Invoking command in '/home/codybui/dev_machine/build/my_package': CMAKE_PREFIX_PATH=/opt/ros/foxy /usr/bin/cmake /home/codybui/dev_machine/src/my_package -DCMAKE_INSTALL_PREFIX=/home/codybui/dev_machine/install/my_package
[0.169s] -- The C compiler identification is GNU 9.4.0
[0.277s] -- The CXX compiler identification is GNU 9.4.0
[0.285s] -- Check for working C compiler: /usr/bin/cc
[0.370s] -- Check for working C compiler: /usr/bin/cc -- works
[0.372s] -- Detecting C compiler ABI info
[0.454s] -- Detecting C compiler ABI info - done
[0.466s] -- Detecting C compile features
[0.466s] -- Detecting C compile features - done
[0.468s] -- Check for working CXX compiler: /usr/bin/c++
[0.575s] -- Check for working CXX compiler: /usr/bin/c++ -- works
[0.576s] -- Detecting CXX compiler ABI info
[0.679s] -- Detecting CXX compiler ABI info - done
[0.693s] -- Detecting CXX compile features
[0.694s] -- Detecting CXX compile features - done
[0.700s] -- Found ament_cmake: 0.9.11 (/opt/ros/foxy/share/ament_cmake/cmake)
[0.731s] -- Found PythonInterp: /usr/bin/python3 (found suitable version "3.8.10", minimum required is "3") 
[0.731s] -- Using PYTHON_EXECUTABLE: /usr/bin/python3
[0.923s] -- Found ament_lint_auto: 0.9.8 (/opt/ros/foxy/share/ament_lint_auto/cmake)
[1.005s] -- Added test 'copyright' to check source files copyright and LICENSE
[1.007s] -- Added test 'flake8' to check Python code syntax and style conventions
[1.007s] -- Added test 'lint_cmake' to check CMake code style
[1.008s] -- Added test 'pep257' to check Python code against some of the style conventions in PEP 257
[1.009s] -- Added test 'xmllint' to check XML markup files
[1.012s] -- Configuring done
[1.015s] -- Generating done
[1.016s] -- Build files have been written to: /home/codybui/dev_machine/build/my_package
[1.024s] Invoked command in '/home/codybui/dev_machine/build/my_package' returned '0': CMAKE_PREFIX_PATH=/opt/ros/foxy /usr/bin/cmake /home/codybui/dev_machine/src/my_package -DCMAKE_INSTALL_PREFIX=/home/codybui/dev_machine/install/my_package
[1.029s] Invoking command in '/home/codybui/dev_machine/build/my_package': CMAKE_PREFIX_PATH=/opt/ros/foxy /usr/bin/cmake --build /home/codybui/dev_machine/build/my_package -- -j16 -l16
[1.092s] Invoked command in '/home/codybui/dev_machine/build/my_package' returned '0': CMAKE_PREFIX_PATH=/opt/ros/foxy /usr/bin/cmake --build /home/codybui/dev_machine/build/my_package -- -j16 -l16
[1.147s] Invoking command in '/home/codybui/dev_machine/build/my_package': CMAKE_PREFIX_PATH=/opt/ros/foxy /usr/bin/cmake --install /home/codybui/dev_machine/build/my_package
[1.160s] -- Install configuration: ""
[1.160s] -- Installing: /home/codybui/dev_machine/install/my_package/share/my_package/launch
[1.160s] -- Installing: /home/codybui/dev_machine/install/my_package/share/my_package/launch/talker.launch.py
[1.160s] -- Installing: /home/codybui/dev_machine/install/my_package/share/ament_index/resource_index/package_run_dependencies/my_package
[1.160s] -- Installing: /home/codybui/dev_machine/install/my_package/share/ament_index/resource_index/parent_prefix_path/my_package
[1.161s] -- Installing: /home/codybui/dev_machine/install/my_package/share/my_package/environment/ament_prefix_path.sh
[1.161s] -- Installing: /home/codybui/dev_machine/install/my_package/share/my_package/environment/ament_prefix_path.dsv
[1.161s] -- Installing: /home/codybui/dev_machine/install/my_package/share/my_package/environment/path.sh
[1.161s] -- Installing: /home/codybui/dev_machine/install/my_package/share/my_package/environment/path.dsv
[1.161s] -- Installing: /home/codybui/dev_machine/install/my_package/share/my_package/local_setup.bash
[1.161s] -- Installing: /home/codybui/dev_machine/install/my_package/share/my_package/local_setup.sh
[1.161s] -- Installing: /home/codybui/dev_machine/install/my_package/share/my_package/local_setup.zsh
[1.161s] -- Installing: /home/codybui/dev_machine/install/my_package/share/my_package/local_setup.dsv
[1.162s] -- Installing: /home/codybui/dev_machine/install/my_package/share/my_package/package.dsv
[1.162s] -- Installing: /home/codybui/dev_machine/install/my_package/share/ament_index/resource_index/packages/my_package
[1.163s] -- Installing: /home/codybui/dev_machine/install/my_package/share/my_package/cmake/my_packageConfig.cmake
[1.163s] -- Installing: /home/codybui/dev_machine/install/my_package/share/my_package/cmake/my_packageConfig-version.cmake
[1.163s] -- Installing: /home/codybui/dev_machine/install/my_package/share/my_package/package.xml
[1.189s] Invoked command in '/home/codybui/dev_machine/build/my_package' returned '0': CMAKE_PREFIX_PATH=/opt/ros/foxy /usr/bin/cmake --install /home/codybui/dev_machine/build/my_package
