[0.251s] DEBUG:colcon:Command line arguments: ['/usr/bin/colcon', 'build']
[0.251s] DEBUG:colcon:Parsed command line arguments: Namespace(allow_overriding=[], ament_cmake_args=None, base_paths=['.'], build_base='build', catkin_cmake_args=None, catkin_skip_building_tests=False, cmake_args=None, cmake_clean_cache=False, cmake_clean_first=False, cmake_force_configure=False, cmake_target=None, cmake_target_skip_unavailable=False, continue_on_error=False, event_handlers=None, executor='parallel', ignore_user_meta=False, install_base='install', log_base=None, log_level=None, main=<bound method BuildVerb.main of <colcon_core.verb.build.BuildVerb object at 0x7fa4afbbd2b0>>, merge_install=False, metas=['./colcon.meta'], packages_above=None, packages_above_and_dependencies=None, packages_above_depth=None, packages_end=None, packages_ignore=None, packages_ignore_regex=None, packages_select=None, packages_select_build_failed=False, packages_select_by_dep=None, packages_select_regex=None, packages_select_test_failures=False, packages_skip=None, packages_skip_build_finished=False, packages_skip_by_dep=None, packages_skip_regex=None, packages_skip_test_passed=False, packages_skip_up_to=None, packages_start=None, packages_up_to=None, packages_up_to_regex=None, parallel_workers=16, paths=None, symlink_install=False, test_result_base=None, verb_extension=<colcon_core.verb.build.BuildVerb object at 0x7fa4afbbd2b0>, verb_name='build', verb_parser=<colcon_defaults.argument_parser.defaults.DefaultArgumentsDecorator object at 0x7fa4afbbd7f0>)
[0.271s] Level 1:colcon.colcon_core.package_discovery:discover_packages(colcon_meta) check parameters
[0.271s] Level 1:colcon.colcon_core.package_discovery:discover_packages(recursive) check parameters
[0.271s] Level 1:colcon.colcon_core.package_discovery:discover_packages(ignore) check parameters
[0.271s] Level 1:colcon.colcon_core.package_discovery:discover_packages(path) check parameters
[0.271s] Level 1:colcon.colcon_core.package_discovery:discover_packages(colcon_meta) discover
[0.271s] Level 1:colcon.colcon_core.package_discovery:discover_packages(recursive) discover
[0.271s] INFO:colcon.colcon_core.package_discovery:Crawling recursively for packages in '/home/codybui/dev_machine'
[0.271s] Level 1:colcon.colcon_core.package_identification:_identify(.) by extensions ['ignore', 'ignore_ament_install']
[0.271s] Level 1:colcon.colcon_core.package_identification:_identify(.) by extension 'ignore'
[0.271s] Level 1:colcon.colcon_core.package_identification:_identify(.) by extension 'ignore_ament_install'
[0.271s] Level 1:colcon.colcon_core.package_identification:_identify(.) by extensions ['colcon_pkg']
[0.271s] Level 1:colcon.colcon_core.package_identification:_identify(.) by extension 'colcon_pkg'
[0.271s] Level 1:colcon.colcon_core.package_identification:_identify(.) by extensions ['colcon_meta']
[0.271s] Level 1:colcon.colcon_core.package_identification:_identify(.) by extension 'colcon_meta'
[0.271s] Level 1:colcon.colcon_core.package_identification:_identify(.) by extensions ['ros']
[0.271s] Level 1:colcon.colcon_core.package_identification:_identify(.) by extension 'ros'
[0.290s] Level 1:colcon.colcon_core.package_identification:_identify(.) by extensions ['cmake', 'python']
[0.290s] Level 1:colcon.colcon_core.package_identification:_identify(.) by extension 'cmake'
[0.291s] Level 1:colcon.colcon_core.package_identification:_identify(.) by extension 'python'
[0.291s] Level 1:colcon.colcon_core.package_identification:_identify(.) by extensions ['python_setup_py']
[0.291s] Level 1:colcon.colcon_core.package_identification:_identify(.) by extension 'python_setup_py'
[0.291s] Level 1:colcon.colcon_core.package_identification:_identify(build) by extensions ['ignore', 'ignore_ament_install']
[0.291s] Level 1:colcon.colcon_core.package_identification:_identify(build) by extension 'ignore'
[0.291s] Level 1:colcon.colcon_core.package_identification:_identify(build) ignored
[0.291s] Level 1:colcon.colcon_core.package_identification:_identify(install) by extensions ['ignore', 'ignore_ament_install']
[0.291s] Level 1:colcon.colcon_core.package_identification:_identify(install) by extension 'ignore'
[0.291s] Level 1:colcon.colcon_core.package_identification:_identify(install) ignored
[0.291s] Level 1:colcon.colcon_core.package_identification:_identify(log) by extensions ['ignore', 'ignore_ament_install']
[0.291s] Level 1:colcon.colcon_core.package_identification:_identify(log) by extension 'ignore'
[0.291s] Level 1:colcon.colcon_core.package_identification:_identify(log) ignored
[0.291s] Level 1:colcon.colcon_core.package_identification:_identify(src) by extensions ['ignore', 'ignore_ament_install']
[0.291s] Level 1:colcon.colcon_core.package_identification:_identify(src) by extension 'ignore'
[0.291s] Level 1:colcon.colcon_core.package_identification:_identify(src) by extension 'ignore_ament_install'
[0.291s] Level 1:colcon.colcon_core.package_identification:_identify(src) by extensions ['colcon_pkg']
[0.291s] Level 1:colcon.colcon_core.package_identification:_identify(src) by extension 'colcon_pkg'
[0.291s] Level 1:colcon.colcon_core.package_identification:_identify(src) by extensions ['colcon_meta']
[0.292s] Level 1:colcon.colcon_core.package_identification:_identify(src) by extension 'colcon_meta'
[0.292s] Level 1:colcon.colcon_core.package_identification:_identify(src) by extensions ['ros']
[0.292s] Level 1:colcon.colcon_core.package_identification:_identify(src) by extension 'ros'
[0.292s] Level 1:colcon.colcon_core.package_identification:_identify(src) by extensions ['cmake', 'python']
[0.292s] Level 1:colcon.colcon_core.package_identification:_identify(src) by extension 'cmake'
[0.292s] Level 1:colcon.colcon_core.package_identification:_identify(src) by extension 'python'
[0.292s] Level 1:colcon.colcon_core.package_identification:_identify(src) by extensions ['python_setup_py']
[0.292s] Level 1:colcon.colcon_core.package_identification:_identify(src) by extension 'python_setup_py'
[0.292s] Level 1:colcon.colcon_core.package_identification:_identify(src/my_package) by extensions ['ignore', 'ignore_ament_install']
[0.292s] Level 1:colcon.colcon_core.package_identification:_identify(src/my_package) by extension 'ignore'
[0.292s] Level 1:colcon.colcon_core.package_identification:_identify(src/my_package) by extension 'ignore_ament_install'
[0.292s] Level 1:colcon.colcon_core.package_identification:_identify(src/my_package) by extensions ['colcon_pkg']
[0.292s] Level 1:colcon.colcon_core.package_identification:_identify(src/my_package) by extension 'colcon_pkg'
[0.292s] Level 1:colcon.colcon_core.package_identification:_identify(src/my_package) by extensions ['colcon_meta']
[0.292s] Level 1:colcon.colcon_core.package_identification:_identify(src/my_package) by extension 'colcon_meta'
[0.292s] Level 1:colcon.colcon_core.package_identification:_identify(src/my_package) by extensions ['ros']
[0.292s] Level 1:colcon.colcon_core.package_identification:_identify(src/my_package) by extension 'ros'
[0.294s] DEBUG:colcon.colcon_core.package_identification:Package 'src/my_package' with type 'ros.ament_cmake' and name 'my_package'
[0.295s] Level 1:colcon.colcon_core.package_identification:_identify(src/nav2_demo) by extensions ['ignore', 'ignore_ament_install']
[0.295s] Level 1:colcon.colcon_core.package_identification:_identify(src/nav2_demo) by extension 'ignore'
[0.295s] Level 1:colcon.colcon_core.package_identification:_identify(src/nav2_demo) by extension 'ignore_ament_install'
[0.295s] Level 1:colcon.colcon_core.package_identification:_identify(src/nav2_demo) by extensions ['colcon_pkg']
[0.295s] Level 1:colcon.colcon_core.package_identification:_identify(src/nav2_demo) by extension 'colcon_pkg'
[0.295s] Level 1:colcon.colcon_core.package_identification:_identify(src/nav2_demo) by extensions ['colcon_meta']
[0.295s] Level 1:colcon.colcon_core.package_identification:_identify(src/nav2_demo) by extension 'colcon_meta'
[0.295s] Level 1:colcon.colcon_core.package_identification:_identify(src/nav2_demo) by extensions ['ros']
[0.295s] Level 1:colcon.colcon_core.package_identification:_identify(src/nav2_demo) by extension 'ros'
[0.296s] DEBUG:colcon.colcon_core.package_identification:Package 'src/nav2_demo' with type 'ros.ament_cmake' and name 'nav2_demo'
[0.296s] Level 1:colcon.colcon_core.package_identification:_identify(src/robot-bring-up-dev) by extensions ['ignore', 'ignore_ament_install']
[0.296s] Level 1:colcon.colcon_core.package_identification:_identify(src/robot-bring-up-dev) by extension 'ignore'
[0.296s] Level 1:colcon.colcon_core.package_identification:_identify(src/robot-bring-up-dev) by extension 'ignore_ament_install'
[0.296s] Level 1:colcon.colcon_core.package_identification:_identify(src/robot-bring-up-dev) by extensions ['colcon_pkg']
[0.296s] Level 1:colcon.colcon_core.package_identification:_identify(src/robot-bring-up-dev) by extension 'colcon_pkg'
[0.296s] Level 1:colcon.colcon_core.package_identification:_identify(src/robot-bring-up-dev) by extensions ['colcon_meta']
[0.296s] Level 1:colcon.colcon_core.package_identification:_identify(src/robot-bring-up-dev) by extension 'colcon_meta'
[0.296s] Level 1:colcon.colcon_core.package_identification:_identify(src/robot-bring-up-dev) by extensions ['ros']
[0.296s] Level 1:colcon.colcon_core.package_identification:_identify(src/robot-bring-up-dev) by extension 'ros'
[0.297s] DEBUG:colcon.colcon_core.package_identification:Package 'src/robot-bring-up-dev' with type 'ros.ament_cmake' and name 'robot-bring-up-dev'
[0.297s] Level 1:colcon.colcon_core.package_identification:_identify(src/robot-slam-demo) by extensions ['ignore', 'ignore_ament_install']
[0.297s] Level 1:colcon.colcon_core.package_identification:_identify(src/robot-slam-demo) by extension 'ignore'
[0.297s] Level 1:colcon.colcon_core.package_identification:_identify(src/robot-slam-demo) by extension 'ignore_ament_install'
[0.297s] Level 1:colcon.colcon_core.package_identification:_identify(src/robot-slam-demo) by extensions ['colcon_pkg']
[0.297s] Level 1:colcon.colcon_core.package_identification:_identify(src/robot-slam-demo) by extension 'colcon_pkg'
[0.297s] Level 1:colcon.colcon_core.package_identification:_identify(src/robot-slam-demo) by extensions ['colcon_meta']
[0.297s] Level 1:colcon.colcon_core.package_identification:_identify(src/robot-slam-demo) by extension 'colcon_meta'
[0.297s] Level 1:colcon.colcon_core.package_identification:_identify(src/robot-slam-demo) by extensions ['ros']
[0.298s] Level 1:colcon.colcon_core.package_identification:_identify(src/robot-slam-demo) by extension 'ros'
[0.298s] DEBUG:colcon.colcon_core.package_identification:Package 'src/robot-slam-demo' with type 'ros.ament_cmake' and name 'robot-slam-demo'
[0.298s] Level 1:colcon.colcon_core.package_discovery:discover_packages(recursive) using defaults
[0.298s] Level 1:colcon.colcon_core.package_discovery:discover_packages(ignore) discover
[0.298s] Level 1:colcon.colcon_core.package_discovery:discover_packages(ignore) using defaults
[0.298s] Level 1:colcon.colcon_core.package_discovery:discover_packages(path) discover
[0.298s] Level 1:colcon.colcon_core.package_discovery:discover_packages(path) using defaults
[0.317s] Level 1:colcon.colcon_core.package_discovery:discover_packages(prefix_path) check parameters
[0.317s] Level 1:colcon.colcon_core.package_discovery:discover_packages(prefix_path) discover
[0.320s] DEBUG:colcon.colcon_installed_package_information.package_discovery:Found 320 installed packages in /opt/ros/foxy
[0.321s] Level 1:colcon.colcon_core.package_discovery:discover_packages(prefix_path) using defaults
[0.383s] Level 5:colcon.colcon_core.verb:set package 'my_package' build argument 'cmake_args' from command line to 'None'
[0.383s] Level 5:colcon.colcon_core.verb:set package 'my_package' build argument 'cmake_target' from command line to 'None'
[0.383s] Level 5:colcon.colcon_core.verb:set package 'my_package' build argument 'cmake_target_skip_unavailable' from command line to 'False'
[0.383s] Level 5:colcon.colcon_core.verb:set package 'my_package' build argument 'cmake_clean_cache' from command line to 'False'
[0.383s] Level 5:colcon.colcon_core.verb:set package 'my_package' build argument 'cmake_clean_first' from command line to 'False'
[0.383s] Level 5:colcon.colcon_core.verb:set package 'my_package' build argument 'cmake_force_configure' from command line to 'False'
[0.383s] Level 5:colcon.colcon_core.verb:set package 'my_package' build argument 'ament_cmake_args' from command line to 'None'
[0.383s] Level 5:colcon.colcon_core.verb:set package 'my_package' build argument 'catkin_cmake_args' from command line to 'None'
[0.383s] Level 5:colcon.colcon_core.verb:set package 'my_package' build argument 'catkin_skip_building_tests' from command line to 'False'
[0.383s] DEBUG:colcon.colcon_core.verb:Building package 'my_package' with the following arguments: {'ament_cmake_args': None, 'build_base': '/home/codybui/dev_machine/build/my_package', 'catkin_cmake_args': None, 'catkin_skip_building_tests': False, 'cmake_args': None, 'cmake_clean_cache': False, 'cmake_clean_first': False, 'cmake_force_configure': False, 'cmake_target': None, 'cmake_target_skip_unavailable': False, 'install_base': '/home/codybui/dev_machine/install/my_package', 'merge_install': False, 'path': '/home/codybui/dev_machine/src/my_package', 'symlink_install': False, 'test_result_base': None}
[0.384s] Level 5:colcon.colcon_core.verb:set package 'nav2_demo' build argument 'cmake_args' from command line to 'None'
[0.384s] Level 5:colcon.colcon_core.verb:set package 'nav2_demo' build argument 'cmake_target' from command line to 'None'
[0.384s] Level 5:colcon.colcon_core.verb:set package 'nav2_demo' build argument 'cmake_target_skip_unavailable' from command line to 'False'
[0.384s] Level 5:colcon.colcon_core.verb:set package 'nav2_demo' build argument 'cmake_clean_cache' from command line to 'False'
[0.384s] Level 5:colcon.colcon_core.verb:set package 'nav2_demo' build argument 'cmake_clean_first' from command line to 'False'
[0.384s] Level 5:colcon.colcon_core.verb:set package 'nav2_demo' build argument 'cmake_force_configure' from command line to 'False'
[0.384s] Level 5:colcon.colcon_core.verb:set package 'nav2_demo' build argument 'ament_cmake_args' from command line to 'None'
[0.384s] Level 5:colcon.colcon_core.verb:set package 'nav2_demo' build argument 'catkin_cmake_args' from command line to 'None'
[0.384s] Level 5:colcon.colcon_core.verb:set package 'nav2_demo' build argument 'catkin_skip_building_tests' from command line to 'False'
[0.384s] DEBUG:colcon.colcon_core.verb:Building package 'nav2_demo' with the following arguments: {'ament_cmake_args': None, 'build_base': '/home/codybui/dev_machine/build/nav2_demo', 'catkin_cmake_args': None, 'catkin_skip_building_tests': False, 'cmake_args': None, 'cmake_clean_cache': False, 'cmake_clean_first': False, 'cmake_force_configure': False, 'cmake_target': None, 'cmake_target_skip_unavailable': False, 'install_base': '/home/codybui/dev_machine/install/nav2_demo', 'merge_install': False, 'path': '/home/codybui/dev_machine/src/nav2_demo', 'symlink_install': False, 'test_result_base': None}
[0.385s] Level 5:colcon.colcon_core.verb:set package 'robot-bring-up-dev' build argument 'cmake_args' from command line to 'None'
[0.385s] Level 5:colcon.colcon_core.verb:set package 'robot-bring-up-dev' build argument 'cmake_target' from command line to 'None'
[0.385s] Level 5:colcon.colcon_core.verb:set package 'robot-bring-up-dev' build argument 'cmake_target_skip_unavailable' from command line to 'False'
[0.385s] Level 5:colcon.colcon_core.verb:set package 'robot-bring-up-dev' build argument 'cmake_clean_cache' from command line to 'False'
[0.385s] Level 5:colcon.colcon_core.verb:set package 'robot-bring-up-dev' build argument 'cmake_clean_first' from command line to 'False'
[0.385s] Level 5:colcon.colcon_core.verb:set package 'robot-bring-up-dev' build argument 'cmake_force_configure' from command line to 'False'
[0.385s] Level 5:colcon.colcon_core.verb:set package 'robot-bring-up-dev' build argument 'ament_cmake_args' from command line to 'None'
[0.385s] Level 5:colcon.colcon_core.verb:set package 'robot-bring-up-dev' build argument 'catkin_cmake_args' from command line to 'None'
[0.385s] Level 5:colcon.colcon_core.verb:set package 'robot-bring-up-dev' build argument 'catkin_skip_building_tests' from command line to 'False'
[0.385s] DEBUG:colcon.colcon_core.verb:Building package 'robot-bring-up-dev' with the following arguments: {'ament_cmake_args': None, 'build_base': '/home/codybui/dev_machine/build/robot-bring-up-dev', 'catkin_cmake_args': None, 'catkin_skip_building_tests': False, 'cmake_args': None, 'cmake_clean_cache': False, 'cmake_clean_first': False, 'cmake_force_configure': False, 'cmake_target': None, 'cmake_target_skip_unavailable': False, 'install_base': '/home/codybui/dev_machine/install/robot-bring-up-dev', 'merge_install': False, 'path': '/home/codybui/dev_machine/src/robot-bring-up-dev', 'symlink_install': False, 'test_result_base': None}
[0.386s] Level 5:colcon.colcon_core.verb:set package 'robot-slam-demo' build argument 'cmake_args' from command line to 'None'
[0.386s] Level 5:colcon.colcon_core.verb:set package 'robot-slam-demo' build argument 'cmake_target' from command line to 'None'
[0.386s] Level 5:colcon.colcon_core.verb:set package 'robot-slam-demo' build argument 'cmake_target_skip_unavailable' from command line to 'False'
[0.386s] Level 5:colcon.colcon_core.verb:set package 'robot-slam-demo' build argument 'cmake_clean_cache' from command line to 'False'
[0.386s] Level 5:colcon.colcon_core.verb:set package 'robot-slam-demo' build argument 'cmake_clean_first' from command line to 'False'
[0.386s] Level 5:colcon.colcon_core.verb:set package 'robot-slam-demo' build argument 'cmake_force_configure' from command line to 'False'
[0.386s] Level 5:colcon.colcon_core.verb:set package 'robot-slam-demo' build argument 'ament_cmake_args' from command line to 'None'
[0.386s] Level 5:colcon.colcon_core.verb:set package 'robot-slam-demo' build argument 'catkin_cmake_args' from command line to 'None'
[0.386s] Level 5:colcon.colcon_core.verb:set package 'robot-slam-demo' build argument 'catkin_skip_building_tests' from command line to 'False'
[0.386s] DEBUG:colcon.colcon_core.verb:Building package 'robot-slam-demo' with the following arguments: {'ament_cmake_args': None, 'build_base': '/home/codybui/dev_machine/build/robot-slam-demo', 'catkin_cmake_args': None, 'catkin_skip_building_tests': False, 'cmake_args': None, 'cmake_clean_cache': False, 'cmake_clean_first': False, 'cmake_force_configure': False, 'cmake_target': None, 'cmake_target_skip_unavailable': False, 'install_base': '/home/codybui/dev_machine/install/robot-slam-demo', 'merge_install': False, 'path': '/home/codybui/dev_machine/src/robot-slam-demo', 'symlink_install': False, 'test_result_base': None}
[0.386s] INFO:colcon.colcon_core.executor:Executing jobs using 'parallel' executor
[0.389s] DEBUG:colcon.colcon_parallel_executor.executor.parallel:run_until_complete
[0.389s] INFO:colcon.colcon_ros.task.ament_cmake.build:Building ROS package in '/home/codybui/dev_machine/src/my_package' with build type 'ament_cmake'
[0.389s] INFO:colcon.colcon_cmake.task.cmake.build:Building CMake package in '/home/codybui/dev_machine/src/my_package'
[0.394s] INFO:colcon.colcon_core.plugin_system:Skipping extension 'colcon_core.shell.bat': Not used on non-Windows systems
[0.394s] INFO:colcon.colcon_core.shell:Skip shell extension 'powershell' for command environment: Not usable outside of PowerShell
[0.394s] DEBUG:colcon.colcon_core.shell:Skip shell extension 'dsv' for command environment
[0.404s] INFO:colcon.colcon_ros.task.ament_cmake.build:Building ROS package in '/home/codybui/dev_machine/src/nav2_demo' with build type 'ament_cmake'
[0.404s] INFO:colcon.colcon_cmake.task.cmake.build:Building CMake package in '/home/codybui/dev_machine/src/nav2_demo'
[0.406s] INFO:colcon.colcon_core.shell:Skip shell extension 'powershell' for command environment: Not usable outside of PowerShell
[0.406s] DEBUG:colcon.colcon_core.shell:Skip shell extension 'dsv' for command environment
[0.413s] INFO:colcon.colcon_ros.task.ament_cmake.build:Building ROS package in '/home/codybui/dev_machine/src/robot-bring-up-dev' with build type 'ament_cmake'
[0.414s] INFO:colcon.colcon_cmake.task.cmake.build:Building CMake package in '/home/codybui/dev_machine/src/robot-bring-up-dev'
[0.417s] INFO:colcon.colcon_core.shell:Skip shell extension 'powershell' for command environment: Not usable outside of PowerShell
[0.417s] DEBUG:colcon.colcon_core.shell:Skip shell extension 'dsv' for command environment
[0.426s] INFO:colcon.colcon_ros.task.ament_cmake.build:Building ROS package in '/home/codybui/dev_machine/src/robot-slam-demo' with build type 'ament_cmake'
[0.426s] INFO:colcon.colcon_cmake.task.cmake.build:Building CMake package in '/home/codybui/dev_machine/src/robot-slam-demo'
[0.428s] INFO:colcon.colcon_core.shell:Skip shell extension 'powershell' for command environment: Not usable outside of PowerShell
[0.428s] DEBUG:colcon.colcon_core.shell:Skip shell extension 'dsv' for command environment
[0.445s] DEBUG:colcon.colcon_core.event_handler.log_command:Invoking command in '/home/codybui/dev_machine/build/my_package': CMAKE_PREFIX_PATH=/opt/ros/foxy /usr/bin/cmake --build /home/codybui/dev_machine/build/my_package -- -j16 -l16
[0.454s] DEBUG:colcon.colcon_core.event_handler.log_command:Invoking command in '/home/codybui/dev_machine/build/nav2_demo': CMAKE_PREFIX_PATH=/opt/ros/foxy /usr/bin/cmake --build /home/codybui/dev_machine/build/nav2_demo -- -j16 -l16
[0.459s] DEBUG:colcon.colcon_core.event_handler.log_command:Invoking command in '/home/codybui/dev_machine/build/robot-bring-up-dev': CMAKE_PREFIX_PATH=/opt/ros/foxy /usr/bin/cmake --build /home/codybui/dev_machine/build/robot-bring-up-dev -- -j16 -l16
[0.466s] DEBUG:colcon.colcon_core.event_handler.log_command:Invoking command in '/home/codybui/dev_machine/build/robot-slam-demo': CMAKE_PREFIX_PATH=/opt/ros/foxy /usr/bin/cmake --build /home/codybui/dev_machine/build/robot-slam-demo -- -j16 -l16
[0.481s] DEBUG:colcon.colcon_core.event_handler.log_command:Invoked command in '/home/codybui/dev_machine/build/my_package' returned '0': CMAKE_PREFIX_PATH=/opt/ros/foxy /usr/bin/cmake --build /home/codybui/dev_machine/build/my_package -- -j16 -l16
[0.524s] DEBUG:colcon.colcon_core.event_handler.log_command:Invoking command in '/home/codybui/dev_machine/build/my_package': CMAKE_PREFIX_PATH=/opt/ros/foxy /usr/bin/cmake --install /home/codybui/dev_machine/build/my_package
[0.528s] DEBUG:colcon.colcon_core.event_handler.log_command:Invoked command in '/home/codybui/dev_machine/build/nav2_demo' returned '0': CMAKE_PREFIX_PATH=/opt/ros/foxy /usr/bin/cmake --build /home/codybui/dev_machine/build/nav2_demo -- -j16 -l16
[0.533s] DEBUG:colcon.colcon_core.event_handler.log_command:Invoked command in '/home/codybui/dev_machine/build/robot-bring-up-dev' returned '0': CMAKE_PREFIX_PATH=/opt/ros/foxy /usr/bin/cmake --build /home/codybui/dev_machine/build/robot-bring-up-dev -- -j16 -l16
[0.540s] DEBUG:colcon.colcon_core.event_handler.log_command:Invoked command in '/home/codybui/dev_machine/build/robot-slam-demo' returned '0': CMAKE_PREFIX_PATH=/opt/ros/foxy /usr/bin/cmake --build /home/codybui/dev_machine/build/robot-slam-demo -- -j16 -l16
[0.547s] Level 1:colcon.colcon_core.environment:create_environment_scripts_only(my_package)
[0.548s] DEBUG:colcon.colcon_core.event_handler.log_command:Invoked command in '/home/codybui/dev_machine/build/my_package' returned '0': CMAKE_PREFIX_PATH=/opt/ros/foxy /usr/bin/cmake --install /home/codybui/dev_machine/build/my_package
[0.557s] Level 1:colcon.colcon_core.environment:checking '/home/codybui/dev_machine/install/my_package' for CMake module files
[0.557s] Level 1:colcon.colcon_core.environment:checking '/home/codybui/dev_machine/install/my_package' for CMake config files
[0.558s] Level 1:colcon.colcon_core.shell:create_environment_hook('my_package', 'cmake_prefix_path')
[0.559s] INFO:colcon.colcon_core.shell:Creating environment hook '/home/codybui/dev_machine/install/my_package/share/my_package/hook/cmake_prefix_path.ps1'
[0.560s] INFO:colcon.colcon_core.shell:Creating environment descriptor '/home/codybui/dev_machine/install/my_package/share/my_package/hook/cmake_prefix_path.dsv'
[0.560s] INFO:colcon.colcon_core.shell:Creating environment hook '/home/codybui/dev_machine/install/my_package/share/my_package/hook/cmake_prefix_path.sh'
[0.561s] Level 1:colcon.colcon_core.environment:checking '/home/codybui/dev_machine/install/my_package/bin'
[0.561s] Level 1:colcon.colcon_core.environment:checking '/home/codybui/dev_machine/install/my_package/lib/pkgconfig/my_package.pc'
[0.561s] Level 1:colcon.colcon_core.environment:checking '/home/codybui/dev_machine/install/my_package/lib/python3.8/site-packages'
[0.562s] Level 1:colcon.colcon_core.environment:checking '/home/codybui/dev_machine/install/my_package/bin'
[0.563s] INFO:colcon.colcon_core.shell:Creating package script '/home/codybui/dev_machine/install/my_package/share/my_package/package.ps1'
[0.563s] INFO:colcon.colcon_core.shell:Creating package descriptor '/home/codybui/dev_machine/install/my_package/share/my_package/package.dsv'
[0.564s] INFO:colcon.colcon_core.shell:Creating package script '/home/codybui/dev_machine/install/my_package/share/my_package/package.sh'
[0.564s] INFO:colcon.colcon_core.shell:Creating package script '/home/codybui/dev_machine/install/my_package/share/my_package/package.bash'
[0.565s] INFO:colcon.colcon_core.shell:Creating package script '/home/codybui/dev_machine/install/my_package/share/my_package/package.zsh'
[0.566s] Level 1:colcon.colcon_core.environment:create_file_with_runtime_dependencies(/home/codybui/dev_machine/install/my_package/share/colcon-core/packages/my_package)
[0.574s] DEBUG:colcon.colcon_core.event_handler.log_command:Invoking command in '/home/codybui/dev_machine/build/nav2_demo': CMAKE_PREFIX_PATH=/opt/ros/foxy /usr/bin/cmake --install /home/codybui/dev_machine/build/nav2_demo
[0.578s] DEBUG:colcon.colcon_core.event_handler.log_command:Invoking command in '/home/codybui/dev_machine/build/robot-bring-up-dev': CMAKE_PREFIX_PATH=/opt/ros/foxy /usr/bin/cmake --install /home/codybui/dev_machine/build/robot-bring-up-dev
[0.583s] DEBUG:colcon.colcon_core.event_handler.log_command:Invoking command in '/home/codybui/dev_machine/build/robot-slam-demo': CMAKE_PREFIX_PATH=/opt/ros/foxy /usr/bin/cmake --install /home/codybui/dev_machine/build/robot-slam-demo
[0.591s] Level 1:colcon.colcon_core.environment:create_environment_scripts_only(nav2_demo)
[0.593s] Level 1:colcon.colcon_core.environment:checking '/home/codybui/dev_machine/install/nav2_demo' for CMake module files
[0.597s] Level 1:colcon.colcon_core.environment:checking '/home/codybui/dev_machine/install/nav2_demo' for CMake config files
[0.601s] Level 1:colcon.colcon_core.shell:create_environment_hook('nav2_demo', 'cmake_prefix_path')
[0.601s] DEBUG:colcon.colcon_core.event_handler.log_command:Invoked command in '/home/codybui/dev_machine/build/nav2_demo' returned '0': CMAKE_PREFIX_PATH=/opt/ros/foxy /usr/bin/cmake --install /home/codybui/dev_machine/build/nav2_demo
[0.604s] INFO:colcon.colcon_core.shell:Creating environment hook '/home/codybui/dev_machine/install/nav2_demo/share/nav2_demo/hook/cmake_prefix_path.ps1'
[0.608s] INFO:colcon.colcon_core.shell:Creating environment descriptor '/home/codybui/dev_machine/install/nav2_demo/share/nav2_demo/hook/cmake_prefix_path.dsv'
[0.608s] INFO:colcon.colcon_core.shell:Creating environment hook '/home/codybui/dev_machine/install/nav2_demo/share/nav2_demo/hook/cmake_prefix_path.sh'
[0.609s] Level 1:colcon.colcon_core.environment:checking '/home/codybui/dev_machine/install/nav2_demo/bin'
[0.609s] Level 1:colcon.colcon_core.environment:checking '/home/codybui/dev_machine/install/nav2_demo/lib/pkgconfig/nav2_demo.pc'
[0.610s] Level 1:colcon.colcon_core.environment:checking '/home/codybui/dev_machine/install/nav2_demo/lib/python3.8/site-packages'
[0.610s] Level 1:colcon.colcon_core.environment:checking '/home/codybui/dev_machine/install/nav2_demo/bin'
[0.612s] INFO:colcon.colcon_core.shell:Creating package script '/home/codybui/dev_machine/install/nav2_demo/share/nav2_demo/package.ps1'
[0.613s] INFO:colcon.colcon_core.shell:Creating package descriptor '/home/codybui/dev_machine/install/nav2_demo/share/nav2_demo/package.dsv'
[0.613s] INFO:colcon.colcon_core.shell:Creating package script '/home/codybui/dev_machine/install/nav2_demo/share/nav2_demo/package.sh'
[0.614s] INFO:colcon.colcon_core.shell:Creating package script '/home/codybui/dev_machine/install/nav2_demo/share/nav2_demo/package.bash'
[0.614s] INFO:colcon.colcon_core.shell:Creating package script '/home/codybui/dev_machine/install/nav2_demo/share/nav2_demo/package.zsh'
[0.615s] Level 1:colcon.colcon_core.environment:create_file_with_runtime_dependencies(/home/codybui/dev_machine/install/nav2_demo/share/colcon-core/packages/nav2_demo)
[0.622s] Level 1:colcon.colcon_core.environment:create_environment_scripts_only(my_package)
[0.623s] Level 1:colcon.colcon_core.environment:checking '/home/codybui/dev_machine/install/my_package' for CMake module files
[0.625s] Level 1:colcon.colcon_core.environment:checking '/home/codybui/dev_machine/install/my_package' for CMake config files
[0.626s] Level 1:colcon.colcon_core.shell:create_environment_hook('my_package', 'cmake_prefix_path')
[0.627s] INFO:colcon.colcon_core.shell:Creating environment hook '/home/codybui/dev_machine/install/my_package/share/my_package/hook/cmake_prefix_path.ps1'
[0.628s] INFO:colcon.colcon_core.shell:Creating environment descriptor '/home/codybui/dev_machine/install/my_package/share/my_package/hook/cmake_prefix_path.dsv'
[0.628s] INFO:colcon.colcon_core.shell:Creating environment hook '/home/codybui/dev_machine/install/my_package/share/my_package/hook/cmake_prefix_path.sh'
[0.629s] Level 1:colcon.colcon_core.environment:checking '/home/codybui/dev_machine/install/my_package/bin'
[0.629s] Level 1:colcon.colcon_core.environment:checking '/home/codybui/dev_machine/install/my_package/lib/pkgconfig/my_package.pc'
[0.629s] Level 1:colcon.colcon_core.environment:checking '/home/codybui/dev_machine/install/my_package/lib/python3.8/site-packages'
[0.630s] Level 1:colcon.colcon_core.environment:checking '/home/codybui/dev_machine/install/my_package/bin'
[0.631s] INFO:colcon.colcon_core.shell:Creating package script '/home/codybui/dev_machine/install/my_package/share/my_package/package.ps1'
[0.631s] INFO:colcon.colcon_core.shell:Creating package descriptor '/home/codybui/dev_machine/install/my_package/share/my_package/package.dsv'
[0.632s] INFO:colcon.colcon_core.shell:Creating package script '/home/codybui/dev_machine/install/my_package/share/my_package/package.sh'
[0.632s] INFO:colcon.colcon_core.shell:Creating package script '/home/codybui/dev_machine/install/my_package/share/my_package/package.bash'
[0.633s] INFO:colcon.colcon_core.shell:Creating package script '/home/codybui/dev_machine/install/my_package/share/my_package/package.zsh'
[0.633s] Level 1:colcon.colcon_core.environment:create_file_with_runtime_dependencies(/home/codybui/dev_machine/install/my_package/share/colcon-core/packages/my_package)
[0.633s] Level 1:colcon.colcon_core.environment:create_environment_scripts_only(robot-slam-demo)
[0.635s] Level 1:colcon.colcon_core.environment:checking '/home/codybui/dev_machine/install/robot-slam-demo' for CMake module files
[0.636s] Level 1:colcon.colcon_core.environment:checking '/home/codybui/dev_machine/install/robot-slam-demo' for CMake config files
[0.637s] DEBUG:colcon.colcon_core.event_handler.log_command:Invoked command in '/home/codybui/dev_machine/build/robot-slam-demo' returned '0': CMAKE_PREFIX_PATH=/opt/ros/foxy /usr/bin/cmake --install /home/codybui/dev_machine/build/robot-slam-demo
[0.637s] Level 1:colcon.colcon_core.shell:create_environment_hook('robot-slam-demo', 'cmake_prefix_path')
[0.638s] INFO:colcon.colcon_core.shell:Creating environment hook '/home/codybui/dev_machine/install/robot-slam-demo/share/robot-slam-demo/hook/cmake_prefix_path.ps1'
[0.639s] INFO:colcon.colcon_core.shell:Creating environment descriptor '/home/codybui/dev_machine/install/robot-slam-demo/share/robot-slam-demo/hook/cmake_prefix_path.dsv'
[0.639s] INFO:colcon.colcon_core.shell:Creating environment hook '/home/codybui/dev_machine/install/robot-slam-demo/share/robot-slam-demo/hook/cmake_prefix_path.sh'
[0.640s] Level 1:colcon.colcon_core.environment:checking '/home/codybui/dev_machine/install/robot-slam-demo/bin'
[0.640s] Level 1:colcon.colcon_core.environment:checking '/home/codybui/dev_machine/install/robot-slam-demo/lib/pkgconfig/robot-slam-demo.pc'
[0.640s] Level 1:colcon.colcon_core.environment:checking '/home/codybui/dev_machine/install/robot-slam-demo/lib/python3.8/site-packages'
[0.640s] Level 1:colcon.colcon_core.environment:checking '/home/codybui/dev_machine/install/robot-slam-demo/bin'
[0.641s] INFO:colcon.colcon_core.shell:Creating package script '/home/codybui/dev_machine/install/robot-slam-demo/share/robot-slam-demo/package.ps1'
[0.642s] INFO:colcon.colcon_core.shell:Creating package descriptor '/home/codybui/dev_machine/install/robot-slam-demo/share/robot-slam-demo/package.dsv'
[0.642s] INFO:colcon.colcon_core.shell:Creating package script '/home/codybui/dev_machine/install/robot-slam-demo/share/robot-slam-demo/package.sh'
[0.642s] INFO:colcon.colcon_core.shell:Creating package script '/home/codybui/dev_machine/install/robot-slam-demo/share/robot-slam-demo/package.bash'
[0.642s] INFO:colcon.colcon_core.shell:Creating package script '/home/codybui/dev_machine/install/robot-slam-demo/share/robot-slam-demo/package.zsh'
[0.643s] Level 1:colcon.colcon_core.environment:create_file_with_runtime_dependencies(/home/codybui/dev_machine/install/robot-slam-demo/share/colcon-core/packages/robot-slam-demo)
[0.646s] Level 1:colcon.colcon_core.environment:create_environment_scripts_only(robot-bring-up-dev)
[0.648s] Level 1:colcon.colcon_core.environment:checking '/home/codybui/dev_machine/install/robot-bring-up-dev' for CMake module files
[0.649s] DEBUG:colcon.colcon_core.event_handler.log_command:Invoked command in '/home/codybui/dev_machine/build/robot-bring-up-dev' returned '0': CMAKE_PREFIX_PATH=/opt/ros/foxy /usr/bin/cmake --install /home/codybui/dev_machine/build/robot-bring-up-dev
[0.650s] Level 1:colcon.colcon_core.environment:checking '/home/codybui/dev_machine/install/robot-bring-up-dev' for CMake config files
[0.650s] Level 1:colcon.colcon_core.shell:create_environment_hook('robot-bring-up-dev', 'cmake_prefix_path')
[0.651s] INFO:colcon.colcon_core.shell:Creating environment hook '/home/codybui/dev_machine/install/robot-bring-up-dev/share/robot-bring-up-dev/hook/cmake_prefix_path.ps1'
[0.652s] INFO:colcon.colcon_core.shell:Creating environment descriptor '/home/codybui/dev_machine/install/robot-bring-up-dev/share/robot-bring-up-dev/hook/cmake_prefix_path.dsv'
[0.652s] INFO:colcon.colcon_core.shell:Creating environment hook '/home/codybui/dev_machine/install/robot-bring-up-dev/share/robot-bring-up-dev/hook/cmake_prefix_path.sh'
[0.652s] Level 1:colcon.colcon_core.environment:checking '/home/codybui/dev_machine/install/robot-bring-up-dev/lib'
[0.653s] Level 1:colcon.colcon_core.environment:checking '/home/codybui/dev_machine/install/robot-bring-up-dev/bin'
[0.653s] Level 1:colcon.colcon_core.environment:checking '/home/codybui/dev_machine/install/robot-bring-up-dev/lib/pkgconfig/robot-bring-up-dev.pc'
[0.653s] Level 1:colcon.colcon_core.environment:checking '/home/codybui/dev_machine/install/robot-bring-up-dev/lib/python3.8/site-packages'
[0.653s] Level 1:colcon.colcon_core.shell:create_environment_hook('robot-bring-up-dev', 'pythonpath')
[0.654s] INFO:colcon.colcon_core.shell:Creating environment hook '/home/codybui/dev_machine/install/robot-bring-up-dev/share/robot-bring-up-dev/hook/pythonpath.ps1'
[0.654s] INFO:colcon.colcon_core.shell:Creating environment descriptor '/home/codybui/dev_machine/install/robot-bring-up-dev/share/robot-bring-up-dev/hook/pythonpath.dsv'
[0.655s] INFO:colcon.colcon_core.shell:Creating environment hook '/home/codybui/dev_machine/install/robot-bring-up-dev/share/robot-bring-up-dev/hook/pythonpath.sh'
[0.655s] Level 1:colcon.colcon_core.environment:checking '/home/codybui/dev_machine/install/robot-bring-up-dev/bin'
[0.656s] INFO:colcon.colcon_core.shell:Creating package script '/home/codybui/dev_machine/install/robot-bring-up-dev/share/robot-bring-up-dev/package.ps1'
[0.657s] INFO:colcon.colcon_core.shell:Creating package descriptor '/home/codybui/dev_machine/install/robot-bring-up-dev/share/robot-bring-up-dev/package.dsv'
[0.657s] INFO:colcon.colcon_core.shell:Creating package script '/home/codybui/dev_machine/install/robot-bring-up-dev/share/robot-bring-up-dev/package.sh'
[0.657s] INFO:colcon.colcon_core.shell:Creating package script '/home/codybui/dev_machine/install/robot-bring-up-dev/share/robot-bring-up-dev/package.bash'
[0.657s] INFO:colcon.colcon_core.shell:Creating package script '/home/codybui/dev_machine/install/robot-bring-up-dev/share/robot-bring-up-dev/package.zsh'
[0.658s] Level 1:colcon.colcon_core.environment:create_file_with_runtime_dependencies(/home/codybui/dev_machine/install/robot-bring-up-dev/share/colcon-core/packages/robot-bring-up-dev)
[0.664s] Level 1:colcon.colcon_core.environment:create_environment_scripts_only(nav2_demo)
[0.667s] Level 1:colcon.colcon_core.environment:checking '/home/codybui/dev_machine/install/nav2_demo' for CMake module files
[0.668s] Level 1:colcon.colcon_core.environment:checking '/home/codybui/dev_machine/install/nav2_demo' for CMake config files
[0.669s] Level 1:colcon.colcon_core.shell:create_environment_hook('nav2_demo', 'cmake_prefix_path')
[0.670s] INFO:colcon.colcon_core.shell:Creating environment hook '/home/codybui/dev_machine/install/nav2_demo/share/nav2_demo/hook/cmake_prefix_path.ps1'
[0.671s] INFO:colcon.colcon_core.shell:Creating environment descriptor '/home/codybui/dev_machine/install/nav2_demo/share/nav2_demo/hook/cmake_prefix_path.dsv'
[0.671s] INFO:colcon.colcon_core.shell:Creating environment hook '/home/codybui/dev_machine/install/nav2_demo/share/nav2_demo/hook/cmake_prefix_path.sh'
[0.672s] Level 1:colcon.colcon_core.environment:checking '/home/codybui/dev_machine/install/nav2_demo/bin'
[0.672s] Level 1:colcon.colcon_core.environment:checking '/home/codybui/dev_machine/install/nav2_demo/lib/pkgconfig/nav2_demo.pc'
[0.672s] Level 1:colcon.colcon_core.environment:checking '/home/codybui/dev_machine/install/nav2_demo/lib/python3.8/site-packages'
[0.672s] Level 1:colcon.colcon_core.environment:checking '/home/codybui/dev_machine/install/nav2_demo/bin'
[0.673s] INFO:colcon.colcon_core.shell:Creating package script '/home/codybui/dev_machine/install/nav2_demo/share/nav2_demo/package.ps1'
[0.674s] INFO:colcon.colcon_core.shell:Creating package descriptor '/home/codybui/dev_machine/install/nav2_demo/share/nav2_demo/package.dsv'
[0.674s] INFO:colcon.colcon_core.shell:Creating package script '/home/codybui/dev_machine/install/nav2_demo/share/nav2_demo/package.sh'
[0.674s] INFO:colcon.colcon_core.shell:Creating package script '/home/codybui/dev_machine/install/nav2_demo/share/nav2_demo/package.bash'
[0.675s] INFO:colcon.colcon_core.shell:Creating package script '/home/codybui/dev_machine/install/nav2_demo/share/nav2_demo/package.zsh'
[0.675s] Level 1:colcon.colcon_core.environment:create_file_with_runtime_dependencies(/home/codybui/dev_machine/install/nav2_demo/share/colcon-core/packages/nav2_demo)
[0.678s] Level 1:colcon.colcon_core.environment:create_environment_scripts_only(robot-slam-demo)
[0.681s] Level 1:colcon.colcon_core.environment:checking '/home/codybui/dev_machine/install/robot-slam-demo' for CMake module files
[0.682s] Level 1:colcon.colcon_core.environment:checking '/home/codybui/dev_machine/install/robot-slam-demo' for CMake config files
[0.682s] Level 1:colcon.colcon_core.shell:create_environment_hook('robot-slam-demo', 'cmake_prefix_path')
[0.683s] INFO:colcon.colcon_core.shell:Creating environment hook '/home/codybui/dev_machine/install/robot-slam-demo/share/robot-slam-demo/hook/cmake_prefix_path.ps1'
[0.684s] INFO:colcon.colcon_core.shell:Creating environment descriptor '/home/codybui/dev_machine/install/robot-slam-demo/share/robot-slam-demo/hook/cmake_prefix_path.dsv'
[0.684s] INFO:colcon.colcon_core.shell:Creating environment hook '/home/codybui/dev_machine/install/robot-slam-demo/share/robot-slam-demo/hook/cmake_prefix_path.sh'
[0.685s] Level 1:colcon.colcon_core.environment:checking '/home/codybui/dev_machine/install/robot-slam-demo/bin'
[0.685s] Level 1:colcon.colcon_core.environment:checking '/home/codybui/dev_machine/install/robot-slam-demo/lib/pkgconfig/robot-slam-demo.pc'
[0.685s] Level 1:colcon.colcon_core.environment:checking '/home/codybui/dev_machine/install/robot-slam-demo/lib/python3.8/site-packages'
[0.685s] Level 1:colcon.colcon_core.environment:checking '/home/codybui/dev_machine/install/robot-slam-demo/bin'
[0.686s] INFO:colcon.colcon_core.shell:Creating package script '/home/codybui/dev_machine/install/robot-slam-demo/share/robot-slam-demo/package.ps1'
[0.687s] INFO:colcon.colcon_core.shell:Creating package descriptor '/home/codybui/dev_machine/install/robot-slam-demo/share/robot-slam-demo/package.dsv'
[0.687s] INFO:colcon.colcon_core.shell:Creating package script '/home/codybui/dev_machine/install/robot-slam-demo/share/robot-slam-demo/package.sh'
[0.688s] INFO:colcon.colcon_core.shell:Creating package script '/home/codybui/dev_machine/install/robot-slam-demo/share/robot-slam-demo/package.bash'
[0.688s] INFO:colcon.colcon_core.shell:Creating package script '/home/codybui/dev_machine/install/robot-slam-demo/share/robot-slam-demo/package.zsh'
[0.688s] Level 1:colcon.colcon_core.environment:create_file_with_runtime_dependencies(/home/codybui/dev_machine/install/robot-slam-demo/share/colcon-core/packages/robot-slam-demo)
[0.690s] Level 1:colcon.colcon_core.environment:create_environment_scripts_only(robot-bring-up-dev)
[0.692s] Level 1:colcon.colcon_core.environment:checking '/home/codybui/dev_machine/install/robot-bring-up-dev' for CMake module files
[0.693s] Level 1:colcon.colcon_core.environment:checking '/home/codybui/dev_machine/install/robot-bring-up-dev' for CMake config files
[0.693s] Level 1:colcon.colcon_core.shell:create_environment_hook('robot-bring-up-dev', 'cmake_prefix_path')
[0.695s] INFO:colcon.colcon_core.shell:Creating environment hook '/home/codybui/dev_machine/install/robot-bring-up-dev/share/robot-bring-up-dev/hook/cmake_prefix_path.ps1'
[0.695s] INFO:colcon.colcon_core.shell:Creating environment descriptor '/home/codybui/dev_machine/install/robot-bring-up-dev/share/robot-bring-up-dev/hook/cmake_prefix_path.dsv'
[0.696s] INFO:colcon.colcon_core.shell:Creating environment hook '/home/codybui/dev_machine/install/robot-bring-up-dev/share/robot-bring-up-dev/hook/cmake_prefix_path.sh'
[0.696s] Level 1:colcon.colcon_core.environment:checking '/home/codybui/dev_machine/install/robot-bring-up-dev/lib'
[0.696s] Level 1:colcon.colcon_core.environment:checking '/home/codybui/dev_machine/install/robot-bring-up-dev/bin'
[0.696s] Level 1:colcon.colcon_core.environment:checking '/home/codybui/dev_machine/install/robot-bring-up-dev/lib/pkgconfig/robot-bring-up-dev.pc'
[0.696s] Level 1:colcon.colcon_core.environment:checking '/home/codybui/dev_machine/install/robot-bring-up-dev/lib/python3.8/site-packages'
[0.696s] Level 1:colcon.colcon_core.shell:create_environment_hook('robot-bring-up-dev', 'pythonpath')
[0.698s] INFO:colcon.colcon_core.shell:Creating environment hook '/home/codybui/dev_machine/install/robot-bring-up-dev/share/robot-bring-up-dev/hook/pythonpath.ps1'
[0.698s] INFO:colcon.colcon_core.shell:Creating environment descriptor '/home/codybui/dev_machine/install/robot-bring-up-dev/share/robot-bring-up-dev/hook/pythonpath.dsv'
[0.698s] INFO:colcon.colcon_core.shell:Creating environment hook '/home/codybui/dev_machine/install/robot-bring-up-dev/share/robot-bring-up-dev/hook/pythonpath.sh'
[0.699s] Level 1:colcon.colcon_core.environment:checking '/home/codybui/dev_machine/install/robot-bring-up-dev/bin'
[0.700s] INFO:colcon.colcon_core.shell:Creating package script '/home/codybui/dev_machine/install/robot-bring-up-dev/share/robot-bring-up-dev/package.ps1'
[0.701s] INFO:colcon.colcon_core.shell:Creating package descriptor '/home/codybui/dev_machine/install/robot-bring-up-dev/share/robot-bring-up-dev/package.dsv'
[0.701s] INFO:colcon.colcon_core.shell:Creating package script '/home/codybui/dev_machine/install/robot-bring-up-dev/share/robot-bring-up-dev/package.sh'
[0.701s] INFO:colcon.colcon_core.shell:Creating package script '/home/codybui/dev_machine/install/robot-bring-up-dev/share/robot-bring-up-dev/package.bash'
[0.702s] INFO:colcon.colcon_core.shell:Creating package script '/home/codybui/dev_machine/install/robot-bring-up-dev/share/robot-bring-up-dev/package.zsh'
[0.702s] Level 1:colcon.colcon_core.environment:create_file_with_runtime_dependencies(/home/codybui/dev_machine/install/robot-bring-up-dev/share/colcon-core/packages/robot-bring-up-dev)
[0.702s] DEBUG:colcon.colcon_parallel_executor.executor.parallel:closing loop
[0.702s] DEBUG:colcon.colcon_parallel_executor.executor.parallel:loop closed
[0.702s] DEBUG:colcon.colcon_parallel_executor.executor.parallel:run_until_complete finished with '0'
[0.702s] DEBUG:colcon.colcon_core.event_reactor:joining thread
[0.716s] INFO:colcon.colcon_core.plugin_system:Skipping extension 'colcon_notification.desktop_notification.terminal_notifier': Not used on non-Darwin systems
[0.716s] INFO:colcon.colcon_core.plugin_system:Skipping extension 'colcon_notification.desktop_notification.win32': Not used on non-Windows systems
[0.716s] INFO:colcon.colcon_notification.desktop_notification:Sending desktop notification using 'notify2'
[0.741s] DEBUG:colcon.colcon_core.event_reactor:joined thread
[0.744s] INFO:colcon.colcon_core.shell:Creating prefix script '/home/codybui/dev_machine/install/local_setup.ps1'
[0.745s] INFO:colcon.colcon_core.shell:Creating prefix util module '/home/codybui/dev_machine/install/_local_setup_util_ps1.py'
[0.747s] INFO:colcon.colcon_core.shell:Creating prefix chain script '/home/codybui/dev_machine/install/setup.ps1'
[0.750s] INFO:colcon.colcon_core.shell:Creating prefix script '/home/codybui/dev_machine/install/local_setup.sh'
[0.751s] INFO:colcon.colcon_core.shell:Creating prefix util module '/home/codybui/dev_machine/install/_local_setup_util_sh.py'
[0.751s] INFO:colcon.colcon_core.shell:Creating prefix chain script '/home/codybui/dev_machine/install/setup.sh'
[0.754s] INFO:colcon.colcon_core.shell:Creating prefix script '/home/codybui/dev_machine/install/local_setup.bash'
[0.755s] INFO:colcon.colcon_core.shell:Creating prefix chain script '/home/codybui/dev_machine/install/setup.bash'
[0.755s] INFO:colcon.colcon_core.shell:Creating prefix script '/home/codybui/dev_machine/install/local_setup.zsh'
[0.756s] INFO:colcon.colcon_core.shell:Creating prefix chain script '/home/codybui/dev_machine/install/setup.zsh'
