-- Install configuration: ""
-- Up-to-date: /home/codybui/dev_machine/install/nav2_demo/share/nav2_demo/launch
-- Up-to-date: /home/codybui/dev_machine/install/nav2_demo/share/nav2_demo/launch/localization_launch.py
-- Up-to-date: /home/codybui/dev_machine/install/nav2_demo/share/nav2_demo/launch/navigation_launch.py
-- Up-to-date: /home/codybui/dev_machine/install/nav2_demo/share/nav2_demo/config
-- Installing: /home/codybui/dev_machine/install/nav2_demo/share/nav2_demo/config/nav2_tweak2_params.yaml
-- Up-to-date: /home/codybui/dev_machine/install/nav2_demo/share/nav2_demo/config/nav2_tweak3_params.yaml
-- Up-to-date: /home/codybui/dev_machine/install/nav2_demo/share/nav2_demo/config/nav2_tweak_params.yaml
-- Up-to-date: /home/codybui/dev_machine/install/nav2_demo/share/nav2_demo/config/nav2_params.yaml
-- Up-to-date: /home/codybui/dev_machine/install/nav2_demo/share/nav2_demo/maps
-- Up-to-date: /home/codybui/dev_machine/install/nav2_demo/share/nav2_demo/maps/170_map.yaml
-- Up-to-date: /home/codybui/dev_machine/install/nav2_demo/share/nav2_demo/maps/demo3_map.yaml
-- Up-to-date: /home/codybui/dev_machine/install/nav2_demo/share/nav2_demo/maps/b1_map.yaml
-- Up-to-date: /home/codybui/dev_machine/install/nav2_demo/share/nav2_demo/maps/demo2_map.pgm
-- Up-to-date: /home/codybui/dev_machine/install/nav2_demo/share/nav2_demo/maps/170_map.pgm
-- Up-to-date: /home/codybui/dev_machine/install/nav2_demo/share/nav2_demo/maps/demo3_map.pgm
-- Up-to-date: /home/codybui/dev_machine/install/nav2_demo/share/nav2_demo/maps/demo_map.yaml
-- Up-to-date: /home/codybui/dev_machine/install/nav2_demo/share/nav2_demo/maps/demo_map.pgm
-- Up-to-date: /home/codybui/dev_machine/install/nav2_demo/share/nav2_demo/maps/b1_map.pgm
-- Up-to-date: /home/codybui/dev_machine/install/nav2_demo/share/nav2_demo/maps/demo2_map.yaml
-- Up-to-date: /home/codybui/dev_machine/install/nav2_demo/share/ament_index/resource_index/package_run_dependencies/nav2_demo
-- Up-to-date: /home/codybui/dev_machine/install/nav2_demo/share/ament_index/resource_index/parent_prefix_path/nav2_demo
-- Up-to-date: /home/codybui/dev_machine/install/nav2_demo/share/nav2_demo/environment/ament_prefix_path.sh
-- Up-to-date: /home/codybui/dev_machine/install/nav2_demo/share/nav2_demo/environment/ament_prefix_path.dsv
-- Up-to-date: /home/codybui/dev_machine/install/nav2_demo/share/nav2_demo/environment/path.sh
-- Up-to-date: /home/codybui/dev_machine/install/nav2_demo/share/nav2_demo/environment/path.dsv
-- Up-to-date: /home/codybui/dev_machine/install/nav2_demo/share/nav2_demo/local_setup.bash
-- Up-to-date: /home/codybui/dev_machine/install/nav2_demo/share/nav2_demo/local_setup.sh
-- Up-to-date: /home/codybui/dev_machine/install/nav2_demo/share/nav2_demo/local_setup.zsh
-- Up-to-date: /home/codybui/dev_machine/install/nav2_demo/share/nav2_demo/local_setup.dsv
-- Installing: /home/codybui/dev_machine/install/nav2_demo/share/nav2_demo/package.dsv
-- Up-to-date: /home/codybui/dev_machine/install/nav2_demo/share/ament_index/resource_index/packages/nav2_demo
-- Up-to-date: /home/codybui/dev_machine/install/nav2_demo/share/nav2_demo/cmake/nav2_demoConfig.cmake
-- Up-to-date: /home/codybui/dev_machine/install/nav2_demo/share/nav2_demo/cmake/nav2_demoConfig-version.cmake
-- Up-to-date: /home/codybui/dev_machine/install/nav2_demo/share/nav2_demo/package.xml
