-- The C compiler identification is GNU 9.4.0
-- The CXX compiler identification is GNU 9.4.0
-- Check for working C compiler: /usr/bin/cc
-- Check for working C compiler: /usr/bin/cc -- works
-- Detecting C compiler ABI info
-- Detecting C compiler ABI info - done
-- Detecting C compile features
-- Detecting C compile features - done
-- Check for working CXX compiler: /usr/bin/c++
-- Check for working CXX compiler: /usr/bin/c++ -- works
-- Detecting CXX compiler ABI info
-- Detecting CXX compiler ABI info - done
-- Detecting CXX compile features
-- Detecting CXX compile features - done
-- Found ament_cmake: 0.9.11 (/opt/ros/foxy/share/ament_cmake/cmake)
-- Found PythonInterp: /usr/bin/python3 (found suitable version "3.8.10", minimum required is "3") 
-- Using PYTHON_EXECUTABLE: /usr/bin/python3
-- Found ament_lint_auto: 0.9.8 (/opt/ros/foxy/share/ament_lint_auto/cmake)
-- Added test 'copyright' to check source files copyright and LICENSE
-- Added test 'flake8' to check Python code syntax and style conventions
-- Added test 'lint_cmake' to check CMake code style
-- Added test 'pep257' to check Python code against some of the style conventions in PEP 257
-- Added test 'xmllint' to check XML markup files
-- Configuring done
-- Generating done
-- Build files have been written to: /home/codybui/dev_machine/build/nav2_demo
-- Install configuration: ""
-- Installing: /home/codybui/dev_machine/install/nav2_demo/share/nav2_demo/launch
-- Installing: /home/codybui/dev_machine/install/nav2_demo/share/nav2_demo/launch/localization_launch.py
-- Installing: /home/codybui/dev_machine/install/nav2_demo/share/nav2_demo/launch/navigation_launch.py
-- Installing: /home/codybui/dev_machine/install/nav2_demo/share/nav2_demo/config
-- Installing: /home/codybui/dev_machine/install/nav2_demo/share/nav2_demo/config/nav2_tweak2_params.yaml
-- Installing: /home/codybui/dev_machine/install/nav2_demo/share/nav2_demo/config/nav2_tweak3_params.yaml
-- Installing: /home/codybui/dev_machine/install/nav2_demo/share/nav2_demo/config/nav2_tweak_params.yaml
-- Installing: /home/codybui/dev_machine/install/nav2_demo/share/nav2_demo/config/nav2_params.yaml
-- Installing: /home/codybui/dev_machine/install/nav2_demo/share/nav2_demo/maps
-- Installing: /home/codybui/dev_machine/install/nav2_demo/share/nav2_demo/maps/170_map.yaml
-- Installing: /home/codybui/dev_machine/install/nav2_demo/share/nav2_demo/maps/demo3_map.yaml
-- Installing: /home/codybui/dev_machine/install/nav2_demo/share/nav2_demo/maps/b1_map.yaml
-- Installing: /home/codybui/dev_machine/install/nav2_demo/share/nav2_demo/maps/demo2_map.pgm
-- Installing: /home/codybui/dev_machine/install/nav2_demo/share/nav2_demo/maps/170_map.pgm
-- Installing: /home/codybui/dev_machine/install/nav2_demo/share/nav2_demo/maps/demo3_map.pgm
-- Installing: /home/codybui/dev_machine/install/nav2_demo/share/nav2_demo/maps/demo_map.yaml
-- Installing: /home/codybui/dev_machine/install/nav2_demo/share/nav2_demo/maps/demo_map.pgm
-- Installing: /home/codybui/dev_machine/install/nav2_demo/share/nav2_demo/maps/b1_map.pgm
-- Installing: /home/codybui/dev_machine/install/nav2_demo/share/nav2_demo/maps/demo2_map.yaml
-- Installing: /home/codybui/dev_machine/install/nav2_demo/share/ament_index/resource_index/package_run_dependencies/nav2_demo
-- Installing: /home/codybui/dev_machine/install/nav2_demo/share/ament_index/resource_index/parent_prefix_path/nav2_demo
-- Installing: /home/codybui/dev_machine/install/nav2_demo/share/nav2_demo/environment/ament_prefix_path.sh
-- Installing: /home/codybui/dev_machine/install/nav2_demo/share/nav2_demo/environment/ament_prefix_path.dsv
-- Installing: /home/codybui/dev_machine/install/nav2_demo/share/nav2_demo/environment/path.sh
-- Installing: /home/codybui/dev_machine/install/nav2_demo/share/nav2_demo/environment/path.dsv
-- Installing: /home/codybui/dev_machine/install/nav2_demo/share/nav2_demo/local_setup.bash
-- Installing: /home/codybui/dev_machine/install/nav2_demo/share/nav2_demo/local_setup.sh
-- Installing: /home/codybui/dev_machine/install/nav2_demo/share/nav2_demo/local_setup.zsh
-- Installing: /home/codybui/dev_machine/install/nav2_demo/share/nav2_demo/local_setup.dsv
-- Installing: /home/codybui/dev_machine/install/nav2_demo/share/nav2_demo/package.dsv
-- Installing: /home/codybui/dev_machine/install/nav2_demo/share/ament_index/resource_index/packages/nav2_demo
-- Installing: /home/codybui/dev_machine/install/nav2_demo/share/nav2_demo/cmake/nav2_demoConfig.cmake
-- Installing: /home/codybui/dev_machine/install/nav2_demo/share/nav2_demo/cmake/nav2_demoConfig-version.cmake
-- Installing: /home/codybui/dev_machine/install/nav2_demo/share/nav2_demo/package.xml
