[0.036s] Invoking command in '/home/codybui/dev_machine/build/nav2_demo': CMAKE_PREFIX_PATH=/opt/ros/foxy /usr/bin/cmake /home/codybui/dev_machine/src/nav2_demo -DCMAKE_INSTALL_PREFIX=/home/codybui/dev_machine/install/nav2_demo
[0.159s] -- The C compiler identification is GNU 9.4.0
[0.270s] -- The CXX compiler identification is GNU 9.4.0
[0.277s] -- Check for working C compiler: /usr/bin/cc
[0.347s] -- Check for working C compiler: /usr/bin/cc -- works
[0.350s] -- Detecting C compiler ABI info
[0.431s] -- Detecting C compiler ABI info - done
[0.448s] -- Detecting C compile features
[0.448s] -- Detecting C compile features - done
[0.451s] -- Check for working CXX compiler: /usr/bin/c++
[0.585s] -- Check for working CXX compiler: /usr/bin/c++ -- works
[0.588s] -- Detecting CXX compiler ABI info
[0.681s] -- Detecting CXX compiler ABI info - done
[0.696s] -- Detecting CXX compile features
[0.696s] -- Detecting CXX compile features - done
[0.698s] -- Found ament_cmake: 0.9.11 (/opt/ros/foxy/share/ament_cmake/cmake)
[0.724s] -- Found PythonInterp: /usr/bin/python3 (found suitable version "3.8.10", minimum required is "3") 
[0.724s] -- Using PYTHON_EXECUTABLE: /usr/bin/python3
[0.910s] -- Found ament_lint_auto: 0.9.8 (/opt/ros/foxy/share/ament_lint_auto/cmake)
[0.997s] -- Added test 'copyright' to check source files copyright and LICENSE
[1.000s] -- Added test 'flake8' to check Python code syntax and style conventions
[1.001s] -- Added test 'lint_cmake' to check CMake code style
[1.002s] -- Added test 'pep257' to check Python code against some of the style conventions in PEP 257
[1.004s] -- Added test 'xmllint' to check XML markup files
[1.006s] -- Configuring done
[1.008s] -- Generating done
[1.009s] -- Build files have been written to: /home/codybui/dev_machine/build/nav2_demo
[1.020s] Invoked command in '/home/codybui/dev_machine/build/nav2_demo' returned '0': CMAKE_PREFIX_PATH=/opt/ros/foxy /usr/bin/cmake /home/codybui/dev_machine/src/nav2_demo -DCMAKE_INSTALL_PREFIX=/home/codybui/dev_machine/install/nav2_demo
[1.023s] Invoking command in '/home/codybui/dev_machine/build/nav2_demo': CMAKE_PREFIX_PATH=/opt/ros/foxy /usr/bin/cmake --build /home/codybui/dev_machine/build/nav2_demo -- -j16 -l16
[1.073s] Invoked command in '/home/codybui/dev_machine/build/nav2_demo' returned '0': CMAKE_PREFIX_PATH=/opt/ros/foxy /usr/bin/cmake --build /home/codybui/dev_machine/build/nav2_demo -- -j16 -l16
[1.128s] Invoking command in '/home/codybui/dev_machine/build/nav2_demo': CMAKE_PREFIX_PATH=/opt/ros/foxy /usr/bin/cmake --install /home/codybui/dev_machine/build/nav2_demo
[1.141s] -- Install configuration: ""
[1.142s] -- Installing: /home/codybui/dev_machine/install/nav2_demo/share/nav2_demo/launch
[1.142s] -- Installing: /home/codybui/dev_machine/install/nav2_demo/share/nav2_demo/launch/localization_launch.py
[1.142s] -- Installing: /home/codybui/dev_machine/install/nav2_demo/share/nav2_demo/launch/navigation_launch.py
[1.142s] -- Installing: /home/codybui/dev_machine/install/nav2_demo/share/nav2_demo/config
[1.142s] -- Installing: /home/codybui/dev_machine/install/nav2_demo/share/nav2_demo/config/nav2_tweak2_params.yaml
[1.142s] -- Installing: /home/codybui/dev_machine/install/nav2_demo/share/nav2_demo/config/nav2_tweak3_params.yaml
[1.142s] -- Installing: /home/codybui/dev_machine/install/nav2_demo/share/nav2_demo/config/nav2_tweak_params.yaml
[1.142s] -- Installing: /home/codybui/dev_machine/install/nav2_demo/share/nav2_demo/config/nav2_params.yaml
[1.142s] -- Installing: /home/codybui/dev_machine/install/nav2_demo/share/nav2_demo/maps
[1.143s] -- Installing: /home/codybui/dev_machine/install/nav2_demo/share/nav2_demo/maps/170_map.yaml
[1.143s] -- Installing: /home/codybui/dev_machine/install/nav2_demo/share/nav2_demo/maps/demo3_map.yaml
[1.143s] -- Installing: /home/codybui/dev_machine/install/nav2_demo/share/nav2_demo/maps/b1_map.yaml
[1.143s] -- Installing: /home/codybui/dev_machine/install/nav2_demo/share/nav2_demo/maps/demo2_map.pgm
[1.143s] -- Installing: /home/codybui/dev_machine/install/nav2_demo/share/nav2_demo/maps/170_map.pgm
[1.145s] -- Installing: /home/codybui/dev_machine/install/nav2_demo/share/nav2_demo/maps/demo3_map.pgm
[1.145s] -- Installing: /home/codybui/dev_machine/install/nav2_demo/share/nav2_demo/maps/demo_map.yaml
[1.145s] -- Installing: /home/codybui/dev_machine/install/nav2_demo/share/nav2_demo/maps/demo_map.pgm
[1.145s] -- Installing: /home/codybui/dev_machine/install/nav2_demo/share/nav2_demo/maps/b1_map.pgm
[1.145s] -- Installing: /home/codybui/dev_machine/install/nav2_demo/share/nav2_demo/maps/demo2_map.yaml
[1.146s] -- Installing: /home/codybui/dev_machine/install/nav2_demo/share/ament_index/resource_index/package_run_dependencies/nav2_demo
[1.146s] -- Installing: /home/codybui/dev_machine/install/nav2_demo/share/ament_index/resource_index/parent_prefix_path/nav2_demo
[1.146s] -- Installing: /home/codybui/dev_machine/install/nav2_demo/share/nav2_demo/environment/ament_prefix_path.sh
[1.146s] -- Installing: /home/codybui/dev_machine/install/nav2_demo/share/nav2_demo/environment/ament_prefix_path.dsv
[1.146s] -- Installing: /home/codybui/dev_machine/install/nav2_demo/share/nav2_demo/environment/path.sh
[1.146s] -- Installing: /home/codybui/dev_machine/install/nav2_demo/share/nav2_demo/environment/path.dsv
[1.146s] -- Installing: /home/codybui/dev_machine/install/nav2_demo/share/nav2_demo/local_setup.bash
[1.146s] -- Installing: /home/codybui/dev_machine/install/nav2_demo/share/nav2_demo/local_setup.sh
[1.146s] -- Installing: /home/codybui/dev_machine/install/nav2_demo/share/nav2_demo/local_setup.zsh
[1.146s] -- Installing: /home/codybui/dev_machine/install/nav2_demo/share/nav2_demo/local_setup.dsv
[1.147s] -- Installing: /home/codybui/dev_machine/install/nav2_demo/share/nav2_demo/package.dsv
[1.147s] -- Installing: /home/codybui/dev_machine/install/nav2_demo/share/ament_index/resource_index/packages/nav2_demo
[1.147s] -- Installing: /home/codybui/dev_machine/install/nav2_demo/share/nav2_demo/cmake/nav2_demoConfig.cmake
[1.147s] -- Installing: /home/codybui/dev_machine/install/nav2_demo/share/nav2_demo/cmake/nav2_demoConfig-version.cmake
[1.147s] -- Installing: /home/codybui/dev_machine/install/nav2_demo/share/nav2_demo/package.xml
[1.154s] Invoked command in '/home/codybui/dev_machine/build/nav2_demo' returned '0': CMAKE_PREFIX_PATH=/opt/ros/foxy /usr/bin/cmake --install /home/codybui/dev_machine/build/nav2_demo
