-- Install configuration: ""
-- Up-to-date: /home/codybui/dev_machine/install/robot-slam-demo/share/robot-slam-demo/launch
-- Up-to-date: /home/codybui/dev_machine/install/robot-slam-demo/share/robot-slam-demo/launch/cartographer.launch.py
-- Up-to-date: /home/codybui/dev_machine/install/robot-slam-demo/share/robot-slam-demo/launch/occupancy_grid.launch.py
-- Up-to-date: /home/codybui/dev_machine/install/robot-slam-demo/share/robot-slam-demo/config
-- Up-to-date: /home/codybui/dev_machine/install/robot-slam-demo/share/robot-slam-demo/config/jetson_robot_lds_2d.lua
-- Up-to-date: /home/codybui/dev_machine/install/robot-slam-demo/share/ament_index/resource_index/package_run_dependencies/robot-slam-demo
-- Up-to-date: /home/codybui/dev_machine/install/robot-slam-demo/share/ament_index/resource_index/parent_prefix_path/robot-slam-demo
-- Up-to-date: /home/codybui/dev_machine/install/robot-slam-demo/share/robot-slam-demo/environment/ament_prefix_path.sh
-- Up-to-date: /home/codybui/dev_machine/install/robot-slam-demo/share/robot-slam-demo/environment/ament_prefix_path.dsv
-- Up-to-date: /home/codybui/dev_machine/install/robot-slam-demo/share/robot-slam-demo/environment/path.sh
-- Up-to-date: /home/codybui/dev_machine/install/robot-slam-demo/share/robot-slam-demo/environment/path.dsv
-- Up-to-date: /home/codybui/dev_machine/install/robot-slam-demo/share/robot-slam-demo/local_setup.bash
-- Up-to-date: /home/codybui/dev_machine/install/robot-slam-demo/share/robot-slam-demo/local_setup.sh
-- Up-to-date: /home/codybui/dev_machine/install/robot-slam-demo/share/robot-slam-demo/local_setup.zsh
-- Up-to-date: /home/codybui/dev_machine/install/robot-slam-demo/share/robot-slam-demo/local_setup.dsv
-- Installing: /home/codybui/dev_machine/install/robot-slam-demo/share/robot-slam-demo/package.dsv
-- Up-to-date: /home/codybui/dev_machine/install/robot-slam-demo/share/ament_index/resource_index/packages/robot-slam-demo
-- Up-to-date: /home/codybui/dev_machine/install/robot-slam-demo/share/robot-slam-demo/cmake/robot-slam-demoConfig.cmake
-- Up-to-date: /home/codybui/dev_machine/install/robot-slam-demo/share/robot-slam-demo/cmake/robot-slam-demoConfig-version.cmake
-- Up-to-date: /home/codybui/dev_machine/install/robot-slam-demo/share/robot-slam-demo/package.xml
