[0.081s] Invoking command in '/home/codybui/dev_machine/build/nav2_demo': CMAKE_PREFIX_PATH=/opt/ros/foxy /usr/bin/cmake --build /home/codybui/dev_machine/build/nav2_demo -- -j16 -l16
[0.181s] Invoked command in '/home/codybui/dev_machine/build/nav2_demo' returned '0': CMAKE_PREFIX_PATH=/opt/ros/foxy /usr/bin/cmake --build /home/codybui/dev_machine/build/nav2_demo -- -j16 -l16
[0.266s] Invoking command in '/home/codybui/dev_machine/build/nav2_demo': CMAKE_PREFIX_PATH=/opt/ros/foxy /usr/bin/cmake --install /home/codybui/dev_machine/build/nav2_demo
[0.307s] -- Install configuration: ""
[0.308s] -- Up-to-date: /home/codybui/dev_machine/install/nav2_demo/share/nav2_demo/launch
[0.308s] -- Up-to-date: /home/codybui/dev_machine/install/nav2_demo/share/nav2_demo/launch/localization_launch.py
[0.308s] -- Up-to-date: /home/codybui/dev_machine/install/nav2_demo/share/nav2_demo/launch/navigation_launch.py
[0.309s] -- Up-to-date: /home/codybui/dev_machine/install/nav2_demo/share/nav2_demo/config
[0.310s] -- Installing: /home/codybui/dev_machine/install/nav2_demo/share/nav2_demo/config/nav2_tweak2_params.yaml
[0.310s] -- Up-to-date: /home/codybui/dev_machine/install/nav2_demo/share/nav2_demo/config/nav2_tweak3_params.yaml
[0.310s] -- Up-to-date: /home/codybui/dev_machine/install/nav2_demo/share/nav2_demo/config/nav2_tweak_params.yaml
[0.311s] -- Up-to-date: /home/codybui/dev_machine/install/nav2_demo/share/nav2_demo/config/nav2_params.yaml
[0.311s] -- Up-to-date: /home/codybui/dev_machine/install/nav2_demo/share/nav2_demo/maps
[0.312s] -- Up-to-date: /home/codybui/dev_machine/install/nav2_demo/share/nav2_demo/maps/170_map.yaml
[0.313s] -- Up-to-date: /home/codybui/dev_machine/install/nav2_demo/share/nav2_demo/maps/demo3_map.yaml
[0.313s] -- Up-to-date: /home/codybui/dev_machine/install/nav2_demo/share/nav2_demo/maps/b1_map.yaml
[0.314s] -- Up-to-date: /home/codybui/dev_machine/install/nav2_demo/share/nav2_demo/maps/demo2_map.pgm
[0.314s] -- Up-to-date: /home/codybui/dev_machine/install/nav2_demo/share/nav2_demo/maps/170_map.pgm
[0.315s] -- Up-to-date: /home/codybui/dev_machine/install/nav2_demo/share/nav2_demo/maps/demo3_map.pgm
[0.315s] -- Up-to-date: /home/codybui/dev_machine/install/nav2_demo/share/nav2_demo/maps/demo_map.yaml
[0.315s] -- Up-to-date: /home/codybui/dev_machine/install/nav2_demo/share/nav2_demo/maps/demo_map.pgm
[0.315s] -- Up-to-date: /home/codybui/dev_machine/install/nav2_demo/share/nav2_demo/maps/b1_map.pgm
[0.316s] -- Up-to-date: /home/codybui/dev_machine/install/nav2_demo/share/nav2_demo/maps/demo2_map.yaml
[0.316s] -- Up-to-date: /home/codybui/dev_machine/install/nav2_demo/share/ament_index/resource_index/package_run_dependencies/nav2_demo
[0.316s] -- Up-to-date: /home/codybui/dev_machine/install/nav2_demo/share/ament_index/resource_index/parent_prefix_path/nav2_demo
[0.316s] -- Up-to-date: /home/codybui/dev_machine/install/nav2_demo/share/nav2_demo/environment/ament_prefix_path.sh
[0.316s] -- Up-to-date: /home/codybui/dev_machine/install/nav2_demo/share/nav2_demo/environment/ament_prefix_path.dsv
[0.317s] -- Up-to-date: /home/codybui/dev_machine/install/nav2_demo/share/nav2_demo/environment/path.sh
[0.319s] -- Up-to-date: /home/codybui/dev_machine/install/nav2_demo/share/nav2_demo/environment/path.dsv
[0.320s] -- Up-to-date: /home/codybui/dev_machine/install/nav2_demo/share/nav2_demo/local_setup.bash
[0.320s] -- Up-to-date: /home/codybui/dev_machine/install/nav2_demo/share/nav2_demo/local_setup.sh
[0.320s] -- Up-to-date: /home/codybui/dev_machine/install/nav2_demo/share/nav2_demo/local_setup.zsh
[0.320s] -- Up-to-date: /home/codybui/dev_machine/install/nav2_demo/share/nav2_demo/local_setup.dsv
[0.321s] -- Installing: /home/codybui/dev_machine/install/nav2_demo/share/nav2_demo/package.dsv
[0.321s] -- Up-to-date: /home/codybui/dev_machine/install/nav2_demo/share/ament_index/resource_index/packages/nav2_demo
[0.321s] -- Up-to-date: /home/codybui/dev_machine/install/nav2_demo/share/nav2_demo/cmake/nav2_demoConfig.cmake
[0.321s] -- Up-to-date: /home/codybui/dev_machine/install/nav2_demo/share/nav2_demo/cmake/nav2_demoConfig-version.cmake
[0.322s] -- Up-to-date: /home/codybui/dev_machine/install/nav2_demo/share/nav2_demo/package.xml
[0.346s] Invoked command in '/home/codybui/dev_machine/build/nav2_demo' returned '0': CMAKE_PREFIX_PATH=/opt/ros/foxy /usr/bin/cmake --install /home/codybui/dev_machine/build/nav2_demo
