[0.041s] Invoking command in '/home/codybui/dev_machine/build/nav2_demo': CMAKE_PREFIX_PATH=/opt/ros/foxy /usr/bin/cmake --build /home/codybui/dev_machine/build/nav2_demo -- -j16 -l16
[0.091s] Invoked command in '/home/codybui/dev_machine/build/nav2_demo' returned '0': CMAKE_PREFIX_PATH=/opt/ros/foxy /usr/bin/cmake --build /home/codybui/dev_machine/build/nav2_demo -- -j16 -l16
[0.136s] Invoking command in '/home/codybui/dev_machine/build/nav2_demo': CMAKE_PREFIX_PATH=/opt/ros/foxy /usr/bin/cmake --install /home/codybui/dev_machine/build/nav2_demo
[0.144s] -- Install configuration: ""
[0.147s] -- Up-to-date: /home/codybui/dev_machine/install/nav2_demo/share/nav2_demo/launch
[0.147s] -- Up-to-date: /home/codybui/dev_machine/install/nav2_demo/share/nav2_demo/launch/localization_launch.py
[0.148s] -- Up-to-date: /home/codybui/dev_machine/install/nav2_demo/share/nav2_demo/launch/navigation_launch.py
[0.148s] -- Up-to-date: /home/codybui/dev_machine/install/nav2_demo/share/nav2_demo/config
[0.149s] -- Installing: /home/codybui/dev_machine/install/nav2_demo/share/nav2_demo/config/nav2_tweak2_params.yaml
[0.151s] -- Up-to-date: /home/codybui/dev_machine/install/nav2_demo/share/nav2_demo/config/nav2_tweak3_params.yaml
[0.151s] -- Up-to-date: /home/codybui/dev_machine/install/nav2_demo/share/nav2_demo/config/nav2_tweak_params.yaml
[0.151s] -- Up-to-date: /home/codybui/dev_machine/install/nav2_demo/share/nav2_demo/config/nav2_params.yaml
[0.152s] -- Up-to-date: /home/codybui/dev_machine/install/nav2_demo/share/nav2_demo/maps
[0.152s] -- Up-to-date: /home/codybui/dev_machine/install/nav2_demo/share/nav2_demo/maps/170_map.yaml
[0.152s] -- Up-to-date: /home/codybui/dev_machine/install/nav2_demo/share/nav2_demo/maps/i.yaml
[0.153s] -- Up-to-date: /home/codybui/dev_machine/install/nav2_demo/share/nav2_demo/maps/demo4_map.pgm
[0.153s] -- Up-to-date: /home/codybui/dev_machine/install/nav2_demo/share/nav2_demo/maps/demo3_map.yaml
[0.153s] -- Up-to-date: /home/codybui/dev_machine/install/nav2_demo/share/nav2_demo/maps/b1_map.yaml
[0.153s] -- Up-to-date: /home/codybui/dev_machine/install/nav2_demo/share/nav2_demo/maps/demo2_map.pgm
[0.153s] -- Up-to-date: /home/codybui/dev_machine/install/nav2_demo/share/nav2_demo/maps/170_map.pgm
[0.154s] -- Up-to-date: /home/codybui/dev_machine/install/nav2_demo/share/nav2_demo/maps/demo4_map.yaml
[0.154s] -- Up-to-date: /home/codybui/dev_machine/install/nav2_demo/share/nav2_demo/maps/demo3_map.pgm
[0.154s] -- Up-to-date: /home/codybui/dev_machine/install/nav2_demo/share/nav2_demo/maps/demo_map.yaml
[0.154s] -- Up-to-date: /home/codybui/dev_machine/install/nav2_demo/share/nav2_demo/maps/demo_map.pgm
[0.155s] -- Up-to-date: /home/codybui/dev_machine/install/nav2_demo/share/nav2_demo/maps/b1_map.pgm
[0.155s] -- Up-to-date: /home/codybui/dev_machine/install/nav2_demo/share/nav2_demo/maps/demo2_map.yaml
[0.155s] -- Up-to-date: /home/codybui/dev_machine/install/nav2_demo/share/nav2_demo/maps/i.pgm
[0.155s] -- Up-to-date: /home/codybui/dev_machine/install/nav2_demo/share/ament_index/resource_index/package_run_dependencies/nav2_demo
[0.155s] -- Up-to-date: /home/codybui/dev_machine/install/nav2_demo/share/ament_index/resource_index/parent_prefix_path/nav2_demo
[0.155s] -- Up-to-date: /home/codybui/dev_machine/install/nav2_demo/share/nav2_demo/environment/ament_prefix_path.sh
[0.156s] -- Up-to-date: /home/codybui/dev_machine/install/nav2_demo/share/nav2_demo/environment/ament_prefix_path.dsv
[0.156s] -- Up-to-date: /home/codybui/dev_machine/install/nav2_demo/share/nav2_demo/environment/path.sh
[0.157s] -- Up-to-date: /home/codybui/dev_machine/install/nav2_demo/share/nav2_demo/environment/path.dsv
[0.158s] -- Up-to-date: /home/codybui/dev_machine/install/nav2_demo/share/nav2_demo/local_setup.bash
[0.158s] -- Up-to-date: /home/codybui/dev_machine/install/nav2_demo/share/nav2_demo/local_setup.sh
[0.158s] -- Up-to-date: /home/codybui/dev_machine/install/nav2_demo/share/nav2_demo/local_setup.zsh
[0.159s] -- Up-to-date: /home/codybui/dev_machine/install/nav2_demo/share/nav2_demo/local_setup.dsv
[0.159s] -- Installing: /home/codybui/dev_machine/install/nav2_demo/share/nav2_demo/package.dsv
[0.159s] -- Up-to-date: /home/codybui/dev_machine/install/nav2_demo/share/ament_index/resource_index/packages/nav2_demo
[0.159s] -- Up-to-date: /home/codybui/dev_machine/install/nav2_demo/share/nav2_demo/cmake/nav2_demoConfig.cmake
[0.160s] -- Up-to-date: /home/codybui/dev_machine/install/nav2_demo/share/nav2_demo/cmake/nav2_demoConfig-version.cmake
[0.160s] -- Up-to-date: /home/codybui/dev_machine/install/nav2_demo/share/nav2_demo/package.xml
[0.161s] Invoked command in '/home/codybui/dev_machine/build/nav2_demo' returned '0': CMAKE_PREFIX_PATH=/opt/ros/foxy /usr/bin/cmake --install /home/codybui/dev_machine/build/nav2_demo
