[0.036s] Invoking command in '/home/codybui/dev_machine/build/robot-slam-demo': CMAKE_PREFIX_PATH=/opt/ros/foxy /usr/bin/cmake /home/codybui/dev_machine/src/robot-slam-demo -DCMAKE_INSTALL_PREFIX=/home/codybui/dev_machine/install/robot-slam-demo
[0.144s] -- The C compiler identification is GNU 9.4.0
[0.246s] -- The CXX compiler identification is GNU 9.4.0
[0.251s] -- Check for working C compiler: /usr/bin/cc
[0.337s] -- Check for working C compiler: /usr/bin/cc -- works
[0.339s] -- Detecting C compiler ABI info
[0.437s] -- Detecting C compiler ABI info - done
[0.454s] -- Detecting C compile features
[0.454s] -- Detecting C compile features - done
[0.457s] -- Check for working CXX compiler: /usr/bin/c++
[0.583s] -- Check for working CXX compiler: /usr/bin/c++ -- works
[0.586s] -- Detecting CXX compiler ABI info
[0.666s] -- Detecting CXX compiler ABI info - done
[0.686s] -- Detecting CXX compile features
[0.687s] -- Detecting CXX compile features - done
[0.689s] -- Found ament_cmake: 0.9.11 (/opt/ros/foxy/share/ament_cmake/cmake)
[0.716s] -- Found PythonInterp: /usr/bin/python3 (found suitable version "3.8.10", minimum required is "3") 
[0.716s] -- Using PYTHON_EXECUTABLE: /usr/bin/python3
[0.924s] -- Found ament_lint_auto: 0.9.8 (/opt/ros/foxy/share/ament_lint_auto/cmake)
[1.018s] -- Added test 'copyright' to check source files copyright and LICENSE
[1.020s] -- Added test 'flake8' to check Python code syntax and style conventions
[1.021s] -- Added test 'lint_cmake' to check CMake code style
[1.022s] -- Added test 'pep257' to check Python code against some of the style conventions in PEP 257
[1.023s] -- Added test 'xmllint' to check XML markup files
[1.025s] -- Configuring done
[1.027s] -- Generating done
[1.028s] -- Build files have been written to: /home/codybui/dev_machine/build/robot-slam-demo
[1.033s] Invoked command in '/home/codybui/dev_machine/build/robot-slam-demo' returned '0': CMAKE_PREFIX_PATH=/opt/ros/foxy /usr/bin/cmake /home/codybui/dev_machine/src/robot-slam-demo -DCMAKE_INSTALL_PREFIX=/home/codybui/dev_machine/install/robot-slam-demo
[1.038s] Invoking command in '/home/codybui/dev_machine/build/robot-slam-demo': CMAKE_PREFIX_PATH=/opt/ros/foxy /usr/bin/cmake --build /home/codybui/dev_machine/build/robot-slam-demo -- -j16 -l16
[1.119s] Invoked command in '/home/codybui/dev_machine/build/robot-slam-demo' returned '0': CMAKE_PREFIX_PATH=/opt/ros/foxy /usr/bin/cmake --build /home/codybui/dev_machine/build/robot-slam-demo -- -j16 -l16
[1.157s] Invoking command in '/home/codybui/dev_machine/build/robot-slam-demo': CMAKE_PREFIX_PATH=/opt/ros/foxy /usr/bin/cmake --install /home/codybui/dev_machine/build/robot-slam-demo
[1.177s] -- Install configuration: ""
[1.177s] -- Installing: /home/codybui/dev_machine/install/robot-slam-demo/share/robot-slam-demo/launch
[1.177s] -- Installing: /home/codybui/dev_machine/install/robot-slam-demo/share/robot-slam-demo/launch/cartographer.launch.py
[1.178s] -- Installing: /home/codybui/dev_machine/install/robot-slam-demo/share/robot-slam-demo/launch/occupancy_grid.launch.py
[1.178s] -- Installing: /home/codybui/dev_machine/install/robot-slam-demo/share/robot-slam-demo/config
[1.179s] -- Installing: /home/codybui/dev_machine/install/robot-slam-demo/share/robot-slam-demo/config/jetson_robot_lds_2d.lua
[1.179s] -- Installing: /home/codybui/dev_machine/install/robot-slam-demo/share/ament_index/resource_index/package_run_dependencies/robot-slam-demo
[1.179s] -- Installing: /home/codybui/dev_machine/install/robot-slam-demo/share/ament_index/resource_index/parent_prefix_path/robot-slam-demo
[1.179s] -- Installing: /home/codybui/dev_machine/install/robot-slam-demo/share/robot-slam-demo/environment/ament_prefix_path.sh
[1.179s] -- Installing: /home/codybui/dev_machine/install/robot-slam-demo/share/robot-slam-demo/environment/ament_prefix_path.dsv
[1.180s] -- Installing: /home/codybui/dev_machine/install/robot-slam-demo/share/robot-slam-demo/environment/path.sh
[1.180s] -- Installing: /home/codybui/dev_machine/install/robot-slam-demo/share/robot-slam-demo/environment/path.dsv
[1.180s] -- Installing: /home/codybui/dev_machine/install/robot-slam-demo/share/robot-slam-demo/local_setup.bash
[1.180s] -- Installing: /home/codybui/dev_machine/install/robot-slam-demo/share/robot-slam-demo/local_setup.sh
[1.180s] -- Installing: /home/codybui/dev_machine/install/robot-slam-demo/share/robot-slam-demo/local_setup.zsh
[1.180s] -- Installing: /home/codybui/dev_machine/install/robot-slam-demo/share/robot-slam-demo/local_setup.dsv
[1.180s] -- Installing: /home/codybui/dev_machine/install/robot-slam-demo/share/robot-slam-demo/package.dsv
[1.180s] -- Installing: /home/codybui/dev_machine/install/robot-slam-demo/share/ament_index/resource_index/packages/robot-slam-demo
[1.180s] -- Installing: /home/codybui/dev_machine/install/robot-slam-demo/share/robot-slam-demo/cmake/robot-slam-demoConfig.cmake
[1.181s] -- Installing: /home/codybui/dev_machine/install/robot-slam-demo/share/robot-slam-demo/cmake/robot-slam-demoConfig-version.cmake
[1.181s] -- Installing: /home/codybui/dev_machine/install/robot-slam-demo/share/robot-slam-demo/package.xml
[1.203s] Invoked command in '/home/codybui/dev_machine/build/robot-slam-demo' returned '0': CMAKE_PREFIX_PATH=/opt/ros/foxy /usr/bin/cmake --install /home/codybui/dev_machine/build/robot-slam-demo
