[0.316s] DEBUG:colcon:Command line arguments: ['/usr/bin/colcon', 'build']
[0.316s] DEBUG:colcon:Parsed command line arguments: Namespace(allow_overriding=[], ament_cmake_args=None, base_paths=['.'], build_base='build', catkin_cmake_args=None, catkin_skip_building_tests=False, cmake_args=None, cmake_clean_cache=False, cmake_clean_first=False, cmake_force_configure=False, cmake_target=None, cmake_target_skip_unavailable=False, continue_on_error=False, event_handlers=None, executor='parallel', ignore_user_meta=False, install_base='install', log_base=None, log_level=None, main=<bound method BuildVerb.main of <colcon_core.verb.build.BuildVerb object at 0x7fc6473074f0>>, merge_install=False, metas=['./colcon.meta'], packages_above=None, packages_above_and_dependencies=None, packages_above_depth=None, packages_end=None, packages_ignore=None, packages_ignore_regex=None, packages_select=None, packages_select_build_failed=False, packages_select_by_dep=None, packages_select_regex=None, packages_select_test_failures=False, packages_skip=None, packages_skip_build_finished=False, packages_skip_by_dep=None, packages_skip_regex=None, packages_skip_test_passed=False, packages_skip_up_to=None, packages_start=None, packages_up_to=None, packages_up_to_regex=None, parallel_workers=16, paths=None, symlink_install=False, test_result_base=None, verb_extension=<colcon_core.verb.build.BuildVerb object at 0x7fc6473074f0>, verb_name='build', verb_parser=<colcon_defaults.argument_parser.defaults.DefaultArgumentsDecorator object at 0x7fc647307a30>)
[0.342s] Level 1:colcon.colcon_core.package_discovery:discover_packages(colcon_meta) check parameters
[0.343s] Level 1:colcon.colcon_core.package_discovery:discover_packages(recursive) check parameters
[0.343s] Level 1:colcon.colcon_core.package_discovery:discover_packages(ignore) check parameters
[0.343s] Level 1:colcon.colcon_core.package_discovery:discover_packages(path) check parameters
[0.343s] Level 1:colcon.colcon_core.package_discovery:discover_packages(colcon_meta) discover
[0.343s] Level 1:colcon.colcon_core.package_discovery:discover_packages(recursive) discover
[0.343s] INFO:colcon.colcon_core.package_discovery:Crawling recursively for packages in '/home/codybui/dev_machine'
[0.343s] Level 1:colcon.colcon_core.package_identification:_identify(.) by extensions ['ignore', 'ignore_ament_install']
[0.343s] Level 1:colcon.colcon_core.package_identification:_identify(.) by extension 'ignore'
[0.343s] Level 1:colcon.colcon_core.package_identification:_identify(.) by extension 'ignore_ament_install'
[0.343s] Level 1:colcon.colcon_core.package_identification:_identify(.) by extensions ['colcon_pkg']
[0.343s] Level 1:colcon.colcon_core.package_identification:_identify(.) by extension 'colcon_pkg'
[0.343s] Level 1:colcon.colcon_core.package_identification:_identify(.) by extensions ['colcon_meta']
[0.343s] Level 1:colcon.colcon_core.package_identification:_identify(.) by extension 'colcon_meta'
[0.343s] Level 1:colcon.colcon_core.package_identification:_identify(.) by extensions ['ros']
[0.343s] Level 1:colcon.colcon_core.package_identification:_identify(.) by extension 'ros'
[0.374s] Level 1:colcon.colcon_core.package_identification:_identify(.) by extensions ['cmake', 'python']
[0.374s] Level 1:colcon.colcon_core.package_identification:_identify(.) by extension 'cmake'
[0.374s] Level 1:colcon.colcon_core.package_identification:_identify(.) by extension 'python'
[0.374s] Level 1:colcon.colcon_core.package_identification:_identify(.) by extensions ['python_setup_py']
[0.374s] Level 1:colcon.colcon_core.package_identification:_identify(.) by extension 'python_setup_py'
[0.374s] Level 1:colcon.colcon_core.package_identification:_identify(build) by extensions ['ignore', 'ignore_ament_install']
[0.374s] Level 1:colcon.colcon_core.package_identification:_identify(build) by extension 'ignore'
[0.374s] Level 1:colcon.colcon_core.package_identification:_identify(build) ignored
[0.375s] Level 1:colcon.colcon_core.package_identification:_identify(install) by extensions ['ignore', 'ignore_ament_install']
[0.375s] Level 1:colcon.colcon_core.package_identification:_identify(install) by extension 'ignore'
[0.375s] Level 1:colcon.colcon_core.package_identification:_identify(install) ignored
[0.375s] Level 1:colcon.colcon_core.package_identification:_identify(log) by extensions ['ignore', 'ignore_ament_install']
[0.375s] Level 1:colcon.colcon_core.package_identification:_identify(log) by extension 'ignore'
[0.375s] Level 1:colcon.colcon_core.package_identification:_identify(log) ignored
[0.375s] Level 1:colcon.colcon_core.package_identification:_identify(src) by extensions ['ignore', 'ignore_ament_install']
[0.375s] Level 1:colcon.colcon_core.package_identification:_identify(src) by extension 'ignore'
[0.375s] Level 1:colcon.colcon_core.package_identification:_identify(src) by extension 'ignore_ament_install'
[0.375s] Level 1:colcon.colcon_core.package_identification:_identify(src) by extensions ['colcon_pkg']
[0.375s] Level 1:colcon.colcon_core.package_identification:_identify(src) by extension 'colcon_pkg'
[0.375s] Level 1:colcon.colcon_core.package_identification:_identify(src) by extensions ['colcon_meta']
[0.375s] Level 1:colcon.colcon_core.package_identification:_identify(src) by extension 'colcon_meta'
[0.375s] Level 1:colcon.colcon_core.package_identification:_identify(src) by extensions ['ros']
[0.375s] Level 1:colcon.colcon_core.package_identification:_identify(src) by extension 'ros'
[0.375s] Level 1:colcon.colcon_core.package_identification:_identify(src) by extensions ['cmake', 'python']
[0.375s] Level 1:colcon.colcon_core.package_identification:_identify(src) by extension 'cmake'
[0.375s] Level 1:colcon.colcon_core.package_identification:_identify(src) by extension 'python'
[0.375s] Level 1:colcon.colcon_core.package_identification:_identify(src) by extensions ['python_setup_py']
[0.375s] Level 1:colcon.colcon_core.package_identification:_identify(src) by extension 'python_setup_py'
[0.375s] Level 1:colcon.colcon_core.package_identification:_identify(src/my_package) by extensions ['ignore', 'ignore_ament_install']
[0.375s] Level 1:colcon.colcon_core.package_identification:_identify(src/my_package) by extension 'ignore'
[0.376s] Level 1:colcon.colcon_core.package_identification:_identify(src/my_package) by extension 'ignore_ament_install'
[0.376s] Level 1:colcon.colcon_core.package_identification:_identify(src/my_package) by extensions ['colcon_pkg']
[0.376s] Level 1:colcon.colcon_core.package_identification:_identify(src/my_package) by extension 'colcon_pkg'
[0.376s] Level 1:colcon.colcon_core.package_identification:_identify(src/my_package) by extensions ['colcon_meta']
[0.376s] Level 1:colcon.colcon_core.package_identification:_identify(src/my_package) by extension 'colcon_meta'
[0.376s] Level 1:colcon.colcon_core.package_identification:_identify(src/my_package) by extensions ['ros']
[0.376s] Level 1:colcon.colcon_core.package_identification:_identify(src/my_package) by extension 'ros'
[0.378s] DEBUG:colcon.colcon_core.package_identification:Package 'src/my_package' with type 'ros.ament_cmake' and name 'my_package'
[0.378s] Level 1:colcon.colcon_core.package_identification:_identify(src/nav2_demo) by extensions ['ignore', 'ignore_ament_install']
[0.378s] Level 1:colcon.colcon_core.package_identification:_identify(src/nav2_demo) by extension 'ignore'
[0.378s] Level 1:colcon.colcon_core.package_identification:_identify(src/nav2_demo) by extension 'ignore_ament_install'
[0.378s] Level 1:colcon.colcon_core.package_identification:_identify(src/nav2_demo) by extensions ['colcon_pkg']
[0.378s] Level 1:colcon.colcon_core.package_identification:_identify(src/nav2_demo) by extension 'colcon_pkg'
[0.378s] Level 1:colcon.colcon_core.package_identification:_identify(src/nav2_demo) by extensions ['colcon_meta']
[0.378s] Level 1:colcon.colcon_core.package_identification:_identify(src/nav2_demo) by extension 'colcon_meta'
[0.378s] Level 1:colcon.colcon_core.package_identification:_identify(src/nav2_demo) by extensions ['ros']
[0.378s] Level 1:colcon.colcon_core.package_identification:_identify(src/nav2_demo) by extension 'ros'
[0.379s] DEBUG:colcon.colcon_core.package_identification:Package 'src/nav2_demo' with type 'ros.ament_cmake' and name 'nav2_demo'
[0.380s] Level 1:colcon.colcon_core.package_identification:_identify(src/robot-bring-up-dev) by extensions ['ignore', 'ignore_ament_install']
[0.380s] Level 1:colcon.colcon_core.package_identification:_identify(src/robot-bring-up-dev) by extension 'ignore'
[0.380s] Level 1:colcon.colcon_core.package_identification:_identify(src/robot-bring-up-dev) by extension 'ignore_ament_install'
[0.380s] Level 1:colcon.colcon_core.package_identification:_identify(src/robot-bring-up-dev) by extensions ['colcon_pkg']
[0.380s] Level 1:colcon.colcon_core.package_identification:_identify(src/robot-bring-up-dev) by extension 'colcon_pkg'
[0.380s] Level 1:colcon.colcon_core.package_identification:_identify(src/robot-bring-up-dev) by extensions ['colcon_meta']
[0.380s] Level 1:colcon.colcon_core.package_identification:_identify(src/robot-bring-up-dev) by extension 'colcon_meta'
[0.380s] Level 1:colcon.colcon_core.package_identification:_identify(src/robot-bring-up-dev) by extensions ['ros']
[0.380s] Level 1:colcon.colcon_core.package_identification:_identify(src/robot-bring-up-dev) by extension 'ros'
[0.381s] DEBUG:colcon.colcon_core.package_identification:Package 'src/robot-bring-up-dev' with type 'ros.ament_cmake' and name 'robot-bring-up-dev'
[0.382s] Level 1:colcon.colcon_core.package_identification:_identify(src/robot-slam-demo) by extensions ['ignore', 'ignore_ament_install']
[0.382s] Level 1:colcon.colcon_core.package_identification:_identify(src/robot-slam-demo) by extension 'ignore'
[0.382s] Level 1:colcon.colcon_core.package_identification:_identify(src/robot-slam-demo) by extension 'ignore_ament_install'
[0.382s] Level 1:colcon.colcon_core.package_identification:_identify(src/robot-slam-demo) by extensions ['colcon_pkg']
[0.382s] Level 1:colcon.colcon_core.package_identification:_identify(src/robot-slam-demo) by extension 'colcon_pkg'
[0.382s] Level 1:colcon.colcon_core.package_identification:_identify(src/robot-slam-demo) by extensions ['colcon_meta']
[0.382s] Level 1:colcon.colcon_core.package_identification:_identify(src/robot-slam-demo) by extension 'colcon_meta'
[0.382s] Level 1:colcon.colcon_core.package_identification:_identify(src/robot-slam-demo) by extensions ['ros']
[0.382s] Level 1:colcon.colcon_core.package_identification:_identify(src/robot-slam-demo) by extension 'ros'
[0.382s] DEBUG:colcon.colcon_core.package_identification:Package 'src/robot-slam-demo' with type 'ros.ament_cmake' and name 'robot-slam-demo'
[0.382s] Level 1:colcon.colcon_core.package_discovery:discover_packages(recursive) using defaults
[0.382s] Level 1:colcon.colcon_core.package_discovery:discover_packages(ignore) discover
[0.382s] Level 1:colcon.colcon_core.package_discovery:discover_packages(ignore) using defaults
[0.382s] Level 1:colcon.colcon_core.package_discovery:discover_packages(path) discover
[0.382s] Level 1:colcon.colcon_core.package_discovery:discover_packages(path) using defaults
[0.407s] Level 1:colcon.colcon_core.package_discovery:discover_packages(prefix_path) check parameters
[0.407s] Level 1:colcon.colcon_core.package_discovery:discover_packages(prefix_path) discover
[0.412s] DEBUG:colcon.colcon_installed_package_information.package_discovery:Found 320 installed packages in /opt/ros/foxy
[0.414s] Level 1:colcon.colcon_core.package_discovery:discover_packages(prefix_path) using defaults
[0.490s] Level 5:colcon.colcon_core.verb:set package 'my_package' build argument 'cmake_args' from command line to 'None'
[0.491s] Level 5:colcon.colcon_core.verb:set package 'my_package' build argument 'cmake_target' from command line to 'None'
[0.491s] Level 5:colcon.colcon_core.verb:set package 'my_package' build argument 'cmake_target_skip_unavailable' from command line to 'False'
[0.491s] Level 5:colcon.colcon_core.verb:set package 'my_package' build argument 'cmake_clean_cache' from command line to 'False'
[0.491s] Level 5:colcon.colcon_core.verb:set package 'my_package' build argument 'cmake_clean_first' from command line to 'False'
[0.491s] Level 5:colcon.colcon_core.verb:set package 'my_package' build argument 'cmake_force_configure' from command line to 'False'
[0.491s] Level 5:colcon.colcon_core.verb:set package 'my_package' build argument 'ament_cmake_args' from command line to 'None'
[0.491s] Level 5:colcon.colcon_core.verb:set package 'my_package' build argument 'catkin_cmake_args' from command line to 'None'
[0.491s] Level 5:colcon.colcon_core.verb:set package 'my_package' build argument 'catkin_skip_building_tests' from command line to 'False'
[0.491s] DEBUG:colcon.colcon_core.verb:Building package 'my_package' with the following arguments: {'ament_cmake_args': None, 'build_base': '/home/codybui/dev_machine/build/my_package', 'catkin_cmake_args': None, 'catkin_skip_building_tests': False, 'cmake_args': None, 'cmake_clean_cache': False, 'cmake_clean_first': False, 'cmake_force_configure': False, 'cmake_target': None, 'cmake_target_skip_unavailable': False, 'install_base': '/home/codybui/dev_machine/install/my_package', 'merge_install': False, 'path': '/home/codybui/dev_machine/src/my_package', 'symlink_install': False, 'test_result_base': None}
[0.492s] Level 5:colcon.colcon_core.verb:set package 'nav2_demo' build argument 'cmake_args' from command line to 'None'
[0.492s] Level 5:colcon.colcon_core.verb:set package 'nav2_demo' build argument 'cmake_target' from command line to 'None'
[0.492s] Level 5:colcon.colcon_core.verb:set package 'nav2_demo' build argument 'cmake_target_skip_unavailable' from command line to 'False'
[0.492s] Level 5:colcon.colcon_core.verb:set package 'nav2_demo' build argument 'cmake_clean_cache' from command line to 'False'
[0.492s] Level 5:colcon.colcon_core.verb:set package 'nav2_demo' build argument 'cmake_clean_first' from command line to 'False'
[0.492s] Level 5:colcon.colcon_core.verb:set package 'nav2_demo' build argument 'cmake_force_configure' from command line to 'False'
[0.492s] Level 5:colcon.colcon_core.verb:set package 'nav2_demo' build argument 'ament_cmake_args' from command line to 'None'
[0.492s] Level 5:colcon.colcon_core.verb:set package 'nav2_demo' build argument 'catkin_cmake_args' from command line to 'None'
[0.492s] Level 5:colcon.colcon_core.verb:set package 'nav2_demo' build argument 'catkin_skip_building_tests' from command line to 'False'
[0.492s] DEBUG:colcon.colcon_core.verb:Building package 'nav2_demo' with the following arguments: {'ament_cmake_args': None, 'build_base': '/home/codybui/dev_machine/build/nav2_demo', 'catkin_cmake_args': None, 'catkin_skip_building_tests': False, 'cmake_args': None, 'cmake_clean_cache': False, 'cmake_clean_first': False, 'cmake_force_configure': False, 'cmake_target': None, 'cmake_target_skip_unavailable': False, 'install_base': '/home/codybui/dev_machine/install/nav2_demo', 'merge_install': False, 'path': '/home/codybui/dev_machine/src/nav2_demo', 'symlink_install': False, 'test_result_base': None}
[0.493s] Level 5:colcon.colcon_core.verb:set package 'robot-bring-up-dev' build argument 'cmake_args' from command line to 'None'
[0.493s] Level 5:colcon.colcon_core.verb:set package 'robot-bring-up-dev' build argument 'cmake_target' from command line to 'None'
[0.493s] Level 5:colcon.colcon_core.verb:set package 'robot-bring-up-dev' build argument 'cmake_target_skip_unavailable' from command line to 'False'
[0.493s] Level 5:colcon.colcon_core.verb:set package 'robot-bring-up-dev' build argument 'cmake_clean_cache' from command line to 'False'
[0.493s] Level 5:colcon.colcon_core.verb:set package 'robot-bring-up-dev' build argument 'cmake_clean_first' from command line to 'False'
[0.493s] Level 5:colcon.colcon_core.verb:set package 'robot-bring-up-dev' build argument 'cmake_force_configure' from command line to 'False'
[0.493s] Level 5:colcon.colcon_core.verb:set package 'robot-bring-up-dev' build argument 'ament_cmake_args' from command line to 'None'
[0.493s] Level 5:colcon.colcon_core.verb:set package 'robot-bring-up-dev' build argument 'catkin_cmake_args' from command line to 'None'
[0.493s] Level 5:colcon.colcon_core.verb:set package 'robot-bring-up-dev' build argument 'catkin_skip_building_tests' from command line to 'False'
[0.493s] DEBUG:colcon.colcon_core.verb:Building package 'robot-bring-up-dev' with the following arguments: {'ament_cmake_args': None, 'build_base': '/home/codybui/dev_machine/build/robot-bring-up-dev', 'catkin_cmake_args': None, 'catkin_skip_building_tests': False, 'cmake_args': None, 'cmake_clean_cache': False, 'cmake_clean_first': False, 'cmake_force_configure': False, 'cmake_target': None, 'cmake_target_skip_unavailable': False, 'install_base': '/home/codybui/dev_machine/install/robot-bring-up-dev', 'merge_install': False, 'path': '/home/codybui/dev_machine/src/robot-bring-up-dev', 'symlink_install': False, 'test_result_base': None}
[0.494s] Level 5:colcon.colcon_core.verb:set package 'robot-slam-demo' build argument 'cmake_args' from command line to 'None'
[0.494s] Level 5:colcon.colcon_core.verb:set package 'robot-slam-demo' build argument 'cmake_target' from command line to 'None'
[0.494s] Level 5:colcon.colcon_core.verb:set package 'robot-slam-demo' build argument 'cmake_target_skip_unavailable' from command line to 'False'
[0.494s] Level 5:colcon.colcon_core.verb:set package 'robot-slam-demo' build argument 'cmake_clean_cache' from command line to 'False'
[0.494s] Level 5:colcon.colcon_core.verb:set package 'robot-slam-demo' build argument 'cmake_clean_first' from command line to 'False'
[0.494s] Level 5:colcon.colcon_core.verb:set package 'robot-slam-demo' build argument 'cmake_force_configure' from command line to 'False'
[0.494s] Level 5:colcon.colcon_core.verb:set package 'robot-slam-demo' build argument 'ament_cmake_args' from command line to 'None'
[0.494s] Level 5:colcon.colcon_core.verb:set package 'robot-slam-demo' build argument 'catkin_cmake_args' from command line to 'None'
[0.494s] Level 5:colcon.colcon_core.verb:set package 'robot-slam-demo' build argument 'catkin_skip_building_tests' from command line to 'False'
[0.494s] DEBUG:colcon.colcon_core.verb:Building package 'robot-slam-demo' with the following arguments: {'ament_cmake_args': None, 'build_base': '/home/codybui/dev_machine/build/robot-slam-demo', 'catkin_cmake_args': None, 'catkin_skip_building_tests': False, 'cmake_args': None, 'cmake_clean_cache': False, 'cmake_clean_first': False, 'cmake_force_configure': False, 'cmake_target': None, 'cmake_target_skip_unavailable': False, 'install_base': '/home/codybui/dev_machine/install/robot-slam-demo', 'merge_install': False, 'path': '/home/codybui/dev_machine/src/robot-slam-demo', 'symlink_install': False, 'test_result_base': None}
[0.495s] INFO:colcon.colcon_core.executor:Executing jobs using 'parallel' executor
[0.498s] DEBUG:colcon.colcon_parallel_executor.executor.parallel:run_until_complete
[0.499s] INFO:colcon.colcon_ros.task.ament_cmake.build:Building ROS package in '/home/codybui/dev_machine/src/my_package' with build type 'ament_cmake'
[0.499s] INFO:colcon.colcon_cmake.task.cmake.build:Building CMake package in '/home/codybui/dev_machine/src/my_package'
[0.504s] INFO:colcon.colcon_core.plugin_system:Skipping extension 'colcon_core.shell.bat': Not used on non-Windows systems
[0.504s] INFO:colcon.colcon_core.shell:Skip shell extension 'powershell' for command environment: Not usable outside of PowerShell
[0.504s] DEBUG:colcon.colcon_core.shell:Skip shell extension 'dsv' for command environment
[0.513s] INFO:colcon.colcon_ros.task.ament_cmake.build:Building ROS package in '/home/codybui/dev_machine/src/nav2_demo' with build type 'ament_cmake'
[0.513s] INFO:colcon.colcon_cmake.task.cmake.build:Building CMake package in '/home/codybui/dev_machine/src/nav2_demo'
[0.515s] INFO:colcon.colcon_core.shell:Skip shell extension 'powershell' for command environment: Not usable outside of PowerShell
[0.516s] DEBUG:colcon.colcon_core.shell:Skip shell extension 'dsv' for command environment
[0.526s] INFO:colcon.colcon_ros.task.ament_cmake.build:Building ROS package in '/home/codybui/dev_machine/src/robot-bring-up-dev' with build type 'ament_cmake'
[0.526s] INFO:colcon.colcon_cmake.task.cmake.build:Building CMake package in '/home/codybui/dev_machine/src/robot-bring-up-dev'
[0.529s] INFO:colcon.colcon_core.shell:Skip shell extension 'powershell' for command environment: Not usable outside of PowerShell
[0.529s] DEBUG:colcon.colcon_core.shell:Skip shell extension 'dsv' for command environment
[0.544s] INFO:colcon.colcon_ros.task.ament_cmake.build:Building ROS package in '/home/codybui/dev_machine/src/robot-slam-demo' with build type 'ament_cmake'
[0.544s] INFO:colcon.colcon_cmake.task.cmake.build:Building CMake package in '/home/codybui/dev_machine/src/robot-slam-demo'
[0.546s] INFO:colcon.colcon_core.shell:Skip shell extension 'powershell' for command environment: Not usable outside of PowerShell
[0.547s] DEBUG:colcon.colcon_core.shell:Skip shell extension 'dsv' for command environment
[0.563s] DEBUG:colcon.colcon_core.event_handler.log_command:Invoking command in '/home/codybui/dev_machine/build/my_package': CMAKE_PREFIX_PATH=/opt/ros/foxy /usr/bin/cmake --build /home/codybui/dev_machine/build/my_package -- -j16 -l16
[0.581s] DEBUG:colcon.colcon_core.event_handler.log_command:Invoking command in '/home/codybui/dev_machine/build/nav2_demo': CMAKE_PREFIX_PATH=/opt/ros/foxy /usr/bin/cmake --build /home/codybui/dev_machine/build/nav2_demo -- -j16 -l16
[0.592s] DEBUG:colcon.colcon_core.event_handler.log_command:Invoking command in '/home/codybui/dev_machine/build/robot-bring-up-dev': CMAKE_PREFIX_PATH=/opt/ros/foxy /usr/bin/cmake --build /home/codybui/dev_machine/build/robot-bring-up-dev -- -j16 -l16
[0.615s] DEBUG:colcon.colcon_core.event_handler.log_command:Invoking command in '/home/codybui/dev_machine/build/robot-slam-demo': CMAKE_PREFIX_PATH=/opt/ros/foxy /usr/bin/cmake --build /home/codybui/dev_machine/build/robot-slam-demo -- -j16 -l16
[0.659s] DEBUG:colcon.colcon_core.event_handler.log_command:Invoked command in '/home/codybui/dev_machine/build/my_package' returned '0': CMAKE_PREFIX_PATH=/opt/ros/foxy /usr/bin/cmake --build /home/codybui/dev_machine/build/my_package -- -j16 -l16
[0.669s] DEBUG:colcon.colcon_core.event_handler.log_command:Invoked command in '/home/codybui/dev_machine/build/nav2_demo' returned '0': CMAKE_PREFIX_PATH=/opt/ros/foxy /usr/bin/cmake --build /home/codybui/dev_machine/build/nav2_demo -- -j16 -l16
[0.673s] DEBUG:colcon.colcon_core.event_handler.log_command:Invoked command in '/home/codybui/dev_machine/build/robot-bring-up-dev' returned '0': CMAKE_PREFIX_PATH=/opt/ros/foxy /usr/bin/cmake --build /home/codybui/dev_machine/build/robot-bring-up-dev -- -j16 -l16
[0.685s] DEBUG:colcon.colcon_core.event_handler.log_command:Invoked command in '/home/codybui/dev_machine/build/robot-slam-demo' returned '0': CMAKE_PREFIX_PATH=/opt/ros/foxy /usr/bin/cmake --build /home/codybui/dev_machine/build/robot-slam-demo -- -j16 -l16
[0.713s] DEBUG:colcon.colcon_core.event_handler.log_command:Invoking command in '/home/codybui/dev_machine/build/nav2_demo': CMAKE_PREFIX_PATH=/opt/ros/foxy /usr/bin/cmake --install /home/codybui/dev_machine/build/nav2_demo
[0.720s] DEBUG:colcon.colcon_core.event_handler.log_command:Invoking command in '/home/codybui/dev_machine/build/my_package': CMAKE_PREFIX_PATH=/opt/ros/foxy /usr/bin/cmake --install /home/codybui/dev_machine/build/my_package
[0.729s] DEBUG:colcon.colcon_core.event_handler.log_command:Invoking command in '/home/codybui/dev_machine/build/robot-bring-up-dev': CMAKE_PREFIX_PATH=/opt/ros/foxy /usr/bin/cmake --install /home/codybui/dev_machine/build/robot-bring-up-dev
[0.740s] Level 1:colcon.colcon_core.environment:create_environment_scripts_only(nav2_demo)
[0.752s] DEBUG:colcon.colcon_core.event_handler.log_command:Invoking command in '/home/codybui/dev_machine/build/robot-slam-demo': CMAKE_PREFIX_PATH=/opt/ros/foxy /usr/bin/cmake --install /home/codybui/dev_machine/build/robot-slam-demo
[0.757s] DEBUG:colcon.colcon_core.event_handler.log_command:Invoked command in '/home/codybui/dev_machine/build/nav2_demo' returned '0': CMAKE_PREFIX_PATH=/opt/ros/foxy /usr/bin/cmake --install /home/codybui/dev_machine/build/nav2_demo
[0.762s] Level 1:colcon.colcon_core.environment:checking '/home/codybui/dev_machine/install/nav2_demo' for CMake module files
[0.765s] Level 1:colcon.colcon_core.environment:checking '/home/codybui/dev_machine/install/nav2_demo' for CMake config files
[0.765s] Level 1:colcon.colcon_core.shell:create_environment_hook('nav2_demo', 'cmake_prefix_path')
[0.768s] INFO:colcon.colcon_core.shell:Creating environment hook '/home/codybui/dev_machine/install/nav2_demo/share/nav2_demo/hook/cmake_prefix_path.ps1'
[0.769s] INFO:colcon.colcon_core.shell:Creating environment descriptor '/home/codybui/dev_machine/install/nav2_demo/share/nav2_demo/hook/cmake_prefix_path.dsv'
[0.770s] INFO:colcon.colcon_core.shell:Creating environment hook '/home/codybui/dev_machine/install/nav2_demo/share/nav2_demo/hook/cmake_prefix_path.sh'
[0.773s] Level 1:colcon.colcon_core.environment:checking '/home/codybui/dev_machine/install/nav2_demo/bin'
[0.773s] Level 1:colcon.colcon_core.environment:checking '/home/codybui/dev_machine/install/nav2_demo/lib/pkgconfig/nav2_demo.pc'
[0.774s] Level 1:colcon.colcon_core.environment:checking '/home/codybui/dev_machine/install/nav2_demo/lib/python3.8/site-packages'
[0.774s] Level 1:colcon.colcon_core.environment:checking '/home/codybui/dev_machine/install/nav2_demo/bin'
[0.776s] INFO:colcon.colcon_core.shell:Creating package script '/home/codybui/dev_machine/install/nav2_demo/share/nav2_demo/package.ps1'
[0.778s] INFO:colcon.colcon_core.shell:Creating package descriptor '/home/codybui/dev_machine/install/nav2_demo/share/nav2_demo/package.dsv'
[0.779s] INFO:colcon.colcon_core.shell:Creating package script '/home/codybui/dev_machine/install/nav2_demo/share/nav2_demo/package.sh'
[0.780s] INFO:colcon.colcon_core.shell:Creating package script '/home/codybui/dev_machine/install/nav2_demo/share/nav2_demo/package.bash'
[0.781s] INFO:colcon.colcon_core.shell:Creating package script '/home/codybui/dev_machine/install/nav2_demo/share/nav2_demo/package.zsh'
[0.782s] Level 1:colcon.colcon_core.environment:create_file_with_runtime_dependencies(/home/codybui/dev_machine/install/nav2_demo/share/colcon-core/packages/nav2_demo)
[0.788s] Level 1:colcon.colcon_core.environment:create_environment_scripts_only(my_package)
[0.790s] Level 1:colcon.colcon_core.environment:checking '/home/codybui/dev_machine/install/my_package' for CMake module files
[0.793s] DEBUG:colcon.colcon_core.event_handler.log_command:Invoked command in '/home/codybui/dev_machine/build/my_package' returned '0': CMAKE_PREFIX_PATH=/opt/ros/foxy /usr/bin/cmake --install /home/codybui/dev_machine/build/my_package
[0.793s] Level 1:colcon.colcon_core.environment:checking '/home/codybui/dev_machine/install/my_package' for CMake config files
[0.793s] Level 1:colcon.colcon_core.shell:create_environment_hook('my_package', 'cmake_prefix_path')
[0.794s] INFO:colcon.colcon_core.shell:Creating environment hook '/home/codybui/dev_machine/install/my_package/share/my_package/hook/cmake_prefix_path.ps1'
[0.795s] INFO:colcon.colcon_core.shell:Creating environment descriptor '/home/codybui/dev_machine/install/my_package/share/my_package/hook/cmake_prefix_path.dsv'
[0.795s] INFO:colcon.colcon_core.shell:Creating environment hook '/home/codybui/dev_machine/install/my_package/share/my_package/hook/cmake_prefix_path.sh'
[0.796s] Level 1:colcon.colcon_core.environment:checking '/home/codybui/dev_machine/install/my_package/bin'
[0.796s] Level 1:colcon.colcon_core.environment:checking '/home/codybui/dev_machine/install/my_package/lib/pkgconfig/my_package.pc'
[0.796s] Level 1:colcon.colcon_core.environment:checking '/home/codybui/dev_machine/install/my_package/lib/python3.8/site-packages'
[0.796s] Level 1:colcon.colcon_core.environment:checking '/home/codybui/dev_machine/install/my_package/bin'
[0.798s] INFO:colcon.colcon_core.shell:Creating package script '/home/codybui/dev_machine/install/my_package/share/my_package/package.ps1'
[0.799s] INFO:colcon.colcon_core.shell:Creating package descriptor '/home/codybui/dev_machine/install/my_package/share/my_package/package.dsv'
[0.800s] INFO:colcon.colcon_core.shell:Creating package script '/home/codybui/dev_machine/install/my_package/share/my_package/package.sh'
[0.800s] INFO:colcon.colcon_core.shell:Creating package script '/home/codybui/dev_machine/install/my_package/share/my_package/package.bash'
[0.800s] INFO:colcon.colcon_core.shell:Creating package script '/home/codybui/dev_machine/install/my_package/share/my_package/package.zsh'
[0.801s] Level 1:colcon.colcon_core.environment:create_file_with_runtime_dependencies(/home/codybui/dev_machine/install/my_package/share/colcon-core/packages/my_package)
[0.807s] Level 1:colcon.colcon_core.environment:create_environment_scripts_only(robot-slam-demo)
[0.814s] Level 1:colcon.colcon_core.environment:checking '/home/codybui/dev_machine/install/robot-slam-demo' for CMake module files
[0.815s] DEBUG:colcon.colcon_core.event_handler.log_command:Invoked command in '/home/codybui/dev_machine/build/robot-slam-demo' returned '0': CMAKE_PREFIX_PATH=/opt/ros/foxy /usr/bin/cmake --install /home/codybui/dev_machine/build/robot-slam-demo
[0.815s] Level 1:colcon.colcon_core.environment:checking '/home/codybui/dev_machine/install/robot-slam-demo' for CMake config files
[0.816s] Level 1:colcon.colcon_core.shell:create_environment_hook('robot-slam-demo', 'cmake_prefix_path')
[0.818s] INFO:colcon.colcon_core.shell:Creating environment hook '/home/codybui/dev_machine/install/robot-slam-demo/share/robot-slam-demo/hook/cmake_prefix_path.ps1'
[0.819s] INFO:colcon.colcon_core.shell:Creating environment descriptor '/home/codybui/dev_machine/install/robot-slam-demo/share/robot-slam-demo/hook/cmake_prefix_path.dsv'
[0.819s] INFO:colcon.colcon_core.shell:Creating environment hook '/home/codybui/dev_machine/install/robot-slam-demo/share/robot-slam-demo/hook/cmake_prefix_path.sh'
[0.820s] Level 1:colcon.colcon_core.environment:checking '/home/codybui/dev_machine/install/robot-slam-demo/bin'
[0.820s] Level 1:colcon.colcon_core.environment:checking '/home/codybui/dev_machine/install/robot-slam-demo/lib/pkgconfig/robot-slam-demo.pc'
[0.820s] Level 1:colcon.colcon_core.environment:checking '/home/codybui/dev_machine/install/robot-slam-demo/lib/python3.8/site-packages'
[0.820s] Level 1:colcon.colcon_core.environment:checking '/home/codybui/dev_machine/install/robot-slam-demo/bin'
[0.822s] INFO:colcon.colcon_core.shell:Creating package script '/home/codybui/dev_machine/install/robot-slam-demo/share/robot-slam-demo/package.ps1'
[0.822s] INFO:colcon.colcon_core.shell:Creating package descriptor '/home/codybui/dev_machine/install/robot-slam-demo/share/robot-slam-demo/package.dsv'
[0.823s] INFO:colcon.colcon_core.shell:Creating package script '/home/codybui/dev_machine/install/robot-slam-demo/share/robot-slam-demo/package.sh'
[0.823s] INFO:colcon.colcon_core.shell:Creating package script '/home/codybui/dev_machine/install/robot-slam-demo/share/robot-slam-demo/package.bash'
[0.823s] INFO:colcon.colcon_core.shell:Creating package script '/home/codybui/dev_machine/install/robot-slam-demo/share/robot-slam-demo/package.zsh'
[0.824s] Level 1:colcon.colcon_core.environment:create_file_with_runtime_dependencies(/home/codybui/dev_machine/install/robot-slam-demo/share/colcon-core/packages/robot-slam-demo)
[0.829s] Level 1:colcon.colcon_core.environment:create_environment_scripts_only(robot-bring-up-dev)
[0.831s] Level 1:colcon.colcon_core.environment:checking '/home/codybui/dev_machine/install/robot-bring-up-dev' for CMake module files
[0.832s] DEBUG:colcon.colcon_core.event_handler.log_command:Invoked command in '/home/codybui/dev_machine/build/robot-bring-up-dev' returned '0': CMAKE_PREFIX_PATH=/opt/ros/foxy /usr/bin/cmake --install /home/codybui/dev_machine/build/robot-bring-up-dev
[0.832s] Level 1:colcon.colcon_core.environment:checking '/home/codybui/dev_machine/install/robot-bring-up-dev' for CMake config files
[0.833s] Level 1:colcon.colcon_core.shell:create_environment_hook('robot-bring-up-dev', 'cmake_prefix_path')
[0.834s] INFO:colcon.colcon_core.shell:Creating environment hook '/home/codybui/dev_machine/install/robot-bring-up-dev/share/robot-bring-up-dev/hook/cmake_prefix_path.ps1'
[0.835s] INFO:colcon.colcon_core.shell:Creating environment descriptor '/home/codybui/dev_machine/install/robot-bring-up-dev/share/robot-bring-up-dev/hook/cmake_prefix_path.dsv'
[0.835s] INFO:colcon.colcon_core.shell:Creating environment hook '/home/codybui/dev_machine/install/robot-bring-up-dev/share/robot-bring-up-dev/hook/cmake_prefix_path.sh'
[0.836s] Level 1:colcon.colcon_core.environment:checking '/home/codybui/dev_machine/install/robot-bring-up-dev/lib'
[0.836s] Level 1:colcon.colcon_core.environment:checking '/home/codybui/dev_machine/install/robot-bring-up-dev/bin'
[0.836s] Level 1:colcon.colcon_core.environment:checking '/home/codybui/dev_machine/install/robot-bring-up-dev/lib/pkgconfig/robot-bring-up-dev.pc'
[0.836s] Level 1:colcon.colcon_core.environment:checking '/home/codybui/dev_machine/install/robot-bring-up-dev/lib/python3.8/site-packages'
[0.836s] Level 1:colcon.colcon_core.shell:create_environment_hook('robot-bring-up-dev', 'pythonpath')
[0.838s] INFO:colcon.colcon_core.shell:Creating environment hook '/home/codybui/dev_machine/install/robot-bring-up-dev/share/robot-bring-up-dev/hook/pythonpath.ps1'
[0.839s] INFO:colcon.colcon_core.shell:Creating environment descriptor '/home/codybui/dev_machine/install/robot-bring-up-dev/share/robot-bring-up-dev/hook/pythonpath.dsv'
[0.840s] INFO:colcon.colcon_core.shell:Creating environment hook '/home/codybui/dev_machine/install/robot-bring-up-dev/share/robot-bring-up-dev/hook/pythonpath.sh'
[0.840s] Level 1:colcon.colcon_core.environment:checking '/home/codybui/dev_machine/install/robot-bring-up-dev/bin'
[0.842s] INFO:colcon.colcon_core.shell:Creating package script '/home/codybui/dev_machine/install/robot-bring-up-dev/share/robot-bring-up-dev/package.ps1'
[0.844s] INFO:colcon.colcon_core.shell:Creating package descriptor '/home/codybui/dev_machine/install/robot-bring-up-dev/share/robot-bring-up-dev/package.dsv'
[0.845s] INFO:colcon.colcon_core.shell:Creating package script '/home/codybui/dev_machine/install/robot-bring-up-dev/share/robot-bring-up-dev/package.sh'
[0.845s] INFO:colcon.colcon_core.shell:Creating package script '/home/codybui/dev_machine/install/robot-bring-up-dev/share/robot-bring-up-dev/package.bash'
[0.846s] INFO:colcon.colcon_core.shell:Creating package script '/home/codybui/dev_machine/install/robot-bring-up-dev/share/robot-bring-up-dev/package.zsh'
[0.848s] Level 1:colcon.colcon_core.environment:create_file_with_runtime_dependencies(/home/codybui/dev_machine/install/robot-bring-up-dev/share/colcon-core/packages/robot-bring-up-dev)
[0.859s] Level 1:colcon.colcon_core.environment:create_environment_scripts_only(nav2_demo)
[0.862s] Level 1:colcon.colcon_core.environment:checking '/home/codybui/dev_machine/install/nav2_demo' for CMake module files
[0.862s] Level 1:colcon.colcon_core.environment:checking '/home/codybui/dev_machine/install/nav2_demo' for CMake config files
[0.863s] Level 1:colcon.colcon_core.shell:create_environment_hook('nav2_demo', 'cmake_prefix_path')
[0.864s] INFO:colcon.colcon_core.shell:Creating environment hook '/home/codybui/dev_machine/install/nav2_demo/share/nav2_demo/hook/cmake_prefix_path.ps1'
[0.864s] INFO:colcon.colcon_core.shell:Creating environment descriptor '/home/codybui/dev_machine/install/nav2_demo/share/nav2_demo/hook/cmake_prefix_path.dsv'
[0.865s] INFO:colcon.colcon_core.shell:Creating environment hook '/home/codybui/dev_machine/install/nav2_demo/share/nav2_demo/hook/cmake_prefix_path.sh'
[0.865s] Level 1:colcon.colcon_core.environment:checking '/home/codybui/dev_machine/install/nav2_demo/bin'
[0.865s] Level 1:colcon.colcon_core.environment:checking '/home/codybui/dev_machine/install/nav2_demo/lib/pkgconfig/nav2_demo.pc'
[0.866s] Level 1:colcon.colcon_core.environment:checking '/home/codybui/dev_machine/install/nav2_demo/lib/python3.8/site-packages'
[0.866s] Level 1:colcon.colcon_core.environment:checking '/home/codybui/dev_machine/install/nav2_demo/bin'
[0.867s] INFO:colcon.colcon_core.shell:Creating package script '/home/codybui/dev_machine/install/nav2_demo/share/nav2_demo/package.ps1'
[0.868s] INFO:colcon.colcon_core.shell:Creating package descriptor '/home/codybui/dev_machine/install/nav2_demo/share/nav2_demo/package.dsv'
[0.869s] INFO:colcon.colcon_core.shell:Creating package script '/home/codybui/dev_machine/install/nav2_demo/share/nav2_demo/package.sh'
[0.869s] INFO:colcon.colcon_core.shell:Creating package script '/home/codybui/dev_machine/install/nav2_demo/share/nav2_demo/package.bash'
[0.869s] INFO:colcon.colcon_core.shell:Creating package script '/home/codybui/dev_machine/install/nav2_demo/share/nav2_demo/package.zsh'
[0.870s] Level 1:colcon.colcon_core.environment:create_file_with_runtime_dependencies(/home/codybui/dev_machine/install/nav2_demo/share/colcon-core/packages/nav2_demo)
[0.872s] Level 1:colcon.colcon_core.environment:create_environment_scripts_only(my_package)
[0.873s] Level 1:colcon.colcon_core.environment:checking '/home/codybui/dev_machine/install/my_package' for CMake module files
[0.874s] Level 1:colcon.colcon_core.environment:checking '/home/codybui/dev_machine/install/my_package' for CMake config files
[0.875s] Level 1:colcon.colcon_core.shell:create_environment_hook('my_package', 'cmake_prefix_path')
[0.877s] INFO:colcon.colcon_core.shell:Creating environment hook '/home/codybui/dev_machine/install/my_package/share/my_package/hook/cmake_prefix_path.ps1'
[0.879s] INFO:colcon.colcon_core.shell:Creating environment descriptor '/home/codybui/dev_machine/install/my_package/share/my_package/hook/cmake_prefix_path.dsv'
[0.879s] INFO:colcon.colcon_core.shell:Creating environment hook '/home/codybui/dev_machine/install/my_package/share/my_package/hook/cmake_prefix_path.sh'
[0.880s] Level 1:colcon.colcon_core.environment:checking '/home/codybui/dev_machine/install/my_package/bin'
[0.881s] Level 1:colcon.colcon_core.environment:checking '/home/codybui/dev_machine/install/my_package/lib/pkgconfig/my_package.pc'
[0.881s] Level 1:colcon.colcon_core.environment:checking '/home/codybui/dev_machine/install/my_package/lib/python3.8/site-packages'
[0.881s] Level 1:colcon.colcon_core.environment:checking '/home/codybui/dev_machine/install/my_package/bin'
[0.885s] INFO:colcon.colcon_core.shell:Creating package script '/home/codybui/dev_machine/install/my_package/share/my_package/package.ps1'
[0.886s] INFO:colcon.colcon_core.shell:Creating package descriptor '/home/codybui/dev_machine/install/my_package/share/my_package/package.dsv'
[0.887s] INFO:colcon.colcon_core.shell:Creating package script '/home/codybui/dev_machine/install/my_package/share/my_package/package.sh'
[0.888s] INFO:colcon.colcon_core.shell:Creating package script '/home/codybui/dev_machine/install/my_package/share/my_package/package.bash'
[0.888s] INFO:colcon.colcon_core.shell:Creating package script '/home/codybui/dev_machine/install/my_package/share/my_package/package.zsh'
[0.889s] Level 1:colcon.colcon_core.environment:create_file_with_runtime_dependencies(/home/codybui/dev_machine/install/my_package/share/colcon-core/packages/my_package)
[0.892s] Level 1:colcon.colcon_core.environment:create_environment_scripts_only(robot-slam-demo)
[0.894s] Level 1:colcon.colcon_core.environment:checking '/home/codybui/dev_machine/install/robot-slam-demo' for CMake module files
[0.895s] Level 1:colcon.colcon_core.environment:checking '/home/codybui/dev_machine/install/robot-slam-demo' for CMake config files
[0.896s] Level 1:colcon.colcon_core.shell:create_environment_hook('robot-slam-demo', 'cmake_prefix_path')
[0.897s] INFO:colcon.colcon_core.shell:Creating environment hook '/home/codybui/dev_machine/install/robot-slam-demo/share/robot-slam-demo/hook/cmake_prefix_path.ps1'
[0.899s] INFO:colcon.colcon_core.shell:Creating environment descriptor '/home/codybui/dev_machine/install/robot-slam-demo/share/robot-slam-demo/hook/cmake_prefix_path.dsv'
[0.900s] INFO:colcon.colcon_core.shell:Creating environment hook '/home/codybui/dev_machine/install/robot-slam-demo/share/robot-slam-demo/hook/cmake_prefix_path.sh'
[0.901s] Level 1:colcon.colcon_core.environment:checking '/home/codybui/dev_machine/install/robot-slam-demo/bin'
[0.901s] Level 1:colcon.colcon_core.environment:checking '/home/codybui/dev_machine/install/robot-slam-demo/lib/pkgconfig/robot-slam-demo.pc'
[0.902s] Level 1:colcon.colcon_core.environment:checking '/home/codybui/dev_machine/install/robot-slam-demo/lib/python3.8/site-packages'
[0.902s] Level 1:colcon.colcon_core.environment:checking '/home/codybui/dev_machine/install/robot-slam-demo/bin'
[0.903s] INFO:colcon.colcon_core.shell:Creating package script '/home/codybui/dev_machine/install/robot-slam-demo/share/robot-slam-demo/package.ps1'
[0.904s] INFO:colcon.colcon_core.shell:Creating package descriptor '/home/codybui/dev_machine/install/robot-slam-demo/share/robot-slam-demo/package.dsv'
[0.905s] INFO:colcon.colcon_core.shell:Creating package script '/home/codybui/dev_machine/install/robot-slam-demo/share/robot-slam-demo/package.sh'
[0.905s] INFO:colcon.colcon_core.shell:Creating package script '/home/codybui/dev_machine/install/robot-slam-demo/share/robot-slam-demo/package.bash'
[0.906s] INFO:colcon.colcon_core.shell:Creating package script '/home/codybui/dev_machine/install/robot-slam-demo/share/robot-slam-demo/package.zsh'
[0.907s] Level 1:colcon.colcon_core.environment:create_file_with_runtime_dependencies(/home/codybui/dev_machine/install/robot-slam-demo/share/colcon-core/packages/robot-slam-demo)
[0.909s] Level 1:colcon.colcon_core.environment:create_environment_scripts_only(robot-bring-up-dev)
[0.911s] Level 1:colcon.colcon_core.environment:checking '/home/codybui/dev_machine/install/robot-bring-up-dev' for CMake module files
[0.912s] Level 1:colcon.colcon_core.environment:checking '/home/codybui/dev_machine/install/robot-bring-up-dev' for CMake config files
[0.913s] Level 1:colcon.colcon_core.shell:create_environment_hook('robot-bring-up-dev', 'cmake_prefix_path')
[0.915s] INFO:colcon.colcon_core.shell:Creating environment hook '/home/codybui/dev_machine/install/robot-bring-up-dev/share/robot-bring-up-dev/hook/cmake_prefix_path.ps1'
[0.916s] INFO:colcon.colcon_core.shell:Creating environment descriptor '/home/codybui/dev_machine/install/robot-bring-up-dev/share/robot-bring-up-dev/hook/cmake_prefix_path.dsv'
[0.917s] INFO:colcon.colcon_core.shell:Creating environment hook '/home/codybui/dev_machine/install/robot-bring-up-dev/share/robot-bring-up-dev/hook/cmake_prefix_path.sh'
[0.919s] Level 1:colcon.colcon_core.environment:checking '/home/codybui/dev_machine/install/robot-bring-up-dev/lib'
[0.919s] Level 1:colcon.colcon_core.environment:checking '/home/codybui/dev_machine/install/robot-bring-up-dev/bin'
[0.919s] Level 1:colcon.colcon_core.environment:checking '/home/codybui/dev_machine/install/robot-bring-up-dev/lib/pkgconfig/robot-bring-up-dev.pc'
[0.919s] Level 1:colcon.colcon_core.environment:checking '/home/codybui/dev_machine/install/robot-bring-up-dev/lib/python3.8/site-packages'
[0.919s] Level 1:colcon.colcon_core.shell:create_environment_hook('robot-bring-up-dev', 'pythonpath')
[0.921s] INFO:colcon.colcon_core.shell:Creating environment hook '/home/codybui/dev_machine/install/robot-bring-up-dev/share/robot-bring-up-dev/hook/pythonpath.ps1'
[0.922s] INFO:colcon.colcon_core.shell:Creating environment descriptor '/home/codybui/dev_machine/install/robot-bring-up-dev/share/robot-bring-up-dev/hook/pythonpath.dsv'
[0.923s] INFO:colcon.colcon_core.shell:Creating environment hook '/home/codybui/dev_machine/install/robot-bring-up-dev/share/robot-bring-up-dev/hook/pythonpath.sh'
[0.924s] Level 1:colcon.colcon_core.environment:checking '/home/codybui/dev_machine/install/robot-bring-up-dev/bin'
[0.926s] INFO:colcon.colcon_core.shell:Creating package script '/home/codybui/dev_machine/install/robot-bring-up-dev/share/robot-bring-up-dev/package.ps1'
[0.927s] INFO:colcon.colcon_core.shell:Creating package descriptor '/home/codybui/dev_machine/install/robot-bring-up-dev/share/robot-bring-up-dev/package.dsv'
[0.928s] INFO:colcon.colcon_core.shell:Creating package script '/home/codybui/dev_machine/install/robot-bring-up-dev/share/robot-bring-up-dev/package.sh'
[0.929s] INFO:colcon.colcon_core.shell:Creating package script '/home/codybui/dev_machine/install/robot-bring-up-dev/share/robot-bring-up-dev/package.bash'
[0.930s] INFO:colcon.colcon_core.shell:Creating package script '/home/codybui/dev_machine/install/robot-bring-up-dev/share/robot-bring-up-dev/package.zsh'
[0.931s] Level 1:colcon.colcon_core.environment:create_file_with_runtime_dependencies(/home/codybui/dev_machine/install/robot-bring-up-dev/share/colcon-core/packages/robot-bring-up-dev)
[0.932s] DEBUG:colcon.colcon_parallel_executor.executor.parallel:closing loop
[0.932s] DEBUG:colcon.colcon_parallel_executor.executor.parallel:loop closed
[0.932s] DEBUG:colcon.colcon_parallel_executor.executor.parallel:run_until_complete finished with '0'
[0.932s] DEBUG:colcon.colcon_core.event_reactor:joining thread
[0.943s] INFO:colcon.colcon_core.plugin_system:Skipping extension 'colcon_notification.desktop_notification.terminal_notifier': Not used on non-Darwin systems
[0.943s] INFO:colcon.colcon_core.plugin_system:Skipping extension 'colcon_notification.desktop_notification.win32': Not used on non-Windows systems
[0.943s] INFO:colcon.colcon_notification.desktop_notification:Sending desktop notification using 'notify2'
[0.975s] DEBUG:colcon.colcon_core.event_reactor:joined thread
[0.980s] INFO:colcon.colcon_core.shell:Creating prefix script '/home/codybui/dev_machine/install/local_setup.ps1'
[0.982s] INFO:colcon.colcon_core.shell:Creating prefix util module '/home/codybui/dev_machine/install/_local_setup_util_ps1.py'
[0.984s] INFO:colcon.colcon_core.shell:Creating prefix chain script '/home/codybui/dev_machine/install/setup.ps1'
[0.987s] INFO:colcon.colcon_core.shell:Creating prefix script '/home/codybui/dev_machine/install/local_setup.sh'
[0.987s] INFO:colcon.colcon_core.shell:Creating prefix util module '/home/codybui/dev_machine/install/_local_setup_util_sh.py'
[0.988s] INFO:colcon.colcon_core.shell:Creating prefix chain script '/home/codybui/dev_machine/install/setup.sh'
[0.989s] INFO:colcon.colcon_core.shell:Creating prefix script '/home/codybui/dev_machine/install/local_setup.bash'
[0.989s] INFO:colcon.colcon_core.shell:Creating prefix chain script '/home/codybui/dev_machine/install/setup.bash'
[0.992s] INFO:colcon.colcon_core.shell:Creating prefix script '/home/codybui/dev_machine/install/local_setup.zsh'
[0.992s] INFO:colcon.colcon_core.shell:Creating prefix chain script '/home/codybui/dev_machine/install/setup.zsh'
